2023-10-20 16:09:39.244 INFO  org.hibernate.validator.internal.util.Version     :21   background-preinit [32m                [0;39m HV000001: Hibernate Validator 8.0.1.Final
2023-10-20 16:09:39.285 INFO  com.example.train.member.config.MemberApplication :51   restartedMain [32m                [0;39m Starting MemberApplication using Java 17.0.4.1 with PID 5668 (D:\new world\Java\train\member\target\classes started by 17926 in D:\new world\Java\train)
2023-10-20 16:09:39.286 INFO  com.example.train.member.config.MemberApplication :637  restartedMain [32m                [0;39m No active profile set, falling back to 1 default profile: "default"
2023-10-20 16:09:39.336 INFO  o.s.b.d.env.DevToolsPropertyDefaultsPostProcessor :250  restartedMain [32m                [0;39m Devtools property defaults active! Set 'spring.devtools.add-properties' to 'false' to disable
2023-10-20 16:09:39.337 INFO  o.s.b.d.env.DevToolsPropertyDefaultsPostProcessor :250  restartedMain [32m                [0;39m For additional web related logging consider setting the 'logging.level.web' property to 'DEBUG'
2023-10-20 16:09:40.243 INFO  o.springframework.cloud.context.scope.GenericScope:282  restartedMain [32m                [0;39m BeanFactory id=dc212a37-efe9-3d75-bccf-eac747f63a10
2023-10-20 16:09:40.879 INFO  o.s.boot.web.embedded.tomcat.TomcatWebServer      :108  restartedMain [32m                [0;39m Tomcat initialized with port(s): 8001 (http)
2023-10-20 16:09:40.891 INFO  org.apache.coyote.http11.Http11NioProtocol        :173  restartedMain [32m                [0;39m Initializing ProtocolHandler ["http-nio-8001"]
2023-10-20 16:09:40.893 INFO  org.apache.catalina.core.StandardService          :173  restartedMain [32m                [0;39m Starting service [Tomcat]
2023-10-20 16:09:40.893 INFO  org.apache.catalina.core.StandardEngine           :173  restartedMain [32m                [0;39m Starting Servlet engine: [Apache Tomcat/10.1.13]
2023-10-20 16:09:40.964 INFO  o.a.c.c.C.[Tomcat].[localhost].[/member]          :173  restartedMain [32m                [0;39m Initializing Spring embedded WebApplicationContext
2023-10-20 16:09:40.964 INFO  o.s.b.w.s.c.ServletWebServerApplicationContext    :291  restartedMain [32m                [0;39m Root WebApplicationContext: initialization completed in 1626 ms
2023-10-20 16:09:41.863 INFO  o.s.b.d.autoconfigure.OptionalLiveReloadServer    :59   restartedMain [32m                [0;39m LiveReload server is running on port 35729
2023-10-20 16:09:42.964 INFO  org.springframework.cloud.commons.util.InetUtils  :170  restartedMain [32m                [0;39m Cannot determine local hostname
2023-10-20 16:09:43.018 INFO  org.apache.coyote.http11.Http11NioProtocol        :173  restartedMain [32m                [0;39m Starting ProtocolHandler ["http-nio-8001"]
2023-10-20 16:09:43.034 INFO  o.s.boot.web.embedded.tomcat.TomcatWebServer      :220  restartedMain [32m                [0;39m Tomcat started on port(s): 8001 (http) with context path '/member'
2023-10-20 16:09:44.127 INFO  org.springframework.cloud.commons.util.InetUtils  :170  restartedMain [32m                [0;39m Cannot determine local hostname
2023-10-20 16:09:44.137 INFO  com.example.train.member.config.MemberApplication :57   restartedMain [32m                [0;39m Started MemberApplication in 6.377 seconds (process running for 7.598)
2023-10-20 16:09:44.140 INFO  com.example.train.member.config.MemberApplication :21   restartedMain [32m                [0;39m 启动成功!!!
2023-10-20 16:09:44.140 INFO  com.example.train.member.config.MemberApplication :22   restartedMain [32m                [0;39m 测试地址:	http://127.0.0.1:8001/member/hello
