2023-11-01 14:07:56.206 INFO  org.hibernate.validator.internal.util.Version     :21   background-preinit [32m                [0;39m HV000001: Hibernate Validator 8.0.1.Final
2023-11-01 14:07:56.233 INFO  com.example.train.member.config.MemberApplication :51   restartedMain [32m                [0;39m Starting MemberApplication using Java 17.0.4.1 with PID 16016 (D:\new world\Java\train\member\target\classes started by 17926 in D:\new world\Java\train)
2023-11-01 14:07:56.234 INFO  com.example.train.member.config.MemberApplication :637  restartedMain [32m                [0;39m No active profile set, falling back to 1 default profile: "default"
2023-11-01 14:07:56.268 INFO  o.s.b.d.env.DevToolsPropertyDefaultsPostProcessor :250  restartedMain [32m                [0;39m Devtools property defaults active! Set 'spring.devtools.add-properties' to 'false' to disable
2023-11-01 14:07:56.270 INFO  o.s.b.d.env.DevToolsPropertyDefaultsPostProcessor :250  restartedMain [32m                [0;39m For additional web related logging consider setting the 'logging.level.web' property to 'DEBUG'
2023-11-01 14:07:56.972 INFO  o.springframework.cloud.context.scope.GenericScope:282  restartedMain [32m                [0;39m BeanFactory id=dc212a37-efe9-3d75-bccf-eac747f63a10
2023-11-01 14:07:57.663 INFO  o.s.boot.web.embedded.tomcat.TomcatWebServer      :108  restartedMain [32m                [0;39m Tomcat initialized with port(s): 8001 (http)
2023-11-01 14:07:57.669 INFO  org.apache.coyote.http11.Http11NioProtocol        :173  restartedMain [32m                [0;39m Initializing ProtocolHandler ["http-nio-8001"]
2023-11-01 14:07:57.670 INFO  org.apache.catalina.core.StandardService          :173  restartedMain [32m                [0;39m Starting service [Tomcat]
2023-11-01 14:07:57.670 INFO  org.apache.catalina.core.StandardEngine           :173  restartedMain [32m                [0;39m Starting Servlet engine: [Apache Tomcat/10.1.13]
2023-11-01 14:07:57.723 INFO  o.a.c.c.C.[Tomcat].[localhost].[/member]          :173  restartedMain [32m                [0;39m Initializing Spring embedded WebApplicationContext
2023-11-01 14:07:57.724 INFO  o.s.b.w.s.c.ServletWebServerApplicationContext    :291  restartedMain [32m                [0;39m Root WebApplicationContext: initialization completed in 1454 ms
2023-11-01 14:07:58.912 WARN  o.s.b.d.autoconfigure.OptionalLiveReloadServer    :62   restartedMain [32m                [0;39m Unable to start LiveReload server
2023-11-01 14:08:00.087 INFO  org.springframework.cloud.commons.util.InetUtils  :170  restartedMain [32m                [0;39m Cannot determine local hostname
2023-11-01 14:08:00.128 INFO  org.apache.coyote.http11.Http11NioProtocol        :173  restartedMain [32m                [0;39m Starting ProtocolHandler ["http-nio-8001"]
2023-11-01 14:08:00.141 INFO  o.s.boot.web.embedded.tomcat.TomcatWebServer      :220  restartedMain [32m                [0;39m Tomcat started on port(s): 8001 (http) with context path '/member'
2023-11-01 14:08:01.225 INFO  org.springframework.cloud.commons.util.InetUtils  :170  restartedMain [32m                [0;39m Cannot determine local hostname
2023-11-01 14:08:01.233 INFO  com.example.train.member.config.MemberApplication :57   restartedMain [32m                [0;39m Started MemberApplication in 6.524 seconds (process running for 7.45)
2023-11-01 14:08:01.236 INFO  com.example.train.member.config.MemberApplication :21   restartedMain [32m                [0;39m å¯åŠ¨æˆåŠŸ!!!
2023-11-01 14:08:01.236 INFO  com.example.train.member.config.MemberApplication :22   restartedMain [32m                [0;39m æµ‹è¯•åœ°å€:	http://127.0.0.1:8001/member/hello
2023-11-01 14:11:03.113 INFO  o.a.c.c.C.[Tomcat].[localhost].[/member]          :173  http-nio-8001-exec-1 [32m                [0;39m Initializing Spring DispatcherServlet 'dispatcherServlet'
2023-11-01 14:11:03.114 INFO  org.springframework.web.servlet.DispatcherServlet :532  http-nio-8001-exec-1 [32m                [0;39m Initializing Servlet 'dispatcherServlet'
2023-11-01 14:11:03.115 INFO  org.springframework.web.servlet.DispatcherServlet :554  http-nio-8001-exec-1 [32m                [0;39m Completed initialization in 1 ms
2023-11-01 14:11:03.251 INFO  com.example.train.common.aspect.LogAspect         :53   http-nio-8001-exec-1 [32m1698819063250ql1[0;39m ------------- å¼€å§‹ -------------
2023-11-01 14:11:03.252 INFO  com.example.train.common.aspect.LogAspect         :54   http-nio-8001-exec-1 [32m1698819063250ql1[0;39m è¯·æ±‚åœ°å€: http://127.0.0.1:8001/member/member/send-code POST
2023-11-01 14:11:03.253 INFO  com.example.train.common.aspect.LogAspect         :55   http-nio-8001-exec-1 [32m1698819063250ql1[0;39m ç±»åæ–¹æ³•: com.example.train.member.controller.MemberController.sendCode
2023-11-01 14:11:03.253 INFO  com.example.train.common.aspect.LogAspect         :56   http-nio-8001-exec-1 [32m1698819063250ql1[0;39m è¿œç¨‹åœ°å€: 127.0.0.1
2023-11-01 14:11:03.330 INFO  com.example.train.common.aspect.LogAspect         :77   http-nio-8001-exec-1 [32m1698819063250ql1[0;39m è¯·æ±‚å‚æ•°: [{"mobile":"14511111111"}]
2023-11-01 14:11:03.420 INFO  com.zaxxer.hikari.HikariDataSource                :110  http-nio-8001-exec-1 [32m1698819063250ql1[0;39m HikariPool-1 - Starting...
2023-11-01 14:11:03.592 INFO  com.zaxxer.hikari.pool.HikariPool                 :565  http-nio-8001-exec-1 [32m1698819063250ql1[0;39m HikariPool-1 - Added connection com.mysql.cj.jdbc.ConnectionImpl@50875aca
2023-11-01 14:11:03.597 INFO  com.zaxxer.hikari.HikariDataSource                :123  http-nio-8001-exec-1 [32m1698819063250ql1[0;39m HikariPool-1 - Start completed.
2023-11-01 14:11:03.607 DEBUG c.e.t.member.mapper.MemberMapper.selectByExample  :135  http-nio-8001-exec-1 [32m1698819063250ql1[0;39m ==>  Preparing: select id, mobile from member WHERE ( mobile = ? )
2023-11-01 14:11:03.635 DEBUG c.e.t.member.mapper.MemberMapper.selectByExample  :135  http-nio-8001-exec-1 [32m1698819063250ql1[0;39m ==> Parameters: 14511111111(String)
2023-11-01 14:11:03.666 TRACE c.e.t.member.mapper.MemberMapper.selectByExample  :141  http-nio-8001-exec-1 [32m1698819063250ql1[0;39m <==    Columns: id, mobile
2023-11-01 14:11:03.667 TRACE c.e.t.member.mapper.MemberMapper.selectByExample  :141  http-nio-8001-exec-1 [32m1698819063250ql1[0;39m <==        Row: 1718964462964314112, 14511111111
2023-11-01 14:11:03.668 DEBUG c.e.t.member.mapper.MemberMapper.selectByExample  :135  http-nio-8001-exec-1 [32m1698819063250ql1[0;39m <==      Total: 1
2023-11-01 14:11:03.686 INFO  com.example.train.member.service.MemberService    :64   http-nio-8001-exec-1 [32m1698819063250ql1[0;39m æ‰‹æœºå·å­˜åœ¨ï¼Œä¸æ’å…¥è®°å½•
2023-11-01 14:11:03.690 INFO  com.example.train.common.aspect.LogAspect         :89   http-nio-8001-exec-1 [32m1698819063250ql1[0;39m è¿”å›žç»“æžœ: {"success":true}
2023-11-01 14:11:03.690 INFO  com.example.train.common.aspect.LogAspect         :90   http-nio-8001-exec-1 [32m1698819063250ql1[0;39m ------------- ç»“æŸ è€—æ—¶ï¼š440 ms -------------
2023-11-01 14:11:03.852 INFO  com.example.train.common.aspect.LogAspect         :53   http-nio-8001-exec-3 [32m1698819063852p8d[0;39m ------------- å¼€å§‹ -------------
2023-11-01 14:11:03.852 INFO  com.example.train.common.aspect.LogAspect         :54   http-nio-8001-exec-3 [32m1698819063852p8d[0;39m è¯·æ±‚åœ°å€: http://127.0.0.1:8001/member/member/send-code POST
2023-11-01 14:11:03.853 INFO  com.example.train.common.aspect.LogAspect         :55   http-nio-8001-exec-3 [32m1698819063852p8d[0;39m ç±»åæ–¹æ³•: com.example.train.member.controller.MemberController.sendCode
2023-11-01 14:11:03.853 INFO  com.example.train.common.aspect.LogAspect         :56   http-nio-8001-exec-3 [32m1698819063852p8d[0;39m è¿œç¨‹åœ°å€: 127.0.0.1
2023-11-01 14:11:03.854 INFO  com.example.train.common.aspect.LogAspect         :77   http-nio-8001-exec-3 [32m1698819063852p8d[0;39m è¯·æ±‚å‚æ•°: [{"mobile":"14511111111"}]
2023-11-01 14:11:03.854 DEBUG c.e.t.member.mapper.MemberMapper.selectByExample  :135  http-nio-8001-exec-3 [32m1698819063852p8d[0;39m ==>  Preparing: select id, mobile from member WHERE ( mobile = ? )
2023-11-01 14:11:03.855 DEBUG c.e.t.member.mapper.MemberMapper.selectByExample  :135  http-nio-8001-exec-3 [32m1698819063852p8d[0;39m ==> Parameters: 14511111111(String)
2023-11-01 14:11:03.856 TRACE c.e.t.member.mapper.MemberMapper.selectByExample  :141  http-nio-8001-exec-3 [32m1698819063852p8d[0;39m <==    Columns: id, mobile
2023-11-01 14:11:03.857 TRACE c.e.t.member.mapper.MemberMapper.selectByExample  :141  http-nio-8001-exec-3 [32m1698819063852p8d[0;39m <==        Row: 1718964462964314112, 14511111111
2023-11-01 14:11:03.857 DEBUG c.e.t.member.mapper.MemberMapper.selectByExample  :135  http-nio-8001-exec-3 [32m1698819063852p8d[0;39m <==      Total: 1
2023-11-01 14:11:03.858 INFO  com.example.train.member.service.MemberService    :64   http-nio-8001-exec-3 [32m1698819063852p8d[0;39m æ‰‹æœºå·å­˜åœ¨ï¼Œä¸æ’å…¥è®°å½•
2023-11-01 14:11:03.858 INFO  com.example.train.common.aspect.LogAspect         :89   http-nio-8001-exec-3 [32m1698819063852p8d[0;39m è¿”å›žç»“æžœ: {"success":true}
2023-11-01 14:11:03.859 INFO  com.example.train.common.aspect.LogAspect         :90   http-nio-8001-exec-3 [32m1698819063852p8d[0;39m ------------- ç»“æŸ è€—æ—¶ï¼š7 ms -------------
2023-11-01 14:11:04.460 INFO  com.example.train.common.aspect.LogAspect         :53   http-nio-8001-exec-2 [32m1698819064460ftz[0;39m ------------- å¼€å§‹ -------------
2023-11-01 14:11:04.460 INFO  com.example.train.common.aspect.LogAspect         :54   http-nio-8001-exec-2 [32m1698819064460ftz[0;39m è¯·æ±‚åœ°å€: http://127.0.0.1:8001/member/member/login POST
2023-11-01 14:11:04.460 INFO  com.example.train.common.aspect.LogAspect         :55   http-nio-8001-exec-2 [32m1698819064460ftz[0;39m ç±»åæ–¹æ³•: com.example.train.member.controller.MemberController.login
2023-11-01 14:11:04.460 INFO  com.example.train.common.aspect.LogAspect         :56   http-nio-8001-exec-2 [32m1698819064460ftz[0;39m è¿œç¨‹åœ°å€: 127.0.0.1
2023-11-01 14:11:04.462 INFO  com.example.train.common.aspect.LogAspect         :77   http-nio-8001-exec-2 [32m1698819064460ftz[0;39m è¯·æ±‚å‚æ•°: [{"code":"8888","mobile":"14511111111"}]
2023-11-01 14:11:04.464 DEBUG c.e.t.member.mapper.MemberMapper.selectByExample  :135  http-nio-8001-exec-2 [32m1698819064460ftz[0;39m ==>  Preparing: select id, mobile from member WHERE ( mobile = ? )
2023-11-01 14:11:04.464 DEBUG c.e.t.member.mapper.MemberMapper.selectByExample  :135  http-nio-8001-exec-2 [32m1698819064460ftz[0;39m ==> Parameters: 14511111111(String)
2023-11-01 14:11:04.465 TRACE c.e.t.member.mapper.MemberMapper.selectByExample  :141  http-nio-8001-exec-2 [32m1698819064460ftz[0;39m <==    Columns: id, mobile
2023-11-01 14:11:04.465 TRACE c.e.t.member.mapper.MemberMapper.selectByExample  :141  http-nio-8001-exec-2 [32m1698819064460ftz[0;39m <==        Row: 1718964462964314112, 14511111111
2023-11-01 14:11:04.466 DEBUG c.e.t.member.mapper.MemberMapper.selectByExample  :135  http-nio-8001-exec-2 [32m1698819064460ftz[0;39m <==      Total: 1
2023-11-01 14:11:05.474 INFO  com.example.train.common.util.JwtUtil             :37   http-nio-8001-exec-2 [32m1698819064460ftz[0;39m ç”ŸæˆJWT tokenï¼šeyJ0eXAiOiJKV1QiLCJhbGciOiJIUzI1NiJ9.eyJuYmYiOjE2OTg4MTkwNjQsIm1vYmlsZSI6IjE0NTExMTExMTExIiwiaWQiOjE3MTg5NjQ0NjI5NjQzMTQxMTIsImV4cCI6MTY5ODkwNTQ2NCwiaWF0IjoxNjk4ODE5MDY0fQ.Kp4qbzY_Yr9pCUnpgyM0J4ut6jfSF8IseKJFnMULqpc
2023-11-01 14:11:05.478 INFO  com.example.train.common.aspect.LogAspect         :89   http-nio-8001-exec-2 [32m1698819064460ftz[0;39m è¿”å›žç»“æžœ: {"content":{"id":1718964462964314112,"mobile":"14511111111","token":"eyJ0eXAiOiJKV1QiLCJhbGciOiJIUzI1NiJ9.eyJuYmYiOjE2OTg4MTkwNjQsIm1vYmlsZSI6IjE0NTExMTExMTExIiwiaWQiOjE3MTg5NjQ0NjI5NjQzMTQxMTIsImV4cCI6MTY5ODkwNTQ2NCwiaWF0IjoxNjk4ODE5MDY0fQ.Kp4qbzY_Yr9pCUnpgyM0J4ut6jfSF8IseKJFnMULqpc"},"success":true}
2023-11-01 14:11:05.478 INFO  com.example.train.common.aspect.LogAspect         :90   http-nio-8001-exec-2 [32m1698819064460ftz[0;39m ------------- ç»“æŸ è€—æ—¶ï¼š1018 ms -------------
2023-11-01 14:11:05.551 INFO  c.e.train.common.interceptor.MemberInterceptor    :30   http-nio-8001-exec-4 [32m1698819065551h6t[0;39m èŽ·å–ä¼šå‘˜ç™»å½•tokenï¼šeyJ0eXAiOiJKV1QiLCJhbGciOiJIUzI1NiJ9.eyJuYmYiOjE2OTg4MTkwNjQsIm1vYmlsZSI6IjE0NTExMTExMTExIiwiaWQiOjE3MTg5NjQ0NjI5NjQzMTQxMTIsImV4cCI6MTY5ODkwNTQ2NCwiaWF0IjoxNjk4ODE5MDY0fQ.Kp4qbzY_Yr9pCUnpgyM0J4ut6jfSF8IseKJFnMULqpc
2023-11-01 14:11:05.563 INFO  com.example.train.common.util.JwtUtil             :55   http-nio-8001-exec-4 [32m1698819065551h6t[0;39m æ ¹æ®tokenèŽ·å–åŽŸå§‹å†…å®¹ï¼š{"mobile":"14511111111","id":1718964462964314112}
2023-11-01 14:11:05.563 INFO  c.e.train.common.interceptor.MemberInterceptor    :32   http-nio-8001-exec-4 [32m1698819065551h6t[0;39m å½“å‰ç™»å½•ä¼šå‘˜ï¼š{"mobile":"14511111111","id":1718964462964314112}
2023-11-01 14:11:05.585 INFO  com.example.train.common.aspect.LogAspect         :53   http-nio-8001-exec-4 [32m1698819065585wdd[0;39m ------------- å¼€å§‹ -------------
2023-11-01 14:11:05.586 INFO  com.example.train.common.aspect.LogAspect         :54   http-nio-8001-exec-4 [32m1698819065585wdd[0;39m è¯·æ±‚åœ°å€: http://127.0.0.1:8001/member/member/login POST
2023-11-01 14:11:05.586 INFO  com.example.train.common.aspect.LogAspect         :55   http-nio-8001-exec-4 [32m1698819065585wdd[0;39m ç±»åæ–¹æ³•: com.example.train.member.controller.MemberController.login
2023-11-01 14:11:05.586 INFO  com.example.train.common.aspect.LogAspect         :56   http-nio-8001-exec-4 [32m1698819065585wdd[0;39m è¿œç¨‹åœ°å€: 127.0.0.1
2023-11-01 14:11:05.586 INFO  com.example.train.common.aspect.LogAspect         :77   http-nio-8001-exec-4 [32m1698819065585wdd[0;39m è¯·æ±‚å‚æ•°: [{"code":"8888","mobile":"14511111111"}]
2023-11-01 14:11:05.588 DEBUG c.e.t.member.mapper.MemberMapper.selectByExample  :135  http-nio-8001-exec-4 [32m1698819065585wdd[0;39m ==>  Preparing: select id, mobile from member WHERE ( mobile = ? )
2023-11-01 14:11:05.588 DEBUG c.e.t.member.mapper.MemberMapper.selectByExample  :135  http-nio-8001-exec-4 [32m1698819065585wdd[0;39m ==> Parameters: 14511111111(String)
2023-11-01 14:11:05.589 TRACE c.e.t.member.mapper.MemberMapper.selectByExample  :141  http-nio-8001-exec-4 [32m1698819065585wdd[0;39m <==    Columns: id, mobile
2023-11-01 14:11:05.590 TRACE c.e.t.member.mapper.MemberMapper.selectByExample  :141  http-nio-8001-exec-4 [32m1698819065585wdd[0;39m <==        Row: 1718964462964314112, 14511111111
2023-11-01 14:11:05.591 DEBUG c.e.t.member.mapper.MemberMapper.selectByExample  :135  http-nio-8001-exec-4 [32m1698819065585wdd[0;39m <==      Total: 1
2023-11-01 14:11:05.592 INFO  com.example.train.common.util.JwtUtil             :37   http-nio-8001-exec-4 [32m1698819065585wdd[0;39m ç”ŸæˆJWT tokenï¼šeyJ0eXAiOiJKV1QiLCJhbGciOiJIUzI1NiJ9.eyJuYmYiOjE2OTg4MTkwNjUsIm1vYmlsZSI6IjE0NTExMTExMTExIiwiaWQiOjE3MTg5NjQ0NjI5NjQzMTQxMTIsImV4cCI6MTY5ODkwNTQ2NSwiaWF0IjoxNjk4ODE5MDY1fQ.34j_4PjfyHvDBdfnZDQzD8ARfFhWbhicxllC1DKlshs
2023-11-01 14:11:05.593 INFO  com.example.train.common.aspect.LogAspect         :89   http-nio-8001-exec-4 [32m1698819065585wdd[0;39m è¿”å›žç»“æžœ: {"content":{"id":1718964462964314112,"mobile":"14511111111","token":"eyJ0eXAiOiJKV1QiLCJhbGciOiJIUzI1NiJ9.eyJuYmYiOjE2OTg4MTkwNjUsIm1vYmlsZSI6IjE0NTExMTExMTExIiwiaWQiOjE3MTg5NjQ0NjI5NjQzMTQxMTIsImV4cCI6MTY5ODkwNTQ2NSwiaWF0IjoxNjk4ODE5MDY1fQ.34j_4PjfyHvDBdfnZDQzD8ARfFhWbhicxllC1DKlshs"},"success":true}
2023-11-01 14:11:05.593 INFO  com.example.train.common.aspect.LogAspect         :90   http-nio-8001-exec-4 [32m1698819065585wdd[0;39m ------------- ç»“æŸ è€—æ—¶ï¼š8 ms -------------
2023-11-01 14:25:37.674 INFO  o.s.b.d.a.LocalDevToolsAutoConfiguration$RestartingClassPathChangeChangedEventListener:211  File Watcher [32m                [0;39m Restarting due to 1 class path change (0 additions, 1 deletion, 0 modifications)
2023-11-01 14:25:37.701 INFO  org.apache.coyote.http11.Http11NioProtocol        :173  Thread-1 [32m                [0;39m Pausing ProtocolHandler ["http-nio-8001"]
2023-11-01 14:25:37.701 INFO  org.apache.catalina.core.StandardService          :173  Thread-1 [32m                [0;39m Stopping service [Tomcat]
2023-11-01 14:25:37.702 INFO  o.a.c.c.C.[Tomcat].[localhost].[/member]          :173  Thread-1 [32m                [0;39m Destroying Spring FrameworkServlet 'dispatcherServlet'
2023-11-01 14:25:37.706 WARN  org.apache.catalina.loader.WebappClassLoaderBase  :173  Thread-1 [32m                [0;39m The web application [member] appears to have started a thread named [HikariPool-1 housekeeper] but has failed to stop it. This is very likely to create a memory leak. Stack trace of thread:
 java.base@17.0.4.1/jdk.internal.misc.Unsafe.park(Native Method)
 java.base@17.0.4.1/java.util.concurrent.locks.LockSupport.parkNanos(LockSupport.java:252)
 java.base@17.0.4.1/java.util.concurrent.locks.AbstractQueuedSynchronizer$ConditionObject.awaitNanos(AbstractQueuedSynchronizer.java:1672)
 java.base@17.0.4.1/java.util.concurrent.ScheduledThreadPoolExecutor$DelayedWorkQueue.take(ScheduledThreadPoolExecutor.java:1182)
 java.base@17.0.4.1/java.util.concurrent.ScheduledThreadPoolExecutor$DelayedWorkQueue.take(ScheduledThreadPoolExecutor.java:899)
 java.base@17.0.4.1/java.util.concurrent.ThreadPoolExecutor.getTask(ThreadPoolExecutor.java:1062)
 java.base@17.0.4.1/java.util.concurrent.ThreadPoolExecutor.runWorker(ThreadPoolExecutor.java:1122)
 java.base@17.0.4.1/java.util.concurrent.ThreadPoolExecutor$Worker.run(ThreadPoolExecutor.java:635)
 java.base@17.0.4.1/java.lang.Thread.run(Thread.java:833)
2023-11-01 14:25:37.708 INFO  org.apache.coyote.http11.Http11NioProtocol        :173  Thread-1 [32m                [0;39m Stopping ProtocolHandler ["http-nio-8001"]
2023-11-01 14:25:37.710 INFO  org.apache.coyote.http11.Http11NioProtocol        :173  Thread-1 [32m                [0;39m Destroying ProtocolHandler ["http-nio-8001"]
2023-11-01 14:25:37.714 INFO  com.zaxxer.hikari.HikariDataSource                :350  Thread-1 [32m                [0;39m HikariPool-1 - Shutdown initiated...
2023-11-01 14:25:37.721 INFO  com.zaxxer.hikari.HikariDataSource                :352  Thread-1 [32m                [0;39m HikariPool-1 - Shutdown completed.
2023-11-01 14:25:38.103 INFO  com.example.train.member.config.MemberApplication :51   restartedMain [32m                [0;39m Starting MemberApplication using Java 17.0.4.1 with PID 16016 (D:\new world\Java\train\member\target\classes started by 17926 in D:\new world\Java\train)
2023-11-01 14:25:38.104 INFO  com.example.train.member.config.MemberApplication :637  restartedMain [32m                [0;39m No active profile set, falling back to 1 default profile: "default"
2023-11-01 14:25:38.615 INFO  o.springframework.cloud.context.scope.GenericScope:282  restartedMain [32m                [0;39m BeanFactory id=dc212a37-efe9-3d75-bccf-eac747f63a10
2023-11-01 14:25:38.780 INFO  o.s.boot.web.embedded.tomcat.TomcatWebServer      :108  restartedMain [32m                [0;39m Tomcat initialized with port(s): 8001 (http)
2023-11-01 14:25:38.781 INFO  org.apache.coyote.http11.Http11NioProtocol        :173  restartedMain [32m                [0;39m Initializing ProtocolHandler ["http-nio-8001"]
2023-11-01 14:25:38.781 INFO  org.apache.catalina.core.StandardService          :173  restartedMain [32m                [0;39m Starting service [Tomcat]
2023-11-01 14:25:38.782 INFO  org.apache.catalina.core.StandardEngine           :173  restartedMain [32m                [0;39m Starting Servlet engine: [Apache Tomcat/10.1.13]
2023-11-01 14:25:38.802 INFO  o.a.c.c.C.[Tomcat].[localhost].[/member]          :173  restartedMain [32m                [0;39m Initializing Spring embedded WebApplicationContext
2023-11-01 14:25:38.802 INFO  o.s.b.w.s.c.ServletWebServerApplicationContext    :291  restartedMain [32m                [0;39m Root WebApplicationContext: initialization completed in 692 ms
2023-11-01 14:25:39.480 WARN  o.s.b.d.autoconfigure.OptionalLiveReloadServer    :62   restartedMain [32m                [0;39m Unable to start LiveReload server
2023-11-01 14:25:39.666 INFO  org.apache.coyote.http11.Http11NioProtocol        :173  restartedMain [32m                [0;39m Starting ProtocolHandler ["http-nio-8001"]
2023-11-01 14:25:39.671 INFO  o.s.boot.web.embedded.tomcat.TomcatWebServer      :220  restartedMain [32m                [0;39m Tomcat started on port(s): 8001 (http) with context path '/member'
2023-11-01 14:25:39.827 INFO  com.example.train.member.config.MemberApplication :57   restartedMain [32m                [0;39m Started MemberApplication in 2.043 seconds (process running for 1066.044)
2023-11-01 14:25:39.831 INFO  o.s.b.d.a.ConditionEvaluationDeltaLoggingListener :63   restartedMain [32m                [0;39m Condition evaluation unchanged
2023-11-01 14:25:39.832 INFO  com.example.train.member.config.MemberApplication :21   restartedMain [32m                [0;39m å¯åŠ¨æˆåŠŸ!!!
2023-11-01 14:25:39.833 INFO  com.example.train.member.config.MemberApplication :22   restartedMain [32m                [0;39m æµ‹è¯•åœ°å€:	http://127.0.0.1:8001/member/hello
2023-11-01 14:25:40.906 INFO  o.s.b.d.a.LocalDevToolsAutoConfiguration$RestartingClassPathChangeChangedEventListener:211  File Watcher [32m                [0;39m Restarting due to 1 class path change (1 addition, 0 deletions, 0 modifications)
2023-11-01 14:25:40.918 INFO  org.apache.coyote.http11.Http11NioProtocol        :173  Thread-7 [32m                [0;39m Pausing ProtocolHandler ["http-nio-8001"]
2023-11-01 14:25:40.918 INFO  org.apache.catalina.core.StandardService          :173  Thread-7 [32m                [0;39m Stopping service [Tomcat]
2023-11-01 14:25:40.919 INFO  org.apache.coyote.http11.Http11NioProtocol        :173  Thread-7 [32m                [0;39m Stopping ProtocolHandler ["http-nio-8001"]
2023-11-01 14:25:40.921 INFO  org.apache.coyote.http11.Http11NioProtocol        :173  Thread-7 [32m                [0;39m Destroying ProtocolHandler ["http-nio-8001"]
2023-11-01 14:25:41.081 INFO  com.example.train.member.config.MemberApplication :51   restartedMain [32m                [0;39m Starting MemberApplication using Java 17.0.4.1 with PID 16016 (D:\new world\Java\train\member\target\classes started by 17926 in D:\new world\Java\train)
2023-11-01 14:25:41.081 INFO  com.example.train.member.config.MemberApplication :637  restartedMain [32m                [0;39m No active profile set, falling back to 1 default profile: "default"
2023-11-01 14:25:41.233 INFO  o.springframework.cloud.context.scope.GenericScope:282  restartedMain [32m                [0;39m BeanFactory id=dc212a37-efe9-3d75-bccf-eac747f63a10
2023-11-01 14:25:41.332 INFO  o.s.boot.web.embedded.tomcat.TomcatWebServer      :108  restartedMain [32m                [0;39m Tomcat initialized with port(s): 8001 (http)
2023-11-01 14:25:41.332 INFO  org.apache.coyote.http11.Http11NioProtocol        :173  restartedMain [32m                [0;39m Initializing ProtocolHandler ["http-nio-8001"]
2023-11-01 14:25:41.332 INFO  org.apache.catalina.core.StandardService          :173  restartedMain [32m                [0;39m Starting service [Tomcat]
2023-11-01 14:25:41.332 INFO  org.apache.catalina.core.StandardEngine           :173  restartedMain [32m                [0;39m Starting Servlet engine: [Apache Tomcat/10.1.13]
2023-11-01 14:25:41.350 INFO  o.a.c.c.C.[Tomcat].[localhost].[/member]          :173  restartedMain [32m                [0;39m Initializing Spring embedded WebApplicationContext
2023-11-01 14:25:41.350 INFO  o.s.b.w.s.c.ServletWebServerApplicationContext    :291  restartedMain [32m                [0;39m Root WebApplicationContext: initialization completed in 267 ms
2023-11-01 14:25:41.940 WARN  o.s.b.d.autoconfigure.OptionalLiveReloadServer    :62   restartedMain [32m                [0;39m Unable to start LiveReload server
2023-11-01 14:25:42.247 INFO  org.apache.coyote.http11.Http11NioProtocol        :173  restartedMain [32m                [0;39m Starting ProtocolHandler ["http-nio-8001"]
2023-11-01 14:25:42.250 INFO  o.s.boot.web.embedded.tomcat.TomcatWebServer      :220  restartedMain [32m                [0;39m Tomcat started on port(s): 8001 (http) with context path '/member'
2023-11-01 14:25:42.489 INFO  com.example.train.member.config.MemberApplication :57   restartedMain [32m                [0;39m Started MemberApplication in 1.52 seconds (process running for 1068.706)
2023-11-01 14:25:42.494 INFO  o.s.b.d.a.ConditionEvaluationDeltaLoggingListener :63   restartedMain [32m                [0;39m Condition evaluation unchanged
2023-11-01 14:25:42.495 INFO  com.example.train.member.config.MemberApplication :21   restartedMain [32m                [0;39m å¯åŠ¨æˆåŠŸ!!!
2023-11-01 14:25:42.495 INFO  com.example.train.member.config.MemberApplication :22   restartedMain [32m                [0;39m æµ‹è¯•åœ°å€:	http://127.0.0.1:8001/member/hello
2023-11-01 14:25:53.015 INFO  o.s.b.d.a.LocalDevToolsAutoConfiguration$RestartingClassPathChangeChangedEventListener:211  File Watcher [32m                [0;39m Restarting due to 1 class path change (0 additions, 0 deletions, 1 modification)
2023-11-01 14:25:53.041 INFO  org.apache.coyote.http11.Http11NioProtocol        :173  Thread-13 [32m                [0;39m Pausing ProtocolHandler ["http-nio-8001"]
2023-11-01 14:25:53.042 INFO  org.apache.catalina.core.StandardService          :173  Thread-13 [32m                [0;39m Stopping service [Tomcat]
2023-11-01 14:25:53.047 INFO  org.apache.coyote.http11.Http11NioProtocol        :173  Thread-13 [32m                [0;39m Stopping ProtocolHandler ["http-nio-8001"]
2023-11-01 14:25:53.049 INFO  org.apache.coyote.http11.Http11NioProtocol        :173  Thread-13 [32m                [0;39m Destroying ProtocolHandler ["http-nio-8001"]
2023-11-01 14:25:53.368 INFO  com.example.train.member.config.MemberApplication :51   restartedMain [32m                [0;39m Starting MemberApplication using Java 17.0.4.1 with PID 16016 (D:\new world\Java\train\member\target\classes started by 17926 in D:\new world\Java\train)
2023-11-01 14:25:53.369 INFO  com.example.train.member.config.MemberApplication :637  restartedMain [32m                [0;39m No active profile set, falling back to 1 default profile: "default"
2023-11-01 14:25:53.681 INFO  o.springframework.cloud.context.scope.GenericScope:282  restartedMain [32m                [0;39m BeanFactory id=dc212a37-efe9-3d75-bccf-eac747f63a10
2023-11-01 14:25:53.891 INFO  o.s.boot.web.embedded.tomcat.TomcatWebServer      :108  restartedMain [32m                [0;39m Tomcat initialized with port(s): 8001 (http)
2023-11-01 14:25:53.891 INFO  org.apache.coyote.http11.Http11NioProtocol        :173  restartedMain [32m                [0;39m Initializing ProtocolHandler ["http-nio-8001"]
2023-11-01 14:25:53.892 INFO  org.apache.catalina.core.StandardService          :173  restartedMain [32m                [0;39m Starting service [Tomcat]
2023-11-01 14:25:53.892 INFO  org.apache.catalina.core.StandardEngine           :173  restartedMain [32m                [0;39m Starting Servlet engine: [Apache Tomcat/10.1.13]
2023-11-01 14:25:53.927 INFO  o.a.c.c.C.[Tomcat].[localhost].[/member]          :173  restartedMain [32m                [0;39m Initializing Spring embedded WebApplicationContext
2023-11-01 14:25:53.927 INFO  o.s.b.w.s.c.ServletWebServerApplicationContext    :291  restartedMain [32m                [0;39m Root WebApplicationContext: initialization completed in 555 ms
2023-11-01 14:25:54.842 WARN  o.s.b.d.autoconfigure.OptionalLiveReloadServer    :62   restartedMain [32m                [0;39m Unable to start LiveReload server
2023-11-01 14:25:54.979 INFO  org.apache.coyote.http11.Http11NioProtocol        :173  restartedMain [32m                [0;39m Starting ProtocolHandler ["http-nio-8001"]
2023-11-01 14:25:54.981 INFO  o.s.boot.web.embedded.tomcat.TomcatWebServer      :220  restartedMain [32m                [0;39m Tomcat started on port(s): 8001 (http) with context path '/member'
2023-11-01 14:25:55.079 INFO  com.example.train.member.config.MemberApplication :57   restartedMain [32m                [0;39m Started MemberApplication in 1.972 seconds (process running for 1081.296)
2023-11-01 14:25:55.081 INFO  o.s.b.d.a.ConditionEvaluationDeltaLoggingListener :63   restartedMain [32m                [0;39m Condition evaluation unchanged
2023-11-01 14:25:55.083 INFO  com.example.train.member.config.MemberApplication :21   restartedMain [32m                [0;39m å¯åŠ¨æˆåŠŸ!!!
2023-11-01 14:25:55.084 INFO  com.example.train.member.config.MemberApplication :22   restartedMain [32m                [0;39m æµ‹è¯•åœ°å€:	http://127.0.0.1:8001/member/hello
2023-11-01 14:33:12.318 INFO  o.a.c.c.C.[Tomcat].[localhost].[/member]          :173  http-nio-8001-exec-1 [32m                [0;39m Initializing Spring DispatcherServlet 'dispatcherServlet'
2023-11-01 14:33:12.319 INFO  org.springframework.web.servlet.DispatcherServlet :532  http-nio-8001-exec-1 [32m                [0;39m Initializing Servlet 'dispatcherServlet'
2023-11-01 14:33:12.321 INFO  org.springframework.web.servlet.DispatcherServlet :554  http-nio-8001-exec-1 [32m                [0;39m Completed initialization in 2 ms
2023-11-01 14:33:12.329 INFO  c.e.train.common.interceptor.MemberInterceptor    :30   http-nio-8001-exec-1 [32m1698820392328ln9[0;39m èŽ·å–ä¼šå‘˜ç™»å½•tokenï¼šeyJ0eXAiOiJKV1QiLCJhbGciOiJIUzI1NiJ9.eyJuYmYiOjE2OTg4MTkwNjUsIm1vYmlsZSI6IjE0NTExMTExMTExIiwiaWQiOjE3MTg5NjQ0NjI5NjQzMTQxMTIsImV4cCI6MTY5ODkwNTQ2NSwiaWF0IjoxNjk4ODE5MDY1fQ.34j_4PjfyHvDBdfnZDQzD8ARfFhWbhicxllC1DKlshs
2023-11-01 14:33:12.333 INFO  com.example.train.common.util.JwtUtil             :55   http-nio-8001-exec-1 [32m1698820392328ln9[0;39m æ ¹æ®tokenèŽ·å–åŽŸå§‹å†…å®¹ï¼š{"mobile":"14511111111","id":1718964462964314112}
2023-11-01 14:33:12.333 INFO  c.e.train.common.interceptor.MemberInterceptor    :32   http-nio-8001-exec-1 [32m1698820392328ln9[0;39m å½“å‰ç™»å½•ä¼šå‘˜ï¼š{"mobile":"14511111111","id":1718964462964314112}
2023-11-01 14:33:12.348 INFO  c.e.train.common.interceptor.MemberInterceptor    :30   http-nio-8001-exec-1 [32m1698820392347zni[0;39m èŽ·å–ä¼šå‘˜ç™»å½•tokenï¼šeyJ0eXAiOiJKV1QiLCJhbGciOiJIUzI1NiJ9.eyJuYmYiOjE2OTg4MTkwNjUsIm1vYmlsZSI6IjE0NTExMTExMTExIiwiaWQiOjE3MTg5NjQ0NjI5NjQzMTQxMTIsImV4cCI6MTY5ODkwNTQ2NSwiaWF0IjoxNjk4ODE5MDY1fQ.34j_4PjfyHvDBdfnZDQzD8ARfFhWbhicxllC1DKlshs
2023-11-01 14:33:12.351 INFO  com.example.train.common.util.JwtUtil             :55   http-nio-8001-exec-1 [32m1698820392347zni[0;39m æ ¹æ®tokenèŽ·å–åŽŸå§‹å†…å®¹ï¼š{"mobile":"14511111111","id":1718964462964314112}
2023-11-01 14:33:12.352 INFO  c.e.train.common.interceptor.MemberInterceptor    :32   http-nio-8001-exec-1 [32m1698820392347zni[0;39m å½“å‰ç™»å½•ä¼šå‘˜ï¼š{"mobile":"14511111111","id":1718964462964314112}
2023-11-01 14:48:59.871 INFO  c.e.train.common.interceptor.MemberInterceptor    :30   http-nio-8001-exec-3 [32m1698821339871h9k[0;39m èŽ·å–ä¼šå‘˜ç™»å½•tokenï¼šeyJ0eXAiOiJKV1QiLCJhbGciOiJIUzI1NiJ9.eyJuYmYiOjE2OTg4MTkwNjUsIm1vYmlsZSI6IjE0NTExMTExMTExIiwiaWQiOjE3MTg5NjQ0NjI5NjQzMTQxMTIsImV4cCI6MTY5ODkwNTQ2NSwiaWF0IjoxNjk4ODE5MDY1fQ.34j_4PjfyHvDBdfnZDQzD8ARfFhWbhicxllC1DKlshs
2023-11-01 14:48:59.873 INFO  com.example.train.common.util.JwtUtil             :55   http-nio-8001-exec-3 [32m1698821339871h9k[0;39m æ ¹æ®tokenèŽ·å–åŽŸå§‹å†…å®¹ï¼š{"mobile":"14511111111","id":1718964462964314112}
2023-11-01 14:48:59.873 INFO  c.e.train.common.interceptor.MemberInterceptor    :32   http-nio-8001-exec-3 [32m1698821339871h9k[0;39m å½“å‰ç™»å½•ä¼šå‘˜ï¼š{"mobile":"14511111111","id":1718964462964314112}
2023-11-01 14:48:59.877 INFO  com.example.train.common.aspect.LogAspect         :53   http-nio-8001-exec-3 [32m1698821339876o9z[0;39m ------------- å¼€å§‹ -------------
2023-11-01 14:48:59.878 INFO  com.example.train.common.aspect.LogAspect         :54   http-nio-8001-exec-3 [32m1698821339876o9z[0;39m è¯·æ±‚åœ°å€: http://127.0.0.1:8001/member/passenger/query-mine GET
2023-11-01 14:48:59.879 INFO  com.example.train.common.aspect.LogAspect         :55   http-nio-8001-exec-3 [32m1698821339876o9z[0;39m ç±»åæ–¹æ³•: com.example.train.member.controller.PassengerController.queryMine
2023-11-01 14:48:59.879 INFO  com.example.train.common.aspect.LogAspect         :56   http-nio-8001-exec-3 [32m1698821339876o9z[0;39m è¿œç¨‹åœ°å€: 127.0.0.1
2023-11-01 14:48:59.881 INFO  com.example.train.common.aspect.LogAspect         :77   http-nio-8001-exec-3 [32m1698821339876o9z[0;39m è¯·æ±‚å‚æ•°: []
2023-11-01 14:48:59.891 INFO  com.zaxxer.hikari.HikariDataSource                :110  http-nio-8001-exec-3 [32m1698821339876o9z[0;39m HikariPool-2 - Starting...
2023-11-01 14:48:59.901 INFO  com.zaxxer.hikari.pool.HikariPool                 :565  http-nio-8001-exec-3 [32m1698821339876o9z[0;39m HikariPool-2 - Added connection com.mysql.cj.jdbc.ConnectionImpl@100698c5
2023-11-01 14:48:59.901 INFO  com.zaxxer.hikari.HikariDataSource                :123  http-nio-8001-exec-3 [32m1698821339876o9z[0;39m HikariPool-2 - Start completed.
2023-11-01 14:48:59.902 DEBUG c.e.t.m.mapper.PassengerMapper.selectByExample    :135  http-nio-8001-exec-3 [32m1698821339876o9z[0;39m ==>  Preparing: select id, member_id, `name`, id_card, `type`, create_time, update_time from passenger WHERE ( member_id = ? ) order by name asc
2023-11-01 14:48:59.902 DEBUG c.e.t.m.mapper.PassengerMapper.selectByExample    :135  http-nio-8001-exec-3 [32m1698821339876o9z[0;39m ==> Parameters: 1718964462964314112(Long)
2023-11-01 14:48:59.907 TRACE c.e.t.m.mapper.PassengerMapper.selectByExample    :141  http-nio-8001-exec-3 [32m1698821339876o9z[0;39m <==    Columns: id, member_id, name, id_card, type, create_time, update_time
2023-11-01 14:48:59.911 TRACE c.e.t.m.mapper.PassengerMapper.selectByExample    :141  http-nio-8001-exec-3 [32m1698821339876o9z[0;39m <==        Row: 1718964698369626112, 1718964462964314112, alice, 430181200001011111, 1, 2023-10-30 20:14:55, 2023-10-30 20:57:16.278
2023-11-01 14:48:59.912 TRACE c.e.t.m.mapper.PassengerMapper.selectByExample    :141  http-nio-8001-exec-3 [32m1698821339876o9z[0;39m <==        Row: 1719250569748680704, 1718964462964314112, bob, 430181200001021234, 1, 2023-10-31 15:10:52.610, 2023-10-31 15:10:52.610
2023-11-01 14:48:59.914 DEBUG c.e.t.m.mapper.PassengerMapper.selectByExample    :135  http-nio-8001-exec-3 [32m1698821339876o9z[0;39m <==      Total: 2
2023-11-01 14:48:59.926 INFO  com.example.train.common.aspect.LogAspect         :89   http-nio-8001-exec-3 [32m1698821339876o9z[0;39m è¿”å›žç»“æžœ: {"content":[{"createTime":1698668095000,"id":1718964698369626112,"idCard":"430181200001011111","memberId":1718964462964314112,"name":"alice","type":"1","updateTime":1698670636278},{"createTime":1698736252610,"id":1719250569748680704,"idCard":"430181200001021234","memberId":1718964462964314112,"name":"bob","type":"1","updateTime":1698736252610}],"success":true}
2023-11-01 14:48:59.927 INFO  com.example.train.common.aspect.LogAspect         :90   http-nio-8001-exec-3 [32m1698821339876o9z[0;39m ------------- ç»“æŸ è€—æ—¶ï¼š52 ms -------------
2023-11-01 15:03:06.884 INFO  o.s.b.d.a.LocalDevToolsAutoConfiguration$RestartingClassPathChangeChangedEventListener:211  File Watcher [32m                [0;39m Restarting due to 42 class path changes (0 additions, 40 deletions, 2 modifications)
2023-11-01 15:03:06.910 INFO  org.apache.coyote.http11.Http11NioProtocol        :173  Thread-19 [32m                [0;39m Pausing ProtocolHandler ["http-nio-8001"]
2023-11-01 15:03:06.911 INFO  org.apache.catalina.core.StandardService          :173  Thread-19 [32m                [0;39m Stopping service [Tomcat]
2023-11-01 15:03:06.911 INFO  o.a.c.c.C.[Tomcat].[localhost].[/member]          :173  Thread-19 [32m                [0;39m Destroying Spring FrameworkServlet 'dispatcherServlet'
2023-11-01 15:03:06.916 WARN  org.apache.catalina.loader.WebappClassLoaderBase  :173  Thread-19 [32m                [0;39m The web application [member] appears to have started a thread named [HikariPool-2 housekeeper] but has failed to stop it. This is very likely to create a memory leak. Stack trace of thread:
 java.base@17.0.4.1/jdk.internal.misc.Unsafe.park(Native Method)
 java.base@17.0.4.1/java.util.concurrent.locks.LockSupport.parkNanos(LockSupport.java:252)
 java.base@17.0.4.1/java.util.concurrent.locks.AbstractQueuedSynchronizer$ConditionObject.awaitNanos(AbstractQueuedSynchronizer.java:1672)
 java.base@17.0.4.1/java.util.concurrent.ScheduledThreadPoolExecutor$DelayedWorkQueue.take(ScheduledThreadPoolExecutor.java:1182)
 java.base@17.0.4.1/java.util.concurrent.ScheduledThreadPoolExecutor$DelayedWorkQueue.take(ScheduledThreadPoolExecutor.java:899)
 java.base@17.0.4.1/java.util.concurrent.ThreadPoolExecutor.getTask(ThreadPoolExecutor.java:1062)
 java.base@17.0.4.1/java.util.concurrent.ThreadPoolExecutor.runWorker(ThreadPoolExecutor.java:1122)
 java.base@17.0.4.1/java.util.concurrent.ThreadPoolExecutor$Worker.run(ThreadPoolExecutor.java:635)
 java.base@17.0.4.1/java.lang.Thread.run(Thread.java:833)
2023-11-01 15:03:06.917 INFO  org.apache.coyote.http11.Http11NioProtocol        :173  Thread-19 [32m                [0;39m Stopping ProtocolHandler ["http-nio-8001"]
2023-11-01 15:03:06.926 INFO  org.apache.coyote.http11.Http11NioProtocol        :173  Thread-19 [32m                [0;39m Destroying ProtocolHandler ["http-nio-8001"]
2023-11-01 15:03:06.936 INFO  com.zaxxer.hikari.HikariDataSource                :350  Thread-19 [32m                [0;39m HikariPool-2 - Shutdown initiated...
2023-11-01 15:03:07.056 INFO  com.zaxxer.hikari.HikariDataSource                :352  Thread-19 [32m                [0;39m HikariPool-2 - Shutdown completed.
2023-11-01 15:03:07.608 INFO  com.example.train.member.config.MemberApplication :51   restartedMain [32m                [0;39m Starting MemberApplication using Java 17.0.4.1 with PID 16016 (D:\new world\Java\train\member\target\classes started by 17926 in D:\new world\Java\train)
2023-11-01 15:03:07.608 INFO  com.example.train.member.config.MemberApplication :637  restartedMain [32m                [0;39m No active profile set, falling back to 1 default profile: "default"
2023-11-01 15:03:08.002 WARN  org.mybatis.spring.mapper.ClassPathMapperScanner  :44   restartedMain [32m                [0;39m No MyBatis mapper was found in '[com.example.train.member.mapper]' package. Please check your configuration.
2023-11-01 15:03:08.007 INFO  o.springframework.cloud.context.scope.GenericScope:282  restartedMain [32m                [0;39m BeanFactory id=71a10c9d-3a84-3c92-971d-e79e3dd50625
2023-11-01 15:03:08.079 INFO  o.s.boot.web.embedded.tomcat.TomcatWebServer      :108  restartedMain [32m                [0;39m Tomcat initialized with port(s): 8001 (http)
2023-11-01 15:03:08.080 INFO  org.apache.coyote.http11.Http11NioProtocol        :173  restartedMain [32m                [0;39m Initializing ProtocolHandler ["http-nio-8001"]
2023-11-01 15:03:08.080 INFO  org.apache.catalina.core.StandardService          :173  restartedMain [32m                [0;39m Starting service [Tomcat]
2023-11-01 15:03:08.080 INFO  org.apache.catalina.core.StandardEngine           :173  restartedMain [32m                [0;39m Starting Servlet engine: [Apache Tomcat/10.1.13]
2023-11-01 15:03:08.099 INFO  o.a.c.c.C.[Tomcat].[localhost].[/member]          :173  restartedMain [32m                [0;39m Initializing Spring embedded WebApplicationContext
2023-11-01 15:03:08.100 INFO  o.s.b.w.s.c.ServletWebServerApplicationContext    :291  restartedMain [32m                [0;39m Root WebApplicationContext: initialization completed in 489 ms
2023-11-01 15:03:08.249 WARN  o.s.b.w.s.c.AnnotationConfigServletWebServerApplicationContext:616  restartedMain [32m                [0;39m Exception encountered during context initialization - cancelling refresh attempt: org.springframework.beans.factory.BeanCreationException: Error creating bean with name 'sqlSessionFactory' defined in class path resource [org/mybatis/spring/boot/autoconfigure/MybatisAutoConfiguration.class]: Failed to instantiate [org.apache.ibatis.session.SqlSessionFactory]: Factory method 'sqlSessionFactory' threw exception with message: Failed to parse mapping resource: 'file [D:\new world\Java\train\member\target\classes\mapper\MemberMapper.xml]'
2023-11-01 15:03:08.250 INFO  org.apache.catalina.core.StandardService          :173  restartedMain [32m                [0;39m Stopping service [Tomcat]
2023-11-01 15:03:08.258 INFO  o.s.b.a.logging.ConditionEvaluationReportLogger   :82   restartedMain [32m                [0;39m 

Error starting ApplicationContext. To display the condition evaluation report re-run your application with 'debug' enabled.
2023-11-01 15:03:08.274 ERROR org.springframework.boot.SpringApplication        :827  restartedMain [32m                [0;39m Application run failed
org.springframework.beans.factory.BeanCreationException: Error creating bean with name 'sqlSessionFactory' defined in class path resource [org/mybatis/spring/boot/autoconfigure/MybatisAutoConfiguration.class]: Failed to instantiate [org.apache.ibatis.session.SqlSessionFactory]: Factory method 'sqlSessionFactory' threw exception with message: Failed to parse mapping resource: 'file [D:\new world\Java\train\member\target\classes\mapper\MemberMapper.xml]'
	at org.springframework.beans.factory.support.ConstructorResolver.instantiate(ConstructorResolver.java:654)
	at org.springframework.beans.factory.support.ConstructorResolver.instantiateUsingFactoryMethod(ConstructorResolver.java:642)
	at org.springframework.beans.factory.support.AbstractAutowireCapableBeanFactory.instantiateUsingFactoryMethod(AbstractAutowireCapableBeanFactory.java:1332)
	at org.springframework.beans.factory.support.AbstractAutowireCapableBeanFactory.createBeanInstance(AbstractAutowireCapableBeanFactory.java:1162)
	at org.springframework.beans.factory.support.AbstractAutowireCapableBeanFactory.doCreateBean(AbstractAutowireCapableBeanFactory.java:560)
	at org.springframework.beans.factory.support.AbstractAutowireCapableBeanFactory.createBean(AbstractAutowireCapableBeanFactory.java:520)
	at org.springframework.beans.factory.support.AbstractBeanFactory.lambda$doGetBean$0(AbstractBeanFactory.java:325)
	at org.springframework.beans.factory.support.DefaultSingletonBeanRegistry.getSingleton(DefaultSingletonBeanRegistry.java:234)
	at org.springframework.beans.factory.support.AbstractBeanFactory.doGetBean(AbstractBeanFactory.java:323)
	at org.springframework.beans.factory.support.AbstractBeanFactory.getBean(AbstractBeanFactory.java:199)
	at org.springframework.beans.factory.support.DefaultListableBeanFactory.preInstantiateSingletons(DefaultListableBeanFactory.java:973)
	at org.springframework.context.support.AbstractApplicationContext.finishBeanFactoryInitialization(AbstractApplicationContext.java:942)
	at org.springframework.context.support.AbstractApplicationContext.refresh(AbstractApplicationContext.java:608)
	at org.springframework.boot.web.servlet.context.ServletWebServerApplicationContext.refresh(ServletWebServerApplicationContext.java:146)
	at org.springframework.boot.SpringApplication.refresh(SpringApplication.java:737)
	at org.springframework.boot.SpringApplication.refreshContext(SpringApplication.java:439)
	at org.springframework.boot.SpringApplication.run(SpringApplication.java:315)
	at com.example.train.member.config.MemberApplication.main(MemberApplication.java:20)
	at java.base/jdk.internal.reflect.NativeMethodAccessorImpl.invoke0(Native Method)
	at java.base/jdk.internal.reflect.NativeMethodAccessorImpl.invoke(NativeMethodAccessorImpl.java:77)
	at java.base/jdk.internal.reflect.DelegatingMethodAccessorImpl.invoke(DelegatingMethodAccessorImpl.java:43)
	at java.base/java.lang.reflect.Method.invoke(Method.java:568)
	at org.springframework.boot.devtools.restart.RestartLauncher.run(RestartLauncher.java:50)
Caused by: org.springframework.beans.BeanInstantiationException: Failed to instantiate [org.apache.ibatis.session.SqlSessionFactory]: Factory method 'sqlSessionFactory' threw exception with message: Failed to parse mapping resource: 'file [D:\new world\Java\train\member\target\classes\mapper\MemberMapper.xml]'
	at org.springframework.beans.factory.support.SimpleInstantiationStrategy.instantiate(SimpleInstantiationStrategy.java:171)
	at org.springframework.beans.factory.support.ConstructorResolver.instantiate(ConstructorResolver.java:650)
	... 22 common frames omitted
Caused by: java.io.IOException: Failed to parse mapping resource: 'file [D:\new world\Java\train\member\target\classes\mapper\MemberMapper.xml]'
	at org.mybatis.spring.SqlSessionFactoryBean.buildSqlSessionFactory(SqlSessionFactoryBean.java:700)
	at org.mybatis.spring.SqlSessionFactoryBean.afterPropertiesSet(SqlSessionFactoryBean.java:577)
	at org.mybatis.spring.SqlSessionFactoryBean.getObject(SqlSessionFactoryBean.java:720)
	at org.mybatis.spring.boot.autoconfigure.MybatisAutoConfiguration.sqlSessionFactory(MybatisAutoConfiguration.java:187)
	at org.mybatis.spring.boot.autoconfigure.MybatisAutoConfiguration$$SpringCGLIB$$0.CGLIB$sqlSessionFactory$2(<generated>)
	at org.mybatis.spring.boot.autoconfigure.MybatisAutoConfiguration$$SpringCGLIB$$2.invoke(<generated>)
	at org.springframework.cglib.proxy.MethodProxy.invokeSuper(MethodProxy.java:258)
	at org.springframework.context.annotation.ConfigurationClassEnhancer$BeanMethodInterceptor.intercept(ConfigurationClassEnhancer.java:331)
	at org.mybatis.spring.boot.autoconfigure.MybatisAutoConfiguration$$SpringCGLIB$$0.sqlSessionFactory(<generated>)
	at java.base/jdk.internal.reflect.NativeMethodAccessorImpl.invoke0(Native Method)
	at java.base/jdk.internal.reflect.NativeMethodAccessorImpl.invoke(NativeMethodAccessorImpl.java:77)
	at java.base/jdk.internal.reflect.DelegatingMethodAccessorImpl.invoke(DelegatingMethodAccessorImpl.java:43)
	at java.base/java.lang.reflect.Method.invoke(Method.java:568)
	at org.springframework.beans.factory.support.SimpleInstantiationStrategy.instantiate(SimpleInstantiationStrategy.java:139)
	... 23 common frames omitted
Caused by: org.apache.ibatis.builder.BuilderException: Error parsing Mapper XML. The XML location is 'file [D:\new world\Java\train\member\target\classes\mapper\MemberMapper.xml]'. Cause: org.apache.ibatis.builder.BuilderException: Error resolving class. Cause: org.apache.ibatis.type.TypeException: Could not resolve type alias 'com.example.train.member.domain.Member'.  Cause: java.lang.ClassNotFoundException: Cannot find class: com.example.train.member.domain.Member
	at org.apache.ibatis.builder.xml.XMLMapperBuilder.configurationElement(XMLMapperBuilder.java:128)
	at org.apache.ibatis.builder.xml.XMLMapperBuilder.parse(XMLMapperBuilder.java:100)
	at org.mybatis.spring.SqlSessionFactoryBean.buildSqlSessionFactory(SqlSessionFactoryBean.java:698)
	... 36 common frames omitted
Caused by: org.apache.ibatis.builder.BuilderException: Error resolving class. Cause: org.apache.ibatis.type.TypeException: Could not resolve type alias 'com.example.train.member.domain.Member'.  Cause: java.lang.ClassNotFoundException: Cannot find class: com.example.train.member.domain.Member
	at org.apache.ibatis.builder.BaseBuilder.resolveClass(BaseBuilder.java:118)
	at org.apache.ibatis.builder.xml.XMLMapperBuilder.resultMapElement(XMLMapperBuilder.java:270)
	at org.apache.ibatis.builder.xml.XMLMapperBuilder.resultMapElement(XMLMapperBuilder.java:262)
	at org.apache.ibatis.builder.xml.XMLMapperBuilder.resultMapElements(XMLMapperBuilder.java:254)
	at org.apache.ibatis.builder.xml.XMLMapperBuilder.configurationElement(XMLMapperBuilder.java:124)
	... 38 common frames omitted
Caused by: org.apache.ibatis.type.TypeException: Could not resolve type alias 'com.example.train.member.domain.Member'.  Cause: java.lang.ClassNotFoundException: Cannot find class: com.example.train.member.domain.Member
	at org.apache.ibatis.type.TypeAliasRegistry.resolveAlias(TypeAliasRegistry.java:128)
	at org.apache.ibatis.builder.BaseBuilder.resolveAlias(BaseBuilder.java:150)
	at org.apache.ibatis.builder.BaseBuilder.resolveClass(BaseBuilder.java:116)
	... 42 common frames omitted
Caused by: java.lang.ClassNotFoundException: Cannot find class: com.example.train.member.domain.Member
	at org.apache.ibatis.io.ClassLoaderWrapper.classForName(ClassLoaderWrapper.java:226)
	at org.apache.ibatis.io.ClassLoaderWrapper.classForName(ClassLoaderWrapper.java:103)
	at org.apache.ibatis.io.Resources.classForName(Resources.java:322)
	at org.apache.ibatis.type.TypeAliasRegistry.resolveAlias(TypeAliasRegistry.java:124)
	... 44 common frames omitted
2023-11-01 15:03:11.772 INFO  com.example.train.member.config.MemberApplication :51   restartedMain [32m                [0;39m Starting MemberApplication using Java 17.0.4.1 with PID 16016 (D:\new world\Java\train\member\target\classes started by 17926 in D:\new world\Java\train)
2023-11-01 15:03:11.772 INFO  com.example.train.member.config.MemberApplication :637  restartedMain [32m                [0;39m No active profile set, falling back to 1 default profile: "default"
2023-11-01 15:03:12.186 INFO  o.springframework.cloud.context.scope.GenericScope:282  restartedMain [32m                [0;39m BeanFactory id=dc212a37-efe9-3d75-bccf-eac747f63a10
2023-11-01 15:03:12.308 INFO  o.s.boot.web.embedded.tomcat.TomcatWebServer      :108  restartedMain [32m                [0;39m Tomcat initialized with port(s): 8001 (http)
2023-11-01 15:03:12.309 INFO  org.apache.coyote.http11.Http11NioProtocol        :173  restartedMain [32m                [0;39m Initializing ProtocolHandler ["http-nio-8001"]
2023-11-01 15:03:12.310 INFO  org.apache.catalina.core.StandardService          :173  restartedMain [32m                [0;39m Starting service [Tomcat]
2023-11-01 15:03:12.310 INFO  org.apache.catalina.core.StandardEngine           :173  restartedMain [32m                [0;39m Starting Servlet engine: [Apache Tomcat/10.1.13]
2023-11-01 15:03:12.329 INFO  o.a.c.c.C.[Tomcat-1].[localhost].[/member]        :173  restartedMain [32m                [0;39m Initializing Spring embedded WebApplicationContext
2023-11-01 15:03:12.329 INFO  o.s.b.w.s.c.ServletWebServerApplicationContext    :291  restartedMain [32m                [0;39m Root WebApplicationContext: initialization completed in 548 ms
2023-11-01 15:03:13.033 WARN  o.s.b.d.autoconfigure.OptionalLiveReloadServer    :62   restartedMain [32m                [0;39m Unable to start LiveReload server
2023-11-01 15:03:13.255 INFO  org.apache.coyote.http11.Http11NioProtocol        :173  restartedMain [32m                [0;39m Starting ProtocolHandler ["http-nio-8001"]
2023-11-01 15:03:13.260 INFO  o.s.boot.web.embedded.tomcat.TomcatWebServer      :220  restartedMain [32m                [0;39m Tomcat started on port(s): 8001 (http) with context path '/member'
2023-11-01 15:03:13.396 INFO  com.example.train.member.config.MemberApplication :57   restartedMain [32m                [0;39m Started MemberApplication in 1.822 seconds (process running for 3319.613)
2023-11-01 15:03:13.398 INFO  o.s.b.d.a.ConditionEvaluationDeltaLoggingListener :63   restartedMain [32m                [0;39m Condition evaluation unchanged
2023-11-01 15:03:13.399 INFO  com.example.train.member.config.MemberApplication :21   restartedMain [32m                [0;39m å¯åŠ¨æˆåŠŸ!!!
2023-11-01 15:03:13.399 INFO  com.example.train.member.config.MemberApplication :22   restartedMain [32m                [0;39m æµ‹è¯•åœ°å€:	http://127.0.0.1:8001/member/hello
2023-11-01 20:38:26.737 INFO  org.hibernate.validator.internal.util.Version     :21   background-preinit [32m                [0;39m HV000001: Hibernate Validator 8.0.1.Final
2023-11-01 20:38:26.785 INFO  com.example.train.member.config.MemberApplication :51   restartedMain [32m                [0;39m Starting MemberApplication using Java 17.0.4.1 with PID 15584 (D:\new world\Java\train\member\target\classes started by 17926 in D:\new world\Java\train)
2023-11-01 20:38:26.786 INFO  com.example.train.member.config.MemberApplication :637  restartedMain [32m                [0;39m No active profile set, falling back to 1 default profile: "default"
2023-11-01 20:38:26.855 INFO  o.s.b.d.env.DevToolsPropertyDefaultsPostProcessor :250  restartedMain [32m                [0;39m Devtools property defaults active! Set 'spring.devtools.add-properties' to 'false' to disable
2023-11-01 20:38:26.855 INFO  o.s.b.d.env.DevToolsPropertyDefaultsPostProcessor :250  restartedMain [32m                [0;39m For additional web related logging consider setting the 'logging.level.web' property to 'DEBUG'
2023-11-01 20:38:28.024 INFO  o.springframework.cloud.context.scope.GenericScope:282  restartedMain [32m                [0;39m BeanFactory id=dc212a37-efe9-3d75-bccf-eac747f63a10
2023-11-01 20:38:28.953 INFO  o.s.boot.web.embedded.tomcat.TomcatWebServer      :108  restartedMain [32m                [0;39m Tomcat initialized with port(s): 8001 (http)
2023-11-01 20:38:28.962 INFO  org.apache.coyote.http11.Http11NioProtocol        :173  restartedMain [32m                [0;39m Initializing ProtocolHandler ["http-nio-8001"]
2023-11-01 20:38:28.966 INFO  org.apache.catalina.core.StandardService          :173  restartedMain [32m                [0;39m Starting service [Tomcat]
2023-11-01 20:38:28.966 INFO  org.apache.catalina.core.StandardEngine           :173  restartedMain [32m                [0;39m Starting Servlet engine: [Apache Tomcat/10.1.13]
2023-11-01 20:38:29.056 INFO  o.a.c.c.C.[Tomcat].[localhost].[/member]          :173  restartedMain [32m                [0;39m Initializing Spring embedded WebApplicationContext
2023-11-01 20:38:29.057 INFO  o.s.b.w.s.c.ServletWebServerApplicationContext    :291  restartedMain [32m                [0;39m Root WebApplicationContext: initialization completed in 2201 ms
2023-11-01 20:38:30.725 INFO  o.s.b.d.autoconfigure.OptionalLiveReloadServer    :59   restartedMain [32m                [0;39m LiveReload server is running on port 35729
2023-11-01 20:38:30.973 INFO  org.apache.coyote.http11.Http11NioProtocol        :173  restartedMain [32m                [0;39m Starting ProtocolHandler ["http-nio-8001"]
2023-11-01 20:38:30.994 INFO  o.s.boot.web.embedded.tomcat.TomcatWebServer      :220  restartedMain [32m                [0;39m Tomcat started on port(s): 8001 (http) with context path '/member'
2023-11-01 20:38:31.345 INFO  com.example.train.member.config.MemberApplication :57   restartedMain [32m                [0;39m Started MemberApplication in 5.201 seconds (process running for 6.537)
2023-11-01 20:38:31.355 INFO  com.example.train.member.config.MemberApplication :21   restartedMain [32m                [0;39m å¯åŠ¨æˆåŠŸ!!!
2023-11-01 20:38:31.356 INFO  com.example.train.member.config.MemberApplication :22   restartedMain [32m                [0;39m æµ‹è¯•åœ°å€:	http://127.0.0.1:8001/member/hello
