2023-11-01 14:07:56.206 INFO  org.hibernate.validator.internal.util.Version     :21   background-preinit [32m                [0;39m HV000001: Hibernate Validator 8.0.1.Final
2023-11-01 14:07:56.233 INFO  com.example.train.member.config.MemberApplication :51   restartedMain [32m                [0;39m Starting MemberApplication using Java 17.0.4.1 with PID 16016 (D:\new world\Java\train\member\target\classes started by 17926 in D:\new world\Java\train)
2023-11-01 14:07:56.234 INFO  com.example.train.member.config.MemberApplication :637  restartedMain [32m                [0;39m No active profile set, falling back to 1 default profile: "default"
2023-11-01 14:07:56.268 INFO  o.s.b.d.env.DevToolsPropertyDefaultsPostProcessor :250  restartedMain [32m                [0;39m Devtools property defaults active! Set 'spring.devtools.add-properties' to 'false' to disable
2023-11-01 14:07:56.270 INFO  o.s.b.d.env.DevToolsPropertyDefaultsPostProcessor :250  restartedMain [32m                [0;39m For additional web related logging consider setting the 'logging.level.web' property to 'DEBUG'
2023-11-01 14:07:56.972 INFO  o.springframework.cloud.context.scope.GenericScope:282  restartedMain [32m                [0;39m BeanFactory id=dc212a37-efe9-3d75-bccf-eac747f63a10
2023-11-01 14:07:57.663 INFO  o.s.boot.web.embedded.tomcat.TomcatWebServer      :108  restartedMain [32m                [0;39m Tomcat initialized with port(s): 8001 (http)
2023-11-01 14:07:57.669 INFO  org.apache.coyote.http11.Http11NioProtocol        :173  restartedMain [32m                [0;39m Initializing ProtocolHandler ["http-nio-8001"]
2023-11-01 14:07:57.670 INFO  org.apache.catalina.core.StandardService          :173  restartedMain [32m                [0;39m Starting service [Tomcat]
2023-11-01 14:07:57.670 INFO  org.apache.catalina.core.StandardEngine           :173  restartedMain [32m                [0;39m Starting Servlet engine: [Apache Tomcat/10.1.13]
2023-11-01 14:07:57.723 INFO  o.a.c.c.C.[Tomcat].[localhost].[/member]          :173  restartedMain [32m                [0;39m Initializing Spring embedded WebApplicationContext
2023-11-01 14:07:57.724 INFO  o.s.b.w.s.c.ServletWebServerApplicationContext    :291  restartedMain [32m                [0;39m Root WebApplicationContext: initialization completed in 1454 ms
2023-11-01 14:07:58.912 WARN  o.s.b.d.autoconfigure.OptionalLiveReloadServer    :62   restartedMain [32m                [0;39m Unable to start LiveReload server
2023-11-01 14:08:00.087 INFO  org.springframework.cloud.commons.util.InetUtils  :170  restartedMain [32m                [0;39m Cannot determine local hostname
2023-11-01 14:08:00.128 INFO  org.apache.coyote.http11.Http11NioProtocol        :173  restartedMain [32m                [0;39m Starting ProtocolHandler ["http-nio-8001"]
2023-11-01 14:08:00.141 INFO  o.s.boot.web.embedded.tomcat.TomcatWebServer      :220  restartedMain [32m                [0;39m Tomcat started on port(s): 8001 (http) with context path '/member'
2023-11-01 14:08:01.225 INFO  org.springframework.cloud.commons.util.InetUtils  :170  restartedMain [32m                [0;39m Cannot determine local hostname
2023-11-01 14:08:01.233 INFO  com.example.train.member.config.MemberApplication :57   restartedMain [32m                [0;39m Started MemberApplication in 6.524 seconds (process running for 7.45)
2023-11-01 14:08:01.236 INFO  com.example.train.member.config.MemberApplication :21   restartedMain [32m                [0;39m å¯åŠ¨æˆåŠŸ!!!
2023-11-01 14:08:01.236 INFO  com.example.train.member.config.MemberApplication :22   restartedMain [32m                [0;39m æµ‹è¯•åœ°å€:	http://127.0.0.1:8001/member/hello
2023-11-01 14:11:03.113 INFO  o.a.c.c.C.[Tomcat].[localhost].[/member]          :173  http-nio-8001-exec-1 [32m                [0;39m Initializing Spring DispatcherServlet 'dispatcherServlet'
2023-11-01 14:11:03.114 INFO  org.springframework.web.servlet.DispatcherServlet :532  http-nio-8001-exec-1 [32m                [0;39m Initializing Servlet 'dispatcherServlet'
2023-11-01 14:11:03.115 INFO  org.springframework.web.servlet.DispatcherServlet :554  http-nio-8001-exec-1 [32m                [0;39m Completed initialization in 1 ms
2023-11-01 14:11:03.251 INFO  com.example.train.common.aspect.LogAspect         :53   http-nio-8001-exec-1 [32m1698819063250ql1[0;39m ------------- å¼€å§‹ -------------
2023-11-01 14:11:03.252 INFO  com.example.train.common.aspect.LogAspect         :54   http-nio-8001-exec-1 [32m1698819063250ql1[0;39m è¯·æ±‚åœ°å€: http://127.0.0.1:8001/member/member/send-code POST
2023-11-01 14:11:03.253 INFO  com.example.train.common.aspect.LogAspect         :55   http-nio-8001-exec-1 [32m1698819063250ql1[0;39m ç±»åæ–¹æ³•: com.example.train.member.controller.MemberController.sendCode
2023-11-01 14:11:03.253 INFO  com.example.train.common.aspect.LogAspect         :56   http-nio-8001-exec-1 [32m1698819063250ql1[0;39m è¿œç¨‹åœ°å€: 127.0.0.1
2023-11-01 14:11:03.330 INFO  com.example.train.common.aspect.LogAspect         :77   http-nio-8001-exec-1 [32m1698819063250ql1[0;39m è¯·æ±‚å‚æ•°: [{"mobile":"14511111111"}]
2023-11-01 14:11:03.420 INFO  com.zaxxer.hikari.HikariDataSource                :110  http-nio-8001-exec-1 [32m1698819063250ql1[0;39m HikariPool-1 - Starting...
2023-11-01 14:11:03.592 INFO  com.zaxxer.hikari.pool.HikariPool                 :565  http-nio-8001-exec-1 [32m1698819063250ql1[0;39m HikariPool-1 - Added connection com.mysql.cj.jdbc.ConnectionImpl@50875aca
2023-11-01 14:11:03.597 INFO  com.zaxxer.hikari.HikariDataSource                :123  http-nio-8001-exec-1 [32m1698819063250ql1[0;39m HikariPool-1 - Start completed.
2023-11-01 14:11:03.607 DEBUG c.e.t.member.mapper.MemberMapper.selectByExample  :135  http-nio-8001-exec-1 [32m1698819063250ql1[0;39m ==>  Preparing: select id, mobile from member WHERE ( mobile = ? )
2023-11-01 14:11:03.635 DEBUG c.e.t.member.mapper.MemberMapper.selectByExample  :135  http-nio-8001-exec-1 [32m1698819063250ql1[0;39m ==> Parameters: 14511111111(String)
2023-11-01 14:11:03.666 TRACE c.e.t.member.mapper.MemberMapper.selectByExample  :141  http-nio-8001-exec-1 [32m1698819063250ql1[0;39m <==    Columns: id, mobile
2023-11-01 14:11:03.667 TRACE c.e.t.member.mapper.MemberMapper.selectByExample  :141  http-nio-8001-exec-1 [32m1698819063250ql1[0;39m <==        Row: 1718964462964314112, 14511111111
2023-11-01 14:11:03.668 DEBUG c.e.t.member.mapper.MemberMapper.selectByExample  :135  http-nio-8001-exec-1 [32m1698819063250ql1[0;39m <==      Total: 1
2023-11-01 14:11:03.686 INFO  com.example.train.member.service.MemberService    :64   http-nio-8001-exec-1 [32m1698819063250ql1[0;39m æ‰‹æœºå·å­˜åœ¨ï¼Œä¸æ’å…¥è®°å½•
2023-11-01 14:11:03.690 INFO  com.example.train.common.aspect.LogAspect         :89   http-nio-8001-exec-1 [32m1698819063250ql1[0;39m è¿”å›žç»“æžœ: {"success":true}
2023-11-01 14:11:03.690 INFO  com.example.train.common.aspect.LogAspect         :90   http-nio-8001-exec-1 [32m1698819063250ql1[0;39m ------------- ç»“æŸ è€—æ—¶ï¼š440 ms -------------
2023-11-01 14:11:03.852 INFO  com.example.train.common.aspect.LogAspect         :53   http-nio-8001-exec-3 [32m1698819063852p8d[0;39m ------------- å¼€å§‹ -------------
2023-11-01 14:11:03.852 INFO  com.example.train.common.aspect.LogAspect         :54   http-nio-8001-exec-3 [32m1698819063852p8d[0;39m è¯·æ±‚åœ°å€: http://127.0.0.1:8001/member/member/send-code POST
2023-11-01 14:11:03.853 INFO  com.example.train.common.aspect.LogAspect         :55   http-nio-8001-exec-3 [32m1698819063852p8d[0;39m ç±»åæ–¹æ³•: com.example.train.member.controller.MemberController.sendCode
2023-11-01 14:11:03.853 INFO  com.example.train.common.aspect.LogAspect         :56   http-nio-8001-exec-3 [32m1698819063852p8d[0;39m è¿œç¨‹åœ°å€: 127.0.0.1
2023-11-01 14:11:03.854 INFO  com.example.train.common.aspect.LogAspect         :77   http-nio-8001-exec-3 [32m1698819063852p8d[0;39m è¯·æ±‚å‚æ•°: [{"mobile":"14511111111"}]
2023-11-01 14:11:03.854 DEBUG c.e.t.member.mapper.MemberMapper.selectByExample  :135  http-nio-8001-exec-3 [32m1698819063852p8d[0;39m ==>  Preparing: select id, mobile from member WHERE ( mobile = ? )
2023-11-01 14:11:03.855 DEBUG c.e.t.member.mapper.MemberMapper.selectByExample  :135  http-nio-8001-exec-3 [32m1698819063852p8d[0;39m ==> Parameters: 14511111111(String)
2023-11-01 14:11:03.856 TRACE c.e.t.member.mapper.MemberMapper.selectByExample  :141  http-nio-8001-exec-3 [32m1698819063852p8d[0;39m <==    Columns: id, mobile
2023-11-01 14:11:03.857 TRACE c.e.t.member.mapper.MemberMapper.selectByExample  :141  http-nio-8001-exec-3 [32m1698819063852p8d[0;39m <==        Row: 1718964462964314112, 14511111111
2023-11-01 14:11:03.857 DEBUG c.e.t.member.mapper.MemberMapper.selectByExample  :135  http-nio-8001-exec-3 [32m1698819063852p8d[0;39m <==      Total: 1
2023-11-01 14:11:03.858 INFO  com.example.train.member.service.MemberService    :64   http-nio-8001-exec-3 [32m1698819063852p8d[0;39m æ‰‹æœºå·å­˜åœ¨ï¼Œä¸æ’å…¥è®°å½•
2023-11-01 14:11:03.858 INFO  com.example.train.common.aspect.LogAspect         :89   http-nio-8001-exec-3 [32m1698819063852p8d[0;39m è¿”å›žç»“æžœ: {"success":true}
2023-11-01 14:11:03.859 INFO  com.example.train.common.aspect.LogAspect         :90   http-nio-8001-exec-3 [32m1698819063852p8d[0;39m ------------- ç»“æŸ è€—æ—¶ï¼š7 ms -------------
2023-11-01 14:11:04.460 INFO  com.example.train.common.aspect.LogAspect         :53   http-nio-8001-exec-2 [32m1698819064460ftz[0;39m ------------- å¼€å§‹ -------------
2023-11-01 14:11:04.460 INFO  com.example.train.common.aspect.LogAspect         :54   http-nio-8001-exec-2 [32m1698819064460ftz[0;39m è¯·æ±‚åœ°å€: http://127.0.0.1:8001/member/member/login POST
2023-11-01 14:11:04.460 INFO  com.example.train.common.aspect.LogAspect         :55   http-nio-8001-exec-2 [32m1698819064460ftz[0;39m ç±»åæ–¹æ³•: com.example.train.member.controller.MemberController.login
2023-11-01 14:11:04.460 INFO  com.example.train.common.aspect.LogAspect         :56   http-nio-8001-exec-2 [32m1698819064460ftz[0;39m è¿œç¨‹åœ°å€: 127.0.0.1
2023-11-01 14:11:04.462 INFO  com.example.train.common.aspect.LogAspect         :77   http-nio-8001-exec-2 [32m1698819064460ftz[0;39m è¯·æ±‚å‚æ•°: [{"code":"8888","mobile":"14511111111"}]
2023-11-01 14:11:04.464 DEBUG c.e.t.member.mapper.MemberMapper.selectByExample  :135  http-nio-8001-exec-2 [32m1698819064460ftz[0;39m ==>  Preparing: select id, mobile from member WHERE ( mobile = ? )
2023-11-01 14:11:04.464 DEBUG c.e.t.member.mapper.MemberMapper.selectByExample  :135  http-nio-8001-exec-2 [32m1698819064460ftz[0;39m ==> Parameters: 14511111111(String)
2023-11-01 14:11:04.465 TRACE c.e.t.member.mapper.MemberMapper.selectByExample  :141  http-nio-8001-exec-2 [32m1698819064460ftz[0;39m <==    Columns: id, mobile
2023-11-01 14:11:04.465 TRACE c.e.t.member.mapper.MemberMapper.selectByExample  :141  http-nio-8001-exec-2 [32m1698819064460ftz[0;39m <==        Row: 1718964462964314112, 14511111111
2023-11-01 14:11:04.466 DEBUG c.e.t.member.mapper.MemberMapper.selectByExample  :135  http-nio-8001-exec-2 [32m1698819064460ftz[0;39m <==      Total: 1
2023-11-01 14:11:05.474 INFO  com.example.train.common.util.JwtUtil             :37   http-nio-8001-exec-2 [32m1698819064460ftz[0;39m ç”ŸæˆJWT tokenï¼šeyJ0eXAiOiJKV1QiLCJhbGciOiJIUzI1NiJ9.eyJuYmYiOjE2OTg4MTkwNjQsIm1vYmlsZSI6IjE0NTExMTExMTExIiwiaWQiOjE3MTg5NjQ0NjI5NjQzMTQxMTIsImV4cCI6MTY5ODkwNTQ2NCwiaWF0IjoxNjk4ODE5MDY0fQ.Kp4qbzY_Yr9pCUnpgyM0J4ut6jfSF8IseKJFnMULqpc
2023-11-01 14:11:05.478 INFO  com.example.train.common.aspect.LogAspect         :89   http-nio-8001-exec-2 [32m1698819064460ftz[0;39m è¿”å›žç»“æžœ: {"content":{"id":1718964462964314112,"mobile":"14511111111","token":"eyJ0eXAiOiJKV1QiLCJhbGciOiJIUzI1NiJ9.eyJuYmYiOjE2OTg4MTkwNjQsIm1vYmlsZSI6IjE0NTExMTExMTExIiwiaWQiOjE3MTg5NjQ0NjI5NjQzMTQxMTIsImV4cCI6MTY5ODkwNTQ2NCwiaWF0IjoxNjk4ODE5MDY0fQ.Kp4qbzY_Yr9pCUnpgyM0J4ut6jfSF8IseKJFnMULqpc"},"success":true}
2023-11-01 14:11:05.478 INFO  com.example.train.common.aspect.LogAspect         :90   http-nio-8001-exec-2 [32m1698819064460ftz[0;39m ------------- ç»“æŸ è€—æ—¶ï¼š1018 ms -------------
2023-11-01 14:11:05.551 INFO  c.e.train.common.interceptor.MemberInterceptor    :30   http-nio-8001-exec-4 [32m1698819065551h6t[0;39m èŽ·å–ä¼šå‘˜ç™»å½•tokenï¼šeyJ0eXAiOiJKV1QiLCJhbGciOiJIUzI1NiJ9.eyJuYmYiOjE2OTg4MTkwNjQsIm1vYmlsZSI6IjE0NTExMTExMTExIiwiaWQiOjE3MTg5NjQ0NjI5NjQzMTQxMTIsImV4cCI6MTY5ODkwNTQ2NCwiaWF0IjoxNjk4ODE5MDY0fQ.Kp4qbzY_Yr9pCUnpgyM0J4ut6jfSF8IseKJFnMULqpc
2023-11-01 14:11:05.563 INFO  com.example.train.common.util.JwtUtil             :55   http-nio-8001-exec-4 [32m1698819065551h6t[0;39m æ ¹æ®tokenèŽ·å–åŽŸå§‹å†…å®¹ï¼š{"mobile":"14511111111","id":1718964462964314112}
2023-11-01 14:11:05.563 INFO  c.e.train.common.interceptor.MemberInterceptor    :32   http-nio-8001-exec-4 [32m1698819065551h6t[0;39m å½“å‰ç™»å½•ä¼šå‘˜ï¼š{"mobile":"14511111111","id":1718964462964314112}
2023-11-01 14:11:05.585 INFO  com.example.train.common.aspect.LogAspect         :53   http-nio-8001-exec-4 [32m1698819065585wdd[0;39m ------------- å¼€å§‹ -------------
2023-11-01 14:11:05.586 INFO  com.example.train.common.aspect.LogAspect         :54   http-nio-8001-exec-4 [32m1698819065585wdd[0;39m è¯·æ±‚åœ°å€: http://127.0.0.1:8001/member/member/login POST
2023-11-01 14:11:05.586 INFO  com.example.train.common.aspect.LogAspect         :55   http-nio-8001-exec-4 [32m1698819065585wdd[0;39m ç±»åæ–¹æ³•: com.example.train.member.controller.MemberController.login
2023-11-01 14:11:05.586 INFO  com.example.train.common.aspect.LogAspect         :56   http-nio-8001-exec-4 [32m1698819065585wdd[0;39m è¿œç¨‹åœ°å€: 127.0.0.1
2023-11-01 14:11:05.586 INFO  com.example.train.common.aspect.LogAspect         :77   http-nio-8001-exec-4 [32m1698819065585wdd[0;39m è¯·æ±‚å‚æ•°: [{"code":"8888","mobile":"14511111111"}]
2023-11-01 14:11:05.588 DEBUG c.e.t.member.mapper.MemberMapper.selectByExample  :135  http-nio-8001-exec-4 [32m1698819065585wdd[0;39m ==>  Preparing: select id, mobile from member WHERE ( mobile = ? )
2023-11-01 14:11:05.588 DEBUG c.e.t.member.mapper.MemberMapper.selectByExample  :135  http-nio-8001-exec-4 [32m1698819065585wdd[0;39m ==> Parameters: 14511111111(String)
2023-11-01 14:11:05.589 TRACE c.e.t.member.mapper.MemberMapper.selectByExample  :141  http-nio-8001-exec-4 [32m1698819065585wdd[0;39m <==    Columns: id, mobile
2023-11-01 14:11:05.590 TRACE c.e.t.member.mapper.MemberMapper.selectByExample  :141  http-nio-8001-exec-4 [32m1698819065585wdd[0;39m <==        Row: 1718964462964314112, 14511111111
2023-11-01 14:11:05.591 DEBUG c.e.t.member.mapper.MemberMapper.selectByExample  :135  http-nio-8001-exec-4 [32m1698819065585wdd[0;39m <==      Total: 1
2023-11-01 14:11:05.592 INFO  com.example.train.common.util.JwtUtil             :37   http-nio-8001-exec-4 [32m1698819065585wdd[0;39m ç”ŸæˆJWT tokenï¼šeyJ0eXAiOiJKV1QiLCJhbGciOiJIUzI1NiJ9.eyJuYmYiOjE2OTg4MTkwNjUsIm1vYmlsZSI6IjE0NTExMTExMTExIiwiaWQiOjE3MTg5NjQ0NjI5NjQzMTQxMTIsImV4cCI6MTY5ODkwNTQ2NSwiaWF0IjoxNjk4ODE5MDY1fQ.34j_4PjfyHvDBdfnZDQzD8ARfFhWbhicxllC1DKlshs
2023-11-01 14:11:05.593 INFO  com.example.train.common.aspect.LogAspect         :89   http-nio-8001-exec-4 [32m1698819065585wdd[0;39m è¿”å›žç»“æžœ: {"content":{"id":1718964462964314112,"mobile":"14511111111","token":"eyJ0eXAiOiJKV1QiLCJhbGciOiJIUzI1NiJ9.eyJuYmYiOjE2OTg4MTkwNjUsIm1vYmlsZSI6IjE0NTExMTExMTExIiwiaWQiOjE3MTg5NjQ0NjI5NjQzMTQxMTIsImV4cCI6MTY5ODkwNTQ2NSwiaWF0IjoxNjk4ODE5MDY1fQ.34j_4PjfyHvDBdfnZDQzD8ARfFhWbhicxllC1DKlshs"},"success":true}
2023-11-01 14:11:05.593 INFO  com.example.train.common.aspect.LogAspect         :90   http-nio-8001-exec-4 [32m1698819065585wdd[0;39m ------------- ç»“æŸ è€—æ—¶ï¼š8 ms -------------
2023-11-01 14:25:37.674 INFO  o.s.b.d.a.LocalDevToolsAutoConfiguration$RestartingClassPathChangeChangedEventListener:211  File Watcher [32m                [0;39m Restarting due to 1 class path change (0 additions, 1 deletion, 0 modifications)
2023-11-01 14:25:37.701 INFO  org.apache.coyote.http11.Http11NioProtocol        :173  Thread-1 [32m                [0;39m Pausing ProtocolHandler ["http-nio-8001"]
2023-11-01 14:25:37.701 INFO  org.apache.catalina.core.StandardService          :173  Thread-1 [32m                [0;39m Stopping service [Tomcat]
2023-11-01 14:25:37.702 INFO  o.a.c.c.C.[Tomcat].[localhost].[/member]          :173  Thread-1 [32m                [0;39m Destroying Spring FrameworkServlet 'dispatcherServlet'
2023-11-01 14:25:37.706 WARN  org.apache.catalina.loader.WebappClassLoaderBase  :173  Thread-1 [32m                [0;39m The web application [member] appears to have started a thread named [HikariPool-1 housekeeper] but has failed to stop it. This is very likely to create a memory leak. Stack trace of thread:
 java.base@17.0.4.1/jdk.internal.misc.Unsafe.park(Native Method)
 java.base@17.0.4.1/java.util.concurrent.locks.LockSupport.parkNanos(LockSupport.java:252)
 java.base@17.0.4.1/java.util.concurrent.locks.AbstractQueuedSynchronizer$ConditionObject.awaitNanos(AbstractQueuedSynchronizer.java:1672)
 java.base@17.0.4.1/java.util.concurrent.ScheduledThreadPoolExecutor$DelayedWorkQueue.take(ScheduledThreadPoolExecutor.java:1182)
 java.base@17.0.4.1/java.util.concurrent.ScheduledThreadPoolExecutor$DelayedWorkQueue.take(ScheduledThreadPoolExecutor.java:899)
 java.base@17.0.4.1/java.util.concurrent.ThreadPoolExecutor.getTask(ThreadPoolExecutor.java:1062)
 java.base@17.0.4.1/java.util.concurrent.ThreadPoolExecutor.runWorker(ThreadPoolExecutor.java:1122)
 java.base@17.0.4.1/java.util.concurrent.ThreadPoolExecutor$Worker.run(ThreadPoolExecutor.java:635)
 java.base@17.0.4.1/java.lang.Thread.run(Thread.java:833)
2023-11-01 14:25:37.708 INFO  org.apache.coyote.http11.Http11NioProtocol        :173  Thread-1 [32m                [0;39m Stopping ProtocolHandler ["http-nio-8001"]
2023-11-01 14:25:37.710 INFO  org.apache.coyote.http11.Http11NioProtocol        :173  Thread-1 [32m                [0;39m Destroying ProtocolHandler ["http-nio-8001"]
2023-11-01 14:25:37.714 INFO  com.zaxxer.hikari.HikariDataSource                :350  Thread-1 [32m                [0;39m HikariPool-1 - Shutdown initiated...
2023-11-01 14:25:37.721 INFO  com.zaxxer.hikari.HikariDataSource                :352  Thread-1 [32m                [0;39m HikariPool-1 - Shutdown completed.
2023-11-01 14:25:38.103 INFO  com.example.train.member.config.MemberApplication :51   restartedMain [32m                [0;39m Starting MemberApplication using Java 17.0.4.1 with PID 16016 (D:\new world\Java\train\member\target\classes started by 17926 in D:\new world\Java\train)
2023-11-01 14:25:38.104 INFO  com.example.train.member.config.MemberApplication :637  restartedMain [32m                [0;39m No active profile set, falling back to 1 default profile: "default"
2023-11-01 14:25:38.615 INFO  o.springframework.cloud.context.scope.GenericScope:282  restartedMain [32m                [0;39m BeanFactory id=dc212a37-efe9-3d75-bccf-eac747f63a10
2023-11-01 14:25:38.780 INFO  o.s.boot.web.embedded.tomcat.TomcatWebServer      :108  restartedMain [32m                [0;39m Tomcat initialized with port(s): 8001 (http)
2023-11-01 14:25:38.781 INFO  org.apache.coyote.http11.Http11NioProtocol        :173  restartedMain [32m                [0;39m Initializing ProtocolHandler ["http-nio-8001"]
2023-11-01 14:25:38.781 INFO  org.apache.catalina.core.StandardService          :173  restartedMain [32m                [0;39m Starting service [Tomcat]
2023-11-01 14:25:38.782 INFO  org.apache.catalina.core.StandardEngine           :173  restartedMain [32m                [0;39m Starting Servlet engine: [Apache Tomcat/10.1.13]
2023-11-01 14:25:38.802 INFO  o.a.c.c.C.[Tomcat].[localhost].[/member]          :173  restartedMain [32m                [0;39m Initializing Spring embedded WebApplicationContext
2023-11-01 14:25:38.802 INFO  o.s.b.w.s.c.ServletWebServerApplicationContext    :291  restartedMain [32m                [0;39m Root WebApplicationContext: initialization completed in 692 ms
2023-11-01 14:25:39.480 WARN  o.s.b.d.autoconfigure.OptionalLiveReloadServer    :62   restartedMain [32m                [0;39m Unable to start LiveReload server
2023-11-01 14:25:39.666 INFO  org.apache.coyote.http11.Http11NioProtocol        :173  restartedMain [32m                [0;39m Starting ProtocolHandler ["http-nio-8001"]
2023-11-01 14:25:39.671 INFO  o.s.boot.web.embedded.tomcat.TomcatWebServer      :220  restartedMain [32m                [0;39m Tomcat started on port(s): 8001 (http) with context path '/member'
2023-11-01 14:25:39.827 INFO  com.example.train.member.config.MemberApplication :57   restartedMain [32m                [0;39m Started MemberApplication in 2.043 seconds (process running for 1066.044)
2023-11-01 14:25:39.831 INFO  o.s.b.d.a.ConditionEvaluationDeltaLoggingListener :63   restartedMain [32m                [0;39m Condition evaluation unchanged
2023-11-01 14:25:39.832 INFO  com.example.train.member.config.MemberApplication :21   restartedMain [32m                [0;39m å¯åŠ¨æˆåŠŸ!!!
2023-11-01 14:25:39.833 INFO  com.example.train.member.config.MemberApplication :22   restartedMain [32m                [0;39m æµ‹è¯•åœ°å€:	http://127.0.0.1:8001/member/hello
2023-11-01 14:25:40.906 INFO  o.s.b.d.a.LocalDevToolsAutoConfiguration$RestartingClassPathChangeChangedEventListener:211  File Watcher [32m                [0;39m Restarting due to 1 class path change (1 addition, 0 deletions, 0 modifications)
2023-11-01 14:25:40.918 INFO  org.apache.coyote.http11.Http11NioProtocol        :173  Thread-7 [32m                [0;39m Pausing ProtocolHandler ["http-nio-8001"]
2023-11-01 14:25:40.918 INFO  org.apache.catalina.core.StandardService          :173  Thread-7 [32m                [0;39m Stopping service [Tomcat]
2023-11-01 14:25:40.919 INFO  org.apache.coyote.http11.Http11NioProtocol        :173  Thread-7 [32m                [0;39m Stopping ProtocolHandler ["http-nio-8001"]
2023-11-01 14:25:40.921 INFO  org.apache.coyote.http11.Http11NioProtocol        :173  Thread-7 [32m                [0;39m Destroying ProtocolHandler ["http-nio-8001"]
2023-11-01 14:25:41.081 INFO  com.example.train.member.config.MemberApplication :51   restartedMain [32m                [0;39m Starting MemberApplication using Java 17.0.4.1 with PID 16016 (D:\new world\Java\train\member\target\classes started by 17926 in D:\new world\Java\train)
2023-11-01 14:25:41.081 INFO  com.example.train.member.config.MemberApplication :637  restartedMain [32m                [0;39m No active profile set, falling back to 1 default profile: "default"
2023-11-01 14:25:41.233 INFO  o.springframework.cloud.context.scope.GenericScope:282  restartedMain [32m                [0;39m BeanFactory id=dc212a37-efe9-3d75-bccf-eac747f63a10
2023-11-01 14:25:41.332 INFO  o.s.boot.web.embedded.tomcat.TomcatWebServer      :108  restartedMain [32m                [0;39m Tomcat initialized with port(s): 8001 (http)
2023-11-01 14:25:41.332 INFO  org.apache.coyote.http11.Http11NioProtocol        :173  restartedMain [32m                [0;39m Initializing ProtocolHandler ["http-nio-8001"]
2023-11-01 14:25:41.332 INFO  org.apache.catalina.core.StandardService          :173  restartedMain [32m                [0;39m Starting service [Tomcat]
2023-11-01 14:25:41.332 INFO  org.apache.catalina.core.StandardEngine           :173  restartedMain [32m                [0;39m Starting Servlet engine: [Apache Tomcat/10.1.13]
2023-11-01 14:25:41.350 INFO  o.a.c.c.C.[Tomcat].[localhost].[/member]          :173  restartedMain [32m                [0;39m Initializing Spring embedded WebApplicationContext
2023-11-01 14:25:41.350 INFO  o.s.b.w.s.c.ServletWebServerApplicationContext    :291  restartedMain [32m                [0;39m Root WebApplicationContext: initialization completed in 267 ms
2023-11-01 14:25:41.940 WARN  o.s.b.d.autoconfigure.OptionalLiveReloadServer    :62   restartedMain [32m                [0;39m Unable to start LiveReload server
2023-11-01 14:25:42.247 INFO  org.apache.coyote.http11.Http11NioProtocol        :173  restartedMain [32m                [0;39m Starting ProtocolHandler ["http-nio-8001"]
2023-11-01 14:25:42.250 INFO  o.s.boot.web.embedded.tomcat.TomcatWebServer      :220  restartedMain [32m                [0;39m Tomcat started on port(s): 8001 (http) with context path '/member'
2023-11-01 14:25:42.489 INFO  com.example.train.member.config.MemberApplication :57   restartedMain [32m                [0;39m Started MemberApplication in 1.52 seconds (process running for 1068.706)
2023-11-01 14:25:42.494 INFO  o.s.b.d.a.ConditionEvaluationDeltaLoggingListener :63   restartedMain [32m                [0;39m Condition evaluation unchanged
2023-11-01 14:25:42.495 INFO  com.example.train.member.config.MemberApplication :21   restartedMain [32m                [0;39m å¯åŠ¨æˆåŠŸ!!!
2023-11-01 14:25:42.495 INFO  com.example.train.member.config.MemberApplication :22   restartedMain [32m                [0;39m æµ‹è¯•åœ°å€:	http://127.0.0.1:8001/member/hello
2023-11-01 14:25:53.015 INFO  o.s.b.d.a.LocalDevToolsAutoConfiguration$RestartingClassPathChangeChangedEventListener:211  File Watcher [32m                [0;39m Restarting due to 1 class path change (0 additions, 0 deletions, 1 modification)
2023-11-01 14:25:53.041 INFO  org.apache.coyote.http11.Http11NioProtocol        :173  Thread-13 [32m                [0;39m Pausing ProtocolHandler ["http-nio-8001"]
2023-11-01 14:25:53.042 INFO  org.apache.catalina.core.StandardService          :173  Thread-13 [32m                [0;39m Stopping service [Tomcat]
2023-11-01 14:25:53.047 INFO  org.apache.coyote.http11.Http11NioProtocol        :173  Thread-13 [32m                [0;39m Stopping ProtocolHandler ["http-nio-8001"]
2023-11-01 14:25:53.049 INFO  org.apache.coyote.http11.Http11NioProtocol        :173  Thread-13 [32m                [0;39m Destroying ProtocolHandler ["http-nio-8001"]
2023-11-01 14:25:53.368 INFO  com.example.train.member.config.MemberApplication :51   restartedMain [32m                [0;39m Starting MemberApplication using Java 17.0.4.1 with PID 16016 (D:\new world\Java\train\member\target\classes started by 17926 in D:\new world\Java\train)
2023-11-01 14:25:53.369 INFO  com.example.train.member.config.MemberApplication :637  restartedMain [32m                [0;39m No active profile set, falling back to 1 default profile: "default"
2023-11-01 14:25:53.681 INFO  o.springframework.cloud.context.scope.GenericScope:282  restartedMain [32m                [0;39m BeanFactory id=dc212a37-efe9-3d75-bccf-eac747f63a10
2023-11-01 14:25:53.891 INFO  o.s.boot.web.embedded.tomcat.TomcatWebServer      :108  restartedMain [32m                [0;39m Tomcat initialized with port(s): 8001 (http)
2023-11-01 14:25:53.891 INFO  org.apache.coyote.http11.Http11NioProtocol        :173  restartedMain [32m                [0;39m Initializing ProtocolHandler ["http-nio-8001"]
2023-11-01 14:25:53.892 INFO  org.apache.catalina.core.StandardService          :173  restartedMain [32m                [0;39m Starting service [Tomcat]
2023-11-01 14:25:53.892 INFO  org.apache.catalina.core.StandardEngine           :173  restartedMain [32m                [0;39m Starting Servlet engine: [Apache Tomcat/10.1.13]
2023-11-01 14:25:53.927 INFO  o.a.c.c.C.[Tomcat].[localhost].[/member]          :173  restartedMain [32m                [0;39m Initializing Spring embedded WebApplicationContext
2023-11-01 14:25:53.927 INFO  o.s.b.w.s.c.ServletWebServerApplicationContext    :291  restartedMain [32m                [0;39m Root WebApplicationContext: initialization completed in 555 ms
2023-11-01 14:25:54.842 WARN  o.s.b.d.autoconfigure.OptionalLiveReloadServer    :62   restartedMain [32m                [0;39m Unable to start LiveReload server
2023-11-01 14:25:54.979 INFO  org.apache.coyote.http11.Http11NioProtocol        :173  restartedMain [32m                [0;39m Starting ProtocolHandler ["http-nio-8001"]
2023-11-01 14:25:54.981 INFO  o.s.boot.web.embedded.tomcat.TomcatWebServer      :220  restartedMain [32m                [0;39m Tomcat started on port(s): 8001 (http) with context path '/member'
2023-11-01 14:25:55.079 INFO  com.example.train.member.config.MemberApplication :57   restartedMain [32m                [0;39m Started MemberApplication in 1.972 seconds (process running for 1081.296)
2023-11-01 14:25:55.081 INFO  o.s.b.d.a.ConditionEvaluationDeltaLoggingListener :63   restartedMain [32m                [0;39m Condition evaluation unchanged
2023-11-01 14:25:55.083 INFO  com.example.train.member.config.MemberApplication :21   restartedMain [32m                [0;39m å¯åŠ¨æˆåŠŸ!!!
2023-11-01 14:25:55.084 INFO  com.example.train.member.config.MemberApplication :22   restartedMain [32m                [0;39m æµ‹è¯•åœ°å€:	http://127.0.0.1:8001/member/hello
