2023-10-31 14:15:30.627 INFO  org.hibernate.validator.internal.util.Version     :21   background-preinit [32m                [0;39m HV000001: Hibernate Validator 8.0.1.Final
2023-10-31 14:15:30.671 INFO  c.e.train.business.config.BusinessApplication     :51   restartedMain [32m                [0;39m Starting BusinessApplication using Java 17.0.4.1 with PID 4332 (D:\new world\Java\train\business\target\classes started by 17926 in D:\new world\Java\train)
2023-10-31 14:15:30.673 INFO  c.e.train.business.config.BusinessApplication     :637  restartedMain [32m                [0;39m No active profile set, falling back to 1 default profile: "default"
2023-10-31 14:15:30.730 INFO  o.s.b.d.env.DevToolsPropertyDefaultsPostProcessor :250  restartedMain [32m                [0;39m Devtools property defaults active! Set 'spring.devtools.add-properties' to 'false' to disable
2023-10-31 14:15:30.731 INFO  o.s.b.d.env.DevToolsPropertyDefaultsPostProcessor :250  restartedMain [32m                [0;39m For additional web related logging consider setting the 'logging.level.web' property to 'DEBUG'
2023-10-31 14:15:36.594 INFO  o.springframework.cloud.context.scope.GenericScope:282  restartedMain [32m                [0;39m BeanFactory id=f6422530-602c-3dbd-934b-cc16c6c93c52
2023-10-31 14:15:37.588 INFO  o.s.boot.web.embedded.tomcat.TomcatWebServer      :108  restartedMain [32m                [0;39m Tomcat initialized with port(s): 8002 (http)
2023-10-31 14:15:37.597 INFO  org.apache.coyote.http11.Http11NioProtocol        :173  restartedMain [32m                [0;39m Initializing ProtocolHandler ["http-nio-8002"]
2023-10-31 14:15:37.598 INFO  org.apache.catalina.core.StandardService          :173  restartedMain [32m                [0;39m Starting service [Tomcat]
2023-10-31 14:15:37.599 INFO  org.apache.catalina.core.StandardEngine           :173  restartedMain [32m                [0;39m Starting Servlet engine: [Apache Tomcat/10.1.13]
2023-10-31 14:15:37.686 INFO  o.a.c.c.C.[Tomcat].[localhost].[/business]        :173  restartedMain [32m                [0;39m Initializing Spring embedded WebApplicationContext
2023-10-31 14:15:37.688 INFO  o.s.b.w.s.c.ServletWebServerApplicationContext    :291  restartedMain [32m                [0;39m Root WebApplicationContext: initialization completed in 6955 ms
2023-10-31 14:15:39.773 WARN  o.s.b.d.autoconfigure.OptionalLiveReloadServer    :62   restartedMain [32m                [0;39m Unable to start LiveReload server
2023-10-31 14:15:40.945 INFO  org.springframework.cloud.commons.util.InetUtils  :170  restartedMain [32m                [0;39m Cannot determine local hostname
2023-10-31 14:15:41.056 INFO  org.apache.coyote.http11.Http11NioProtocol        :173  restartedMain [32m                [0;39m Starting ProtocolHandler ["http-nio-8002"]
2023-10-31 14:15:41.081 INFO  o.s.boot.web.embedded.tomcat.TomcatWebServer      :220  restartedMain [32m                [0;39m Tomcat started on port(s): 8002 (http) with context path '/business'
2023-10-31 14:15:42.217 INFO  org.springframework.cloud.commons.util.InetUtils  :170  restartedMain [32m                [0;39m Cannot determine local hostname
2023-10-31 14:15:42.230 INFO  c.e.train.business.config.BusinessApplication     :57   restartedMain [32m                [0;39m Started BusinessApplication in 13.106 seconds (process running for 14.356)
2023-10-31 14:15:42.234 INFO  c.e.train.business.config.BusinessApplication     :21   restartedMain [32m                [0;39m 启动成功!!!
2023-10-31 14:15:42.235 INFO  c.e.train.business.config.BusinessApplication     :22   restartedMain [32m                [0;39m 测试地址:	http://127.0.0.1:8002/business/hello
