2023-11-02 09:31:34.560 INFO  org.hibernate.validator.internal.util.Version     :21   background-preinit [32m                [0;39m HV000001: Hibernate Validator 8.0.1.Final
2023-11-02 09:31:34.583 INFO  c.e.train.business.config.BusinessApplication     :51   restartedMain [32m                [0;39m Starting BusinessApplication using Java 17.0.4.1 with PID 6576 (D:\new world\Java\train\business\target\classes started by 17926 in D:\new world\Java\train)
2023-11-02 09:31:34.584 INFO  c.e.train.business.config.BusinessApplication     :637  restartedMain [32m                [0;39m No active profile set, falling back to 1 default profile: "default"
2023-11-02 09:31:34.615 INFO  o.s.b.d.env.DevToolsPropertyDefaultsPostProcessor :250  restartedMain [32m                [0;39m Devtools property defaults active! Set 'spring.devtools.add-properties' to 'false' to disable
2023-11-02 09:31:34.617 INFO  o.s.b.d.env.DevToolsPropertyDefaultsPostProcessor :250  restartedMain [32m                [0;39m For additional web related logging consider setting the 'logging.level.web' property to 'DEBUG'
2023-11-02 09:31:35.325 INFO  o.s.d.r.config.RepositoryConfigurationDelegate    :291  restartedMain [32m                [0;39m Multiple Spring Data modules found, entering strict repository configuration mode
2023-11-02 09:31:35.329 INFO  o.s.d.r.config.RepositoryConfigurationDelegate    :138  restartedMain [32m                [0;39m Bootstrapping Spring Data Redis repositories in DEFAULT mode.
2023-11-02 09:31:35.389 INFO  o.s.d.r.config.RepositoryConfigurationDelegate    :208  restartedMain [32m                [0;39m Finished Spring Data repository scanning in 28 ms. Found 0 Redis repository interfaces.
2023-11-02 09:31:35.704 INFO  o.springframework.cloud.context.scope.GenericScope:282  restartedMain [32m                [0;39m BeanFactory id=9b207cad-ced2-32c4-80b5-e51b51f4f18b
2023-11-02 09:31:36.573 INFO  o.s.boot.web.embedded.tomcat.TomcatWebServer      :108  restartedMain [32m                [0;39m Tomcat initialized with port(s): 8002 (http)
2023-11-02 09:31:36.582 INFO  org.apache.coyote.http11.Http11NioProtocol        :173  restartedMain [32m                [0;39m Initializing ProtocolHandler ["http-nio-8002"]
2023-11-02 09:31:36.584 INFO  org.apache.catalina.core.StandardService          :173  restartedMain [32m                [0;39m Starting service [Tomcat]
2023-11-02 09:31:36.585 INFO  org.apache.catalina.core.StandardEngine           :173  restartedMain [32m                [0;39m Starting Servlet engine: [Apache Tomcat/10.1.13]
2023-11-02 09:31:36.673 INFO  o.a.c.c.C.[Tomcat].[localhost].[/business]        :173  restartedMain [32m                [0;39m Initializing Spring embedded WebApplicationContext
2023-11-02 09:31:36.673 INFO  o.s.b.w.s.c.ServletWebServerApplicationContext    :291  restartedMain [32m                [0;39m Root WebApplicationContext: initialization completed in 2056 ms
2023-11-02 09:31:38.095 WARN  o.s.b.d.autoconfigure.OptionalLiveReloadServer    :62   restartedMain [32m                [0;39m Unable to start LiveReload server
2023-11-02 09:31:38.283 INFO  org.apache.coyote.http11.Http11NioProtocol        :173  restartedMain [32m                [0;39m Starting ProtocolHandler ["http-nio-8002"]
2023-11-02 09:31:38.300 INFO  o.s.boot.web.embedded.tomcat.TomcatWebServer      :220  restartedMain [32m                [0;39m Tomcat started on port(s): 8002 (http) with context path '/business'
2023-11-02 09:31:38.430 INFO  c.e.train.business.config.BusinessApplication     :57   restartedMain [32m                [0;39m Started BusinessApplication in 4.272 seconds (process running for 5.063)
2023-11-02 09:31:38.433 INFO  c.e.train.business.config.BusinessApplication     :21   restartedMain [32m                [0;39m 启动成功!!!
2023-11-02 09:31:38.433 INFO  c.e.train.business.config.BusinessApplication     :22   restartedMain [32m                [0;39m 测试地址:	http://127.0.0.1:8002/business/hello
