2023-11-06 21:20:18.002 ERROR o.s.b.diagnostics.LoggingFailureAnalysisReporter  :40   restartedMain [32m                [0;39m 

***************************
APPLICATION FAILED TO START
***************************

Description:

No spring.config.import property has been defined

Action:

Add a spring.config.import=nacos: property to your configuration.
	If configuration is not required add spring.config.import=optional:nacos: instead.
	To disable this check, set spring.cloud.nacos.config.import-check.enabled=false.

2023-11-06 21:20:51.511 ERROR o.s.b.diagnostics.LoggingFailureAnalysisReporter  :40   restartedMain [32m                [0;39m 

***************************
APPLICATION FAILED TO START
***************************

Description:

No spring.config.import property has been defined

Action:

Add a spring.config.import=nacos: property to your configuration.
	If configuration is not required add spring.config.import=optional:nacos: instead.
	To disable this check, set spring.cloud.nacos.config.import-check.enabled=false.

2023-11-06 21:22:30.877 ERROR o.s.b.diagnostics.LoggingFailureAnalysisReporter  :40   restartedMain [32m                [0;39m 

***************************
APPLICATION FAILED TO START
***************************

Description:

No spring.config.import property has been defined

Action:

Add a spring.config.import=nacos: property to your configuration.
	If configuration is not required add spring.config.import=optional:nacos: instead.
	To disable this check, set spring.cloud.nacos.config.import-check.enabled=false.

