2023-10-14 19:53:54.732 ERROR o.s.b.diagnostics.LoggingFailureAnalysisReporter  :40   main [32m                [0;39m 

***************************
APPLICATION FAILED TO START
***************************

Description:

Failed to bind properties under 'spring.cloud.gateway.routes[0].predicates[0]' to org.springframework.cloud.gateway.handler.predicate.PredicateDefinition:

    Property: spring.cloud.gateway.routes[0].predicates[0]
    Value: "Path/member/**"
    Origin: class path resource [application.properties] - 4:46
    Reason: failed to convert java.lang.String to org.springframework.cloud.gateway.handler.predicate.PredicateDefinition (caused by jakarta.validation.ValidationException: Unable to parse PredicateDefinition text 'Path/member/**', must be of the form name=value)

Action:

Update your application's configuration

2023-10-14 19:54:09.853 ERROR o.s.b.diagnostics.LoggingFailureAnalysisReporter  :40   main [32m                [0;39m 

***************************
APPLICATION FAILED TO START
***************************

Description:

Failed to bind properties under 'spring.cloud.gateway.routes[0].predicates[0]' to org.springframework.cloud.gateway.handler.predicate.PredicateDefinition:

    Property: spring.cloud.gateway.routes[0].predicates[0]
    Value: "Path/member/**"
    Origin: class path resource [application.properties] - 4:46
    Reason: failed to convert java.lang.String to org.springframework.cloud.gateway.handler.predicate.PredicateDefinition (caused by jakarta.validation.ValidationException: Unable to parse PredicateDefinition text 'Path/member/**', must be of the form name=value)

Action:

Update your application's configuration

2023-10-14 20:09:43.644 ERROR o.s.b.a.w.r.error.AbstractErrorWebExceptionHandler:102  reactor-http-nio-2 [32m                [0;39m [bb3bdf61-1]  500 Server Error for HTTP GET "/member/hello"
io.netty.channel.AbstractChannel$AnnotatedConnectException: Connection refused: no further information: /127.0.0.1:8001
	Suppressed: reactor.core.publisher.FluxOnAssembly$OnAssemblyException: 
Error has been observed at the following site(s):
	*__checkpoint ⇢ org.springframework.cloud.gateway.filter.WeightCalculatorWebFilter [DefaultWebFilterChain]
	*__checkpoint ⇢ HTTP GET "/member/hello" [ExceptionHandlingWebHandler]
Original Stack Trace:
Caused by: java.net.ConnectException: Connection refused: no further information
	at java.base/sun.nio.ch.Net.pollConnect(Native Method)
	at java.base/sun.nio.ch.Net.pollConnectNow(Net.java:672)
	at java.base/sun.nio.ch.SocketChannelImpl.finishConnect(SocketChannelImpl.java:946)
	at io.netty.channel.socket.nio.NioSocketChannel.doFinishConnect(NioSocketChannel.java:337)
	at io.netty.channel.nio.AbstractNioChannel$AbstractNioUnsafe.finishConnect(AbstractNioChannel.java:334)
	at io.netty.channel.nio.NioEventLoop.processSelectedKey(NioEventLoop.java:776)
	at io.netty.channel.nio.NioEventLoop.processSelectedKeysOptimized(NioEventLoop.java:724)
	at io.netty.channel.nio.NioEventLoop.processSelectedKeys(NioEventLoop.java:650)
	at io.netty.channel.nio.NioEventLoop.run(NioEventLoop.java:562)
	at io.netty.util.concurrent.SingleThreadEventExecutor$4.run(SingleThreadEventExecutor.java:997)
	at io.netty.util.internal.ThreadExecutorMap$2.run(ThreadExecutorMap.java:74)
	at io.netty.util.concurrent.FastThreadLocalRunnable.run(FastThreadLocalRunnable.java:30)
	at java.base/java.lang.Thread.run(Thread.java:833)
