2023-10-23 18:40:56.824 INFO  org.hibernate.validator.internal.util.Version     :21   background-preinit [32m                [0;39m HV000001: Hibernate Validator 8.0.1.Final
2023-10-23 18:40:56.861 INFO  c.example.train.gateway.config.GateWayApplication :51   restartedMain [32m                [0;39m Starting GateWayApplication using Java 17.0.4.1 with PID 11644 (D:\new world\Java\train\gateway\target\classes started by 17926 in D:\new world\Java\train)
2023-10-23 18:40:56.864 INFO  c.example.train.gateway.config.GateWayApplication :637  restartedMain [32m                [0;39m No active profile set, falling back to 1 default profile: "default"
2023-10-23 18:40:56.900 INFO  o.s.b.d.env.DevToolsPropertyDefaultsPostProcessor :250  restartedMain [32m                [0;39m Devtools property defaults active! Set 'spring.devtools.add-properties' to 'false' to disable
2023-10-23 18:40:56.902 INFO  o.s.b.d.env.DevToolsPropertyDefaultsPostProcessor :250  restartedMain [32m                [0;39m For additional web related logging consider setting the 'logging.level.web' property to 'DEBUG'
2023-10-23 18:40:57.438 INFO  o.springframework.cloud.context.scope.GenericScope:282  restartedMain [32m                [0;39m BeanFactory id=ae56ad43-944a-3422-a879-692108bb3cd1
2023-10-23 18:40:58.028 INFO  o.s.c.gateway.route.RouteDefinitionRouteLocator   :89   restartedMain [32m                [0;39m Loaded RoutePredicateFactory [After]
2023-10-23 18:40:58.029 INFO  o.s.c.gateway.route.RouteDefinitionRouteLocator   :89   restartedMain [32m                [0;39m Loaded RoutePredicateFactory [Before]
2023-10-23 18:40:58.029 INFO  o.s.c.gateway.route.RouteDefinitionRouteLocator   :89   restartedMain [32m                [0;39m Loaded RoutePredicateFactory [Between]
2023-10-23 18:40:58.029 INFO  o.s.c.gateway.route.RouteDefinitionRouteLocator   :89   restartedMain [32m                [0;39m Loaded RoutePredicateFactory [Cookie]
2023-10-23 18:40:58.029 INFO  o.s.c.gateway.route.RouteDefinitionRouteLocator   :89   restartedMain [32m                [0;39m Loaded RoutePredicateFactory [Header]
2023-10-23 18:40:58.029 INFO  o.s.c.gateway.route.RouteDefinitionRouteLocator   :89   restartedMain [32m                [0;39m Loaded RoutePredicateFactory [Host]
2023-10-23 18:40:58.029 INFO  o.s.c.gateway.route.RouteDefinitionRouteLocator   :89   restartedMain [32m                [0;39m Loaded RoutePredicateFactory [Method]
2023-10-23 18:40:58.029 INFO  o.s.c.gateway.route.RouteDefinitionRouteLocator   :89   restartedMain [32m                [0;39m Loaded RoutePredicateFactory [Path]
2023-10-23 18:40:58.029 INFO  o.s.c.gateway.route.RouteDefinitionRouteLocator   :89   restartedMain [32m                [0;39m Loaded RoutePredicateFactory [Query]
2023-10-23 18:40:58.030 INFO  o.s.c.gateway.route.RouteDefinitionRouteLocator   :89   restartedMain [32m                [0;39m Loaded RoutePredicateFactory [ReadBody]
2023-10-23 18:40:58.030 INFO  o.s.c.gateway.route.RouteDefinitionRouteLocator   :89   restartedMain [32m                [0;39m Loaded RoutePredicateFactory [RemoteAddr]
2023-10-23 18:40:58.030 INFO  o.s.c.gateway.route.RouteDefinitionRouteLocator   :89   restartedMain [32m                [0;39m Loaded RoutePredicateFactory [XForwardedRemoteAddr]
2023-10-23 18:40:58.030 INFO  o.s.c.gateway.route.RouteDefinitionRouteLocator   :89   restartedMain [32m                [0;39m Loaded RoutePredicateFactory [Weight]
2023-10-23 18:40:58.030 INFO  o.s.c.gateway.route.RouteDefinitionRouteLocator   :89   restartedMain [32m                [0;39m Loaded RoutePredicateFactory [CloudFoundryRouteService]
2023-10-23 18:40:58.166 WARN  o.s.b.d.autoconfigure.OptionalLiveReloadServer    :62   restartedMain [32m                [0;39m Unable to start LiveReload server
2023-10-23 18:40:58.455 INFO  o.s.boot.web.embedded.netty.NettyWebServer        :111  restartedMain [32m                [0;39m Netty started on port 8000
2023-10-23 18:40:58.660 INFO  c.example.train.gateway.config.GateWayApplication :57   restartedMain [32m                [0;39m Started GateWayApplication in 2.334 seconds (process running for 3.543)
2023-10-23 18:40:58.663 INFO  c.example.train.gateway.config.GateWayApplication :19   restartedMain [32m                [0;39m å¯åŠ¨æˆåŠŸ!!!
2023-10-23 18:40:58.664 INFO  c.example.train.gateway.config.GateWayApplication :20   restartedMain [32m                [0;39m ç½‘å…³åœ°å€:	http://127.0.0.1:8000
2023-10-23 18:42:39.351 INFO  c.example.train.gateway.config.LoginMemberFilter  :28   reactor-http-nio-2 [32m                [0;39m ä¸éœ€è¦ç™»å½•éªŒè¯ï¼š/business/admin/station/query-list
2023-10-23 18:42:42.189 INFO  c.example.train.gateway.config.LoginMemberFilter  :28   reactor-http-nio-2 [32m                [0;39m ä¸éœ€è¦ç™»å½•éªŒè¯ï¼š/business/admin/confirm-order/query-list
2023-10-23 18:42:48.474 INFO  c.example.train.gateway.config.LoginMemberFilter  :28   reactor-http-nio-2 [32m                [0;39m ä¸éœ€è¦ç™»å½•éªŒè¯ï¼š/business/admin/station/query-list
2023-10-23 18:42:50.670 INFO  c.example.train.gateway.config.LoginMemberFilter  :28   reactor-http-nio-2 [32m                [0;39m ä¸éœ€è¦ç™»å½•éªŒè¯ï¼š/business/admin/train/query-list
2023-10-23 18:42:53.129 INFO  c.example.train.gateway.config.LoginMemberFilter  :28   reactor-http-nio-2 [32m                [0;39m ä¸éœ€è¦ç™»å½•éªŒè¯ï¼š/business/admin/train/query-list
2023-10-23 18:42:53.574 INFO  c.example.train.gateway.config.LoginMemberFilter  :28   reactor-http-nio-2 [32m                [0;39m ä¸éœ€è¦ç™»å½•éªŒè¯ï¼š/business/admin/station/query-all
2023-10-23 18:42:53.592 INFO  c.example.train.gateway.config.LoginMemberFilter  :28   reactor-http-nio-2 [32m                [0;39m ä¸éœ€è¦ç™»å½•éªŒè¯ï¼š/business/admin/station/query-all
2023-10-23 18:45:45.386 INFO  c.example.train.gateway.config.LoginMemberFilter  :28   reactor-http-nio-2 [32m                [0;39m ä¸éœ€è¦ç™»å½•éªŒè¯ï¼š/business/admin/train/query-all
2023-10-23 18:45:45.390 INFO  c.example.train.gateway.config.LoginMemberFilter  :28   reactor-http-nio-3 [32m                [0;39m ä¸éœ€è¦ç™»å½•éªŒè¯ï¼š/business/admin/train-station/query-list
2023-10-23 18:45:48.537 INFO  c.example.train.gateway.config.LoginMemberFilter  :28   reactor-http-nio-2 [32m                [0;39m ä¸éœ€è¦ç™»å½•éªŒè¯ï¼š/business/admin/station/query-all
2023-10-23 18:45:48.537 INFO  c.example.train.gateway.config.LoginMemberFilter  :28   reactor-http-nio-3 [32m                [0;39m ä¸éœ€è¦ç™»å½•éªŒè¯ï¼š/business/admin/train/query-all
2023-10-23 18:47:48.240 INFO  c.example.train.gateway.config.LoginMemberFilter  :28   reactor-http-nio-2 [32m                [0;39m ä¸éœ€è¦ç™»å½•éªŒè¯ï¼š/business/admin/train/query-all
2023-10-23 18:47:48.240 INFO  c.example.train.gateway.config.LoginMemberFilter  :28   reactor-http-nio-3 [32m                [0;39m ä¸éœ€è¦ç™»å½•éªŒè¯ï¼š/business/admin/train-station/query-list
2023-10-23 18:47:49.750 INFO  c.example.train.gateway.config.LoginMemberFilter  :28   reactor-http-nio-2 [32m                [0;39m ä¸éœ€è¦ç™»å½•éªŒè¯ï¼š/business/admin/train-carriage/query-list
2023-10-23 18:47:49.750 INFO  c.example.train.gateway.config.LoginMemberFilter  :28   reactor-http-nio-3 [32m                [0;39m ä¸éœ€è¦ç™»å½•éªŒè¯ï¼š/business/admin/train/query-all
2023-10-23 18:47:51.611 INFO  c.example.train.gateway.config.LoginMemberFilter  :28   reactor-http-nio-2 [32m                [0;39m ä¸éœ€è¦ç™»å½•éªŒè¯ï¼š/business/admin/train/query-all
2023-10-23 18:48:07.743 INFO  c.example.train.gateway.config.LoginMemberFilter  :28   reactor-http-nio-2 [32m                [0;39m ä¸éœ€è¦ç™»å½•éªŒè¯ï¼š/business/admin/train/query-all
2023-10-23 18:48:07.744 INFO  c.example.train.gateway.config.LoginMemberFilter  :28   reactor-http-nio-3 [32m                [0;39m ä¸éœ€è¦ç™»å½•éªŒè¯ï¼š/business/admin/train-carriage/query-list
2023-10-23 18:48:12.080 INFO  c.example.train.gateway.config.LoginMemberFilter  :28   reactor-http-nio-3 [32m                [0;39m ä¸éœ€è¦ç™»å½•éªŒè¯ï¼š/business/admin/train/query-all
2023-10-23 18:51:35.672 INFO  c.example.train.gateway.config.LoginMemberFilter  :28   reactor-http-nio-4 [32m                [0;39m ä¸éœ€è¦ç™»å½•éªŒè¯ï¼š/business/admin/train/query-all
2023-10-23 18:51:35.674 INFO  c.example.train.gateway.config.LoginMemberFilter  :28   reactor-http-nio-5 [32m                [0;39m ä¸éœ€è¦ç™»å½•éªŒè¯ï¼š/business/admin/train-carriage/query-list
2023-10-23 18:51:35.681 WARN  reactor.netty.http.client.HttpClientConnect       :304  reactor-http-nio-5 [32m                [0;39m [20f999a2-1, L:/127.0.0.1:59957 - R:/127.0.0.1:8002] The connection observed an error
java.net.SocketException: Connection reset
	at java.base/sun.nio.ch.SocketChannelImpl.throwConnectionReset(SocketChannelImpl.java:394)
	at java.base/sun.nio.ch.SocketChannelImpl.read(SocketChannelImpl.java:426)
	at io.netty.buffer.PooledByteBuf.setBytes(PooledByteBuf.java:254)
	at io.netty.buffer.AbstractByteBuf.writeBytes(AbstractByteBuf.java:1132)
	at io.netty.channel.socket.nio.NioSocketChannel.doReadBytes(NioSocketChannel.java:357)
	at io.netty.channel.nio.AbstractNioByteChannel$NioByteUnsafe.read(AbstractNioByteChannel.java:151)
	at io.netty.channel.nio.NioEventLoop.processSelectedKey(NioEventLoop.java:788)
	at io.netty.channel.nio.NioEventLoop.processSelectedKeysOptimized(NioEventLoop.java:724)
	at io.netty.channel.nio.NioEventLoop.processSelectedKeys(NioEventLoop.java:650)
	at io.netty.channel.nio.NioEventLoop.run(NioEventLoop.java:562)
	at io.netty.util.concurrent.SingleThreadEventExecutor$4.run(SingleThreadEventExecutor.java:997)
	at io.netty.util.internal.ThreadExecutorMap$2.run(ThreadExecutorMap.java:74)
	at io.netty.util.concurrent.FastThreadLocalRunnable.run(FastThreadLocalRunnable.java:30)
	at java.base/java.lang.Thread.run(Thread.java:833)
2023-10-23 18:51:35.681 WARN  reactor.netty.http.client.HttpClientConnect       :304  reactor-http-nio-4 [32m                [0;39m [293a4ffc-1, L:/127.0.0.1:59956 - R:/127.0.0.1:8002] The connection observed an error
java.io.IOException: ä½ çš„ä¸»æœºä¸­çš„è½¯ä»¶ä¸­æ­¢äº†ä¸€ä¸ªå·²å»ºç«‹çš„è¿æ¥ã€‚
	at java.base/sun.nio.ch.SocketDispatcher.read0(Native Method)
	at java.base/sun.nio.ch.SocketDispatcher.read(SocketDispatcher.java:46)
	at java.base/sun.nio.ch.IOUtil.readIntoNativeBuffer(IOUtil.java:330)
	at java.base/sun.nio.ch.IOUtil.read(IOUtil.java:284)
	at java.base/sun.nio.ch.IOUtil.read(IOUtil.java:259)
	at java.base/sun.nio.ch.SocketChannelImpl.read(SocketChannelImpl.java:417)
	at io.netty.buffer.PooledByteBuf.setBytes(PooledByteBuf.java:254)
	at io.netty.buffer.AbstractByteBuf.writeBytes(AbstractByteBuf.java:1132)
	at io.netty.channel.socket.nio.NioSocketChannel.doReadBytes(NioSocketChannel.java:357)
	at io.netty.channel.nio.AbstractNioByteChannel$NioByteUnsafe.read(AbstractNioByteChannel.java:151)
	at io.netty.channel.nio.NioEventLoop.processSelectedKey(NioEventLoop.java:788)
	at io.netty.channel.nio.NioEventLoop.processSelectedKeysOptimized(NioEventLoop.java:724)
	at io.netty.channel.nio.NioEventLoop.processSelectedKeys(NioEventLoop.java:650)
	at io.netty.channel.nio.NioEventLoop.run(NioEventLoop.java:562)
	at io.netty.util.concurrent.SingleThreadEventExecutor$4.run(SingleThreadEventExecutor.java:997)
	at io.netty.util.internal.ThreadExecutorMap$2.run(ThreadExecutorMap.java:74)
	at io.netty.util.concurrent.FastThreadLocalRunnable.run(FastThreadLocalRunnable.java:30)
	at java.base/java.lang.Thread.run(Thread.java:833)
2023-10-23 18:51:35.728 ERROR o.s.b.a.w.r.error.AbstractErrorWebExceptionHandler:102  reactor-http-nio-5 [32m                [0;39m [bf903ae3-21]  500 Server Error for HTTP GET "/business/admin/train-carriage/query-list?page=1&size=10"
java.net.SocketException: Connection reset
	at java.base/sun.nio.ch.SocketChannelImpl.throwConnectionReset(SocketChannelImpl.java:394)
	Suppressed: reactor.core.publisher.FluxOnAssembly$OnAssemblyException: 
Error has been observed at the following site(s):
	*__checkpoint â‡¢ org.springframework.cloud.gateway.filter.WeightCalculatorWebFilter [DefaultWebFilterChain]
	*__checkpoint â‡¢ HTTP GET "/business/admin/train-carriage/query-list?page=1&size=10" [ExceptionHandlingWebHandler]
Original Stack Trace:
		at java.base/sun.nio.ch.SocketChannelImpl.throwConnectionReset(SocketChannelImpl.java:394)
		at java.base/sun.nio.ch.SocketChannelImpl.read(SocketChannelImpl.java:426)
		at io.netty.buffer.PooledByteBuf.setBytes(PooledByteBuf.java:254)
		at io.netty.buffer.AbstractByteBuf.writeBytes(AbstractByteBuf.java:1132)
		at io.netty.channel.socket.nio.NioSocketChannel.doReadBytes(NioSocketChannel.java:357)
		at io.netty.channel.nio.AbstractNioByteChannel$NioByteUnsafe.read(AbstractNioByteChannel.java:151)
		at io.netty.channel.nio.NioEventLoop.processSelectedKey(NioEventLoop.java:788)
		at io.netty.channel.nio.NioEventLoop.processSelectedKeysOptimized(NioEventLoop.java:724)
		at io.netty.channel.nio.NioEventLoop.processSelectedKeys(NioEventLoop.java:650)
		at io.netty.channel.nio.NioEventLoop.run(NioEventLoop.java:562)
		at io.netty.util.concurrent.SingleThreadEventExecutor$4.run(SingleThreadEventExecutor.java:997)
		at io.netty.util.internal.ThreadExecutorMap$2.run(ThreadExecutorMap.java:74)
		at io.netty.util.concurrent.FastThreadLocalRunnable.run(FastThreadLocalRunnable.java:30)
		at java.base/java.lang.Thread.run(Thread.java:833)
2023-10-23 18:51:35.732 ERROR o.s.b.a.w.r.error.AbstractErrorWebExceptionHandler:102  reactor-http-nio-4 [32m                [0;39m [0576ea1a-20]  500 Server Error for HTTP GET "/business/admin/train/query-all"
java.io.IOException: ä½ çš„ä¸»æœºä¸­çš„è½¯ä»¶ä¸­æ­¢äº†ä¸€ä¸ªå·²å»ºç«‹çš„è¿æ¥ã€‚
	at java.base/sun.nio.ch.SocketDispatcher.read0(Native Method)
	Suppressed: reactor.core.publisher.FluxOnAssembly$OnAssemblyException: 
Error has been observed at the following site(s):
	*__checkpoint â‡¢ org.springframework.cloud.gateway.filter.WeightCalculatorWebFilter [DefaultWebFilterChain]
	*__checkpoint â‡¢ HTTP GET "/business/admin/train/query-all" [ExceptionHandlingWebHandler]
Original Stack Trace:
		at java.base/sun.nio.ch.SocketDispatcher.read0(Native Method)
		at java.base/sun.nio.ch.SocketDispatcher.read(SocketDispatcher.java:46)
		at java.base/sun.nio.ch.IOUtil.readIntoNativeBuffer(IOUtil.java:330)
		at java.base/sun.nio.ch.IOUtil.read(IOUtil.java:284)
		at java.base/sun.nio.ch.IOUtil.read(IOUtil.java:259)
		at java.base/sun.nio.ch.SocketChannelImpl.read(SocketChannelImpl.java:417)
		at io.netty.buffer.PooledByteBuf.setBytes(PooledByteBuf.java:254)
		at io.netty.buffer.AbstractByteBuf.writeBytes(AbstractByteBuf.java:1132)
		at io.netty.channel.socket.nio.NioSocketChannel.doReadBytes(NioSocketChannel.java:357)
		at io.netty.channel.nio.AbstractNioByteChannel$NioByteUnsafe.read(AbstractNioByteChannel.java:151)
		at io.netty.channel.nio.NioEventLoop.processSelectedKey(NioEventLoop.java:788)
		at io.netty.channel.nio.NioEventLoop.processSelectedKeysOptimized(NioEventLoop.java:724)
		at io.netty.channel.nio.NioEventLoop.processSelectedKeys(NioEventLoop.java:650)
		at io.netty.channel.nio.NioEventLoop.run(NioEventLoop.java:562)
		at io.netty.util.concurrent.SingleThreadEventExecutor$4.run(SingleThreadEventExecutor.java:997)
		at io.netty.util.internal.ThreadExecutorMap$2.run(ThreadExecutorMap.java:74)
		at io.netty.util.concurrent.FastThreadLocalRunnable.run(FastThreadLocalRunnable.java:30)
		at java.base/java.lang.Thread.run(Thread.java:833)
2023-10-23 18:51:37.188 INFO  c.example.train.gateway.config.LoginMemberFilter  :28   reactor-http-nio-5 [32m                [0;39m ä¸éœ€è¦ç™»å½•éªŒè¯ï¼š/business/admin/train/query-all
2023-10-23 18:51:37.188 INFO  c.example.train.gateway.config.LoginMemberFilter  :28   reactor-http-nio-4 [32m                [0;39m ä¸éœ€è¦ç™»å½•éªŒè¯ï¼š/business/admin/train-seat/query-list
2023-10-23 18:51:37.194 ERROR o.s.b.a.w.r.error.AbstractErrorWebExceptionHandler:102  reactor-http-nio-5 [32m                [0;39m [bf903ae3-22]  500 Server Error for HTTP GET "/business/admin/train/query-all"
io.netty.channel.AbstractChannel$AnnotatedConnectException: Connection refused: no further information: /127.0.0.1:8002
	Suppressed: reactor.core.publisher.FluxOnAssembly$OnAssemblyException: 
Error has been observed at the following site(s):
	*__checkpoint â‡¢ org.springframework.cloud.gateway.filter.WeightCalculatorWebFilter [DefaultWebFilterChain]
	*__checkpoint â‡¢ HTTP GET "/business/admin/train/query-all" [ExceptionHandlingWebHandler]
Original Stack Trace:
Caused by: java.net.ConnectException: Connection refused: no further information
	at java.base/sun.nio.ch.Net.pollConnect(Native Method)
	at java.base/sun.nio.ch.Net.pollConnectNow(Net.java:672)
	at java.base/sun.nio.ch.SocketChannelImpl.finishConnect(SocketChannelImpl.java:946)
	at io.netty.channel.socket.nio.NioSocketChannel.doFinishConnect(NioSocketChannel.java:337)
	at io.netty.channel.nio.AbstractNioChannel$AbstractNioUnsafe.finishConnect(AbstractNioChannel.java:334)
	at io.netty.channel.nio.NioEventLoop.processSelectedKey(NioEventLoop.java:776)
	at io.netty.channel.nio.NioEventLoop.processSelectedKeysOptimized(NioEventLoop.java:724)
	at io.netty.channel.nio.NioEventLoop.processSelectedKeys(NioEventLoop.java:650)
	at io.netty.channel.nio.NioEventLoop.run(NioEventLoop.java:562)
	at io.netty.util.concurrent.SingleThreadEventExecutor$4.run(SingleThreadEventExecutor.java:997)
	at io.netty.util.internal.ThreadExecutorMap$2.run(ThreadExecutorMap.java:74)
	at io.netty.util.concurrent.FastThreadLocalRunnable.run(FastThreadLocalRunnable.java:30)
	at java.base/java.lang.Thread.run(Thread.java:833)
2023-10-23 18:51:37.194 ERROR o.s.b.a.w.r.error.AbstractErrorWebExceptionHandler:102  reactor-http-nio-4 [32m                [0;39m [0576ea1a-23]  500 Server Error for HTTP GET "/business/admin/train-seat/query-list?page=1&size=10"
io.netty.channel.AbstractChannel$AnnotatedConnectException: Connection refused: no further information: /127.0.0.1:8002
	Suppressed: reactor.core.publisher.FluxOnAssembly$OnAssemblyException: 
Error has been observed at the following site(s):
	*__checkpoint â‡¢ org.springframework.cloud.gateway.filter.WeightCalculatorWebFilter [DefaultWebFilterChain]
	*__checkpoint â‡¢ HTTP GET "/business/admin/train-seat/query-list?page=1&size=10" [ExceptionHandlingWebHandler]
Original Stack Trace:
Caused by: java.net.ConnectException: Connection refused: no further information
	at java.base/sun.nio.ch.Net.pollConnect(Native Method)
	at java.base/sun.nio.ch.Net.pollConnectNow(Net.java:672)
	at java.base/sun.nio.ch.SocketChannelImpl.finishConnect(SocketChannelImpl.java:946)
	at io.netty.channel.socket.nio.NioSocketChannel.doFinishConnect(NioSocketChannel.java:337)
	at io.netty.channel.nio.AbstractNioChannel$AbstractNioUnsafe.finishConnect(AbstractNioChannel.java:334)
	at io.netty.channel.nio.NioEventLoop.processSelectedKey(NioEventLoop.java:776)
	at io.netty.channel.nio.NioEventLoop.processSelectedKeysOptimized(NioEventLoop.java:724)
	at io.netty.channel.nio.NioEventLoop.processSelectedKeys(NioEventLoop.java:650)
	at io.netty.channel.nio.NioEventLoop.run(NioEventLoop.java:562)
	at io.netty.util.concurrent.SingleThreadEventExecutor$4.run(SingleThreadEventExecutor.java:997)
	at io.netty.util.internal.ThreadExecutorMap$2.run(ThreadExecutorMap.java:74)
	at io.netty.util.concurrent.FastThreadLocalRunnable.run(FastThreadLocalRunnable.java:30)
	at java.base/java.lang.Thread.run(Thread.java:833)
2023-10-23 18:51:42.000 INFO  c.example.train.gateway.config.LoginMemberFilter  :28   reactor-http-nio-5 [32m                [0;39m ä¸éœ€è¦ç™»å½•éªŒè¯ï¼š/business/admin/train/query-all
2023-10-23 18:51:42.000 INFO  c.example.train.gateway.config.LoginMemberFilter  :28   reactor-http-nio-4 [32m                [0;39m ä¸éœ€è¦ç™»å½•éªŒè¯ï¼š/business/admin/train-seat/query-list
2023-10-23 18:51:43.343 INFO  c.example.train.gateway.config.LoginMemberFilter  :28   reactor-http-nio-4 [32m                [0;39m ä¸éœ€è¦ç™»å½•éªŒè¯ï¼š/business/admin/train-seat/query-list
2023-10-23 18:51:46.407 INFO  c.example.train.gateway.config.LoginMemberFilter  :28   reactor-http-nio-4 [32m                [0;39m ä¸éœ€è¦ç™»å½•éªŒè¯ï¼š/business/admin/train/query-all
2023-10-23 18:51:46.407 INFO  c.example.train.gateway.config.LoginMemberFilter  :28   reactor-http-nio-5 [32m                [0;39m ä¸éœ€è¦ç™»å½•éªŒè¯ï¼š/business/admin/train-carriage/query-list
2023-10-23 18:51:48.190 INFO  c.example.train.gateway.config.LoginMemberFilter  :28   reactor-http-nio-4 [32m                [0;39m ä¸éœ€è¦ç™»å½•éªŒè¯ï¼š/business/admin/train-seat/query-list
2023-10-23 18:51:48.190 INFO  c.example.train.gateway.config.LoginMemberFilter  :28   reactor-http-nio-5 [32m                [0;39m ä¸éœ€è¦ç™»å½•éªŒè¯ï¼š/business/admin/train/query-all
2023-10-23 18:51:53.758 INFO  c.example.train.gateway.config.LoginMemberFilter  :28   reactor-http-nio-4 [32m                [0;39m ä¸éœ€è¦ç™»å½•éªŒè¯ï¼š/business/admin/train/query-all
2023-10-23 18:51:53.759 INFO  c.example.train.gateway.config.LoginMemberFilter  :28   reactor-http-nio-5 [32m                [0;39m ä¸éœ€è¦ç™»å½•éªŒè¯ï¼š/business/admin/train-seat/query-list
2023-10-23 18:54:22.149 INFO  c.example.train.gateway.config.LoginMemberFilter  :28   reactor-http-nio-5 [32m                [0;39m ä¸éœ€è¦ç™»å½•éªŒè¯ï¼š/business/admin/train/query-all
2023-10-23 18:54:22.150 INFO  c.example.train.gateway.config.LoginMemberFilter  :28   reactor-http-nio-4 [32m                [0;39m ä¸éœ€è¦ç™»å½•éªŒè¯ï¼š/business/admin/train-seat/query-list
2023-10-23 18:54:27.309 INFO  c.example.train.gateway.config.LoginMemberFilter  :28   reactor-http-nio-5 [32m                [0;39m ä¸éœ€è¦ç™»å½•éªŒè¯ï¼š/business/admin/train-carriage/query-list
2023-10-23 18:54:27.309 INFO  c.example.train.gateway.config.LoginMemberFilter  :28   reactor-http-nio-4 [32m                [0;39m ä¸éœ€è¦ç™»å½•éªŒè¯ï¼š/business/admin/train/query-all
2023-10-23 18:54:29.363 INFO  c.example.train.gateway.config.LoginMemberFilter  :28   reactor-http-nio-5 [32m                [0;39m ä¸éœ€è¦ç™»å½•éªŒè¯ï¼š/business/admin/train/query-all
2023-10-23 18:54:29.363 INFO  c.example.train.gateway.config.LoginMemberFilter  :28   reactor-http-nio-4 [32m                [0;39m ä¸éœ€è¦ç™»å½•éªŒè¯ï¼š/business/admin/train-seat/query-list
2023-10-23 18:54:57.615 INFO  c.example.train.gateway.config.LoginMemberFilter  :28   reactor-http-nio-4 [32m                [0;39m ä¸éœ€è¦ç™»å½•éªŒè¯ï¼š/business/admin/train/query-all
2023-10-23 18:54:57.615 INFO  c.example.train.gateway.config.LoginMemberFilter  :28   reactor-http-nio-5 [32m                [0;39m ä¸éœ€è¦ç™»å½•éªŒè¯ï¼š/business/admin/train-carriage/query-list
2023-10-23 18:55:12.582 INFO  c.example.train.gateway.config.LoginMemberFilter  :28   reactor-http-nio-5 [32m                [0;39m ä¸éœ€è¦ç™»å½•éªŒè¯ï¼š/business/admin/train/query-all
2023-10-23 18:55:12.582 INFO  c.example.train.gateway.config.LoginMemberFilter  :28   reactor-http-nio-4 [32m                [0;39m ä¸éœ€è¦ç™»å½•éªŒè¯ï¼š/business/admin/train-seat/query-list
2023-10-23 18:55:15.591 INFO  c.example.train.gateway.config.LoginMemberFilter  :28   reactor-http-nio-4 [32m                [0;39m ä¸éœ€è¦ç™»å½•éªŒè¯ï¼š/business/admin/train/query-all
2023-10-23 18:55:15.591 INFO  c.example.train.gateway.config.LoginMemberFilter  :28   reactor-http-nio-5 [32m                [0;39m ä¸éœ€è¦ç™»å½•éªŒè¯ï¼š/business/admin/train-seat/query-list
2023-10-23 18:58:06.475 INFO  c.example.train.gateway.config.LoginMemberFilter  :28   reactor-http-nio-5 [32m                [0;39m ä¸éœ€è¦ç™»å½•éªŒè¯ï¼š/business/admin/station/query-list
2023-10-23 19:03:34.798 INFO  c.example.train.gateway.config.LoginMemberFilter  :28   reactor-http-nio-6 [32m                [0;39m ä¸éœ€è¦ç™»å½•éªŒè¯ï¼š/business/admin/station/query-list
2023-10-23 19:03:37.996 INFO  c.example.train.gateway.config.LoginMemberFilter  :28   reactor-http-nio-6 [32m                [0;39m ä¸éœ€è¦ç™»å½•éªŒè¯ï¼š/business/admin/train/query-list
2023-10-23 19:03:39.463 INFO  c.example.train.gateway.config.LoginMemberFilter  :28   reactor-http-nio-6 [32m                [0;39m ä¸éœ€è¦ç™»å½•éªŒè¯ï¼š/business/admin/station/query-all
2023-10-23 19:03:39.471 INFO  c.example.train.gateway.config.LoginMemberFilter  :28   reactor-http-nio-6 [32m                [0;39m ä¸éœ€è¦ç™»å½•éªŒè¯ï¼š/business/admin/station/query-all
2023-10-23 19:03:48.445 INFO  c.example.train.gateway.config.LoginMemberFilter  :28   reactor-http-nio-7 [32m                [0;39m ä¸éœ€è¦ç™»å½•éªŒè¯ï¼š/business/admin/station/query-all
2023-10-23 19:04:21.709 INFO  c.example.train.gateway.config.LoginMemberFilter  :28   reactor-http-nio-6 [32m                [0;39m ä¸éœ€è¦ç™»å½•éªŒè¯ï¼š/business/admin/train/query-list
2023-10-23 19:04:23.973 INFO  c.example.train.gateway.config.LoginMemberFilter  :28   reactor-http-nio-6 [32m                [0;39m ä¸éœ€è¦ç™»å½•éªŒè¯ï¼š/business/admin/station/query-all
2023-10-23 19:04:23.980 INFO  c.example.train.gateway.config.LoginMemberFilter  :28   reactor-http-nio-6 [32m                [0;39m ä¸éœ€è¦ç™»å½•éªŒè¯ï¼š/business/admin/station/query-all
2023-10-23 19:05:44.565 INFO  c.example.train.gateway.config.LoginMemberFilter  :28   reactor-http-nio-6 [32m                [0;39m ä¸éœ€è¦ç™»å½•éªŒè¯ï¼š/business/admin/train/query-list
2023-10-23 19:05:46.064 INFO  c.example.train.gateway.config.LoginMemberFilter  :28   reactor-http-nio-6 [32m                [0;39m ä¸éœ€è¦ç™»å½•éªŒè¯ï¼š/business/admin/station/query-all
2023-10-23 19:05:46.076 INFO  c.example.train.gateway.config.LoginMemberFilter  :28   reactor-http-nio-6 [32m                [0;39m ä¸éœ€è¦ç™»å½•éªŒè¯ï¼š/business/admin/station/query-all
2023-10-23 19:05:55.834 INFO  c.example.train.gateway.config.LoginMemberFilter  :28   reactor-http-nio-6 [32m                [0;39m ä¸éœ€è¦ç™»å½•éªŒè¯ï¼š/business/admin/train/query-list
2023-10-23 19:05:59.394 INFO  c.example.train.gateway.config.LoginMemberFilter  :28   reactor-http-nio-6 [32m                [0;39m ä¸éœ€è¦ç™»å½•éªŒè¯ï¼š/business/admin/station/query-all
2023-10-23 19:05:59.401 INFO  c.example.train.gateway.config.LoginMemberFilter  :28   reactor-http-nio-6 [32m                [0;39m ä¸éœ€è¦ç™»å½•éªŒè¯ï¼š/business/admin/station/query-all
2023-10-23 19:07:26.915 INFO  c.example.train.gateway.config.LoginMemberFilter  :28   reactor-http-nio-6 [32m                [0;39m ä¸éœ€è¦ç™»å½•éªŒè¯ï¼š/business/admin/train/query-list
2023-10-23 19:07:38.978 INFO  c.example.train.gateway.config.LoginMemberFilter  :28   reactor-http-nio-6 [32m                [0;39m ä¸éœ€è¦ç™»å½•éªŒè¯ï¼š/business/admin/station/query-all
2023-10-23 19:07:38.985 INFO  c.example.train.gateway.config.LoginMemberFilter  :28   reactor-http-nio-6 [32m                [0;39m ä¸éœ€è¦ç™»å½•éªŒè¯ï¼š/business/admin/station/query-all
2023-10-23 19:09:34.076 INFO  c.example.train.gateway.config.LoginMemberFilter  :28   reactor-http-nio-6 [32m                [0;39m ä¸éœ€è¦ç™»å½•éªŒè¯ï¼š/business/admin/train/query-list
2023-10-23 19:09:35.929 INFO  c.example.train.gateway.config.LoginMemberFilter  :28   reactor-http-nio-6 [32m                [0;39m ä¸éœ€è¦ç™»å½•éªŒè¯ï¼š/business/admin/station/query-list
2023-10-23 19:09:41.579 INFO  c.example.train.gateway.config.LoginMemberFilter  :28   reactor-http-nio-6 [32m                [0;39m ä¸éœ€è¦ç™»å½•éªŒè¯ï¼š/business/admin/station/query-list
2023-10-23 19:09:43.374 INFO  c.example.train.gateway.config.LoginMemberFilter  :28   reactor-http-nio-6 [32m                [0;39m ä¸éœ€è¦ç™»å½•éªŒè¯ï¼š/business/admin/train/query-list
2023-10-23 19:09:45.366 INFO  c.example.train.gateway.config.LoginMemberFilter  :28   reactor-http-nio-6 [32m                [0;39m ä¸éœ€è¦ç™»å½•éªŒè¯ï¼š/business/admin/station/query-all
2023-10-23 19:09:45.405 INFO  c.example.train.gateway.config.LoginMemberFilter  :28   reactor-http-nio-6 [32m                [0;39m ä¸éœ€è¦ç™»å½•éªŒè¯ï¼š/business/admin/station/query-all
2023-10-23 19:10:44.082 INFO  c.example.train.gateway.config.LoginMemberFilter  :28   reactor-http-nio-6 [32m                [0;39m ä¸éœ€è¦ç™»å½•éªŒè¯ï¼š/business/admin/train/query-all
2023-10-23 19:10:44.085 INFO  c.example.train.gateway.config.LoginMemberFilter  :28   reactor-http-nio-1 [32m                [0;39m ä¸éœ€è¦ç™»å½•éªŒè¯ï¼š/business/admin/train-station/query-list
2023-10-23 19:10:45.768 INFO  c.example.train.gateway.config.LoginMemberFilter  :28   reactor-http-nio-1 [32m                [0;39m ä¸éœ€è¦ç™»å½•éªŒè¯ï¼š/business/admin/station/query-list
2023-10-23 19:11:54.468 INFO  c.example.train.gateway.config.LoginMemberFilter  :28   reactor-http-nio-1 [32m                [0;39m ä¸éœ€è¦ç™»å½•éªŒè¯ï¼š/business/admin/train/query-list
2023-10-23 19:11:55.094 INFO  c.example.train.gateway.config.LoginMemberFilter  :28   reactor-http-nio-1 [32m                [0;39m ä¸éœ€è¦ç™»å½•éªŒè¯ï¼š/business/admin/station/query-list
2023-10-23 19:13:27.111 INFO  c.example.train.gateway.config.LoginMemberFilter  :28   reactor-http-nio-1 [32m                [0;39m ä¸éœ€è¦ç™»å½•éªŒè¯ï¼š/business/admin/station/query-list
2023-10-23 19:13:27.115 ERROR o.s.b.a.w.r.error.AbstractErrorWebExceptionHandler:102  reactor-http-nio-1 [32m                [0;39m [1308e98a-75]  500 Server Error for HTTP GET "/business/admin/station/query-list?page=1&size=10"
io.netty.channel.AbstractChannel$AnnotatedConnectException: Connection refused: no further information: /127.0.0.1:8002
	Suppressed: reactor.core.publisher.FluxOnAssembly$OnAssemblyException: 
Error has been observed at the following site(s):
	*__checkpoint â‡¢ org.springframework.cloud.gateway.filter.WeightCalculatorWebFilter [DefaultWebFilterChain]
	*__checkpoint â‡¢ HTTP GET "/business/admin/station/query-list?page=1&size=10" [ExceptionHandlingWebHandler]
Original Stack Trace:
Caused by: java.net.ConnectException: Connection refused: no further information
	at java.base/sun.nio.ch.Net.pollConnect(Native Method)
	at java.base/sun.nio.ch.Net.pollConnectNow(Net.java:672)
	at java.base/sun.nio.ch.SocketChannelImpl.finishConnect(SocketChannelImpl.java:946)
	at io.netty.channel.socket.nio.NioSocketChannel.doFinishConnect(NioSocketChannel.java:337)
	at io.netty.channel.nio.AbstractNioChannel$AbstractNioUnsafe.finishConnect(AbstractNioChannel.java:334)
	at io.netty.channel.nio.NioEventLoop.processSelectedKey(NioEventLoop.java:776)
	at io.netty.channel.nio.NioEventLoop.processSelectedKeysOptimized(NioEventLoop.java:724)
	at io.netty.channel.nio.NioEventLoop.processSelectedKeys(NioEventLoop.java:650)
	at io.netty.channel.nio.NioEventLoop.run(NioEventLoop.java:562)
	at io.netty.util.concurrent.SingleThreadEventExecutor$4.run(SingleThreadEventExecutor.java:997)
	at io.netty.util.internal.ThreadExecutorMap$2.run(ThreadExecutorMap.java:74)
	at io.netty.util.concurrent.FastThreadLocalRunnable.run(FastThreadLocalRunnable.java:30)
	at java.base/java.lang.Thread.run(Thread.java:833)
2023-10-23 19:13:28.047 INFO  c.example.train.gateway.config.LoginMemberFilter  :28   reactor-http-nio-1 [32m                [0;39m ä¸éœ€è¦ç™»å½•éªŒè¯ï¼š/business/admin/train/query-list
2023-10-23 19:13:28.050 ERROR o.s.b.a.w.r.error.AbstractErrorWebExceptionHandler:102  reactor-http-nio-1 [32m                [0;39m [1308e98a-76]  500 Server Error for HTTP GET "/business/admin/train/query-list?page=1&size=10"
io.netty.channel.AbstractChannel$AnnotatedConnectException: Connection refused: no further information: /127.0.0.1:8002
	Suppressed: reactor.core.publisher.FluxOnAssembly$OnAssemblyException: 
Error has been observed at the following site(s):
	*__checkpoint â‡¢ org.springframework.cloud.gateway.filter.WeightCalculatorWebFilter [DefaultWebFilterChain]
	*__checkpoint â‡¢ HTTP GET "/business/admin/train/query-list?page=1&size=10" [ExceptionHandlingWebHandler]
Original Stack Trace:
Caused by: java.net.ConnectException: Connection refused: no further information
	at java.base/sun.nio.ch.Net.pollConnect(Native Method)
	at java.base/sun.nio.ch.Net.pollConnectNow(Net.java:672)
	at java.base/sun.nio.ch.SocketChannelImpl.finishConnect(SocketChannelImpl.java:946)
	at io.netty.channel.socket.nio.NioSocketChannel.doFinishConnect(NioSocketChannel.java:337)
	at io.netty.channel.nio.AbstractNioChannel$AbstractNioUnsafe.finishConnect(AbstractNioChannel.java:334)
	at io.netty.channel.nio.NioEventLoop.processSelectedKey(NioEventLoop.java:776)
	at io.netty.channel.nio.NioEventLoop.processSelectedKeysOptimized(NioEventLoop.java:724)
	at io.netty.channel.nio.NioEventLoop.processSelectedKeys(NioEventLoop.java:650)
	at io.netty.channel.nio.NioEventLoop.run(NioEventLoop.java:562)
	at io.netty.util.concurrent.SingleThreadEventExecutor$4.run(SingleThreadEventExecutor.java:997)
	at io.netty.util.internal.ThreadExecutorMap$2.run(ThreadExecutorMap.java:74)
	at io.netty.util.concurrent.FastThreadLocalRunnable.run(FastThreadLocalRunnable.java:30)
	at java.base/java.lang.Thread.run(Thread.java:833)
2023-10-23 19:13:36.532 INFO  c.example.train.gateway.config.LoginMemberFilter  :28   reactor-http-nio-1 [32m                [0;39m ä¸éœ€è¦ç™»å½•éªŒè¯ï¼š/business/admin/train/query-list
2023-10-23 19:13:36.536 ERROR o.s.b.a.w.r.error.AbstractErrorWebExceptionHandler:102  reactor-http-nio-1 [32m                [0;39m [1308e98a-77]  500 Server Error for HTTP GET "/business/admin/train/query-list?page=1&size=10"
io.netty.channel.AbstractChannel$AnnotatedConnectException: Connection refused: no further information: /127.0.0.1:8002
	Suppressed: reactor.core.publisher.FluxOnAssembly$OnAssemblyException: 
Error has been observed at the following site(s):
	*__checkpoint â‡¢ org.springframework.cloud.gateway.filter.WeightCalculatorWebFilter [DefaultWebFilterChain]
	*__checkpoint â‡¢ HTTP GET "/business/admin/train/query-list?page=1&size=10" [ExceptionHandlingWebHandler]
Original Stack Trace:
Caused by: java.net.ConnectException: Connection refused: no further information
	at java.base/sun.nio.ch.Net.pollConnect(Native Method)
	at java.base/sun.nio.ch.Net.pollConnectNow(Net.java:672)
	at java.base/sun.nio.ch.SocketChannelImpl.finishConnect(SocketChannelImpl.java:946)
	at io.netty.channel.socket.nio.NioSocketChannel.doFinishConnect(NioSocketChannel.java:337)
	at io.netty.channel.nio.AbstractNioChannel$AbstractNioUnsafe.finishConnect(AbstractNioChannel.java:334)
	at io.netty.channel.nio.NioEventLoop.processSelectedKey(NioEventLoop.java:776)
	at io.netty.channel.nio.NioEventLoop.processSelectedKeysOptimized(NioEventLoop.java:724)
	at io.netty.channel.nio.NioEventLoop.processSelectedKeys(NioEventLoop.java:650)
	at io.netty.channel.nio.NioEventLoop.run(NioEventLoop.java:562)
	at io.netty.util.concurrent.SingleThreadEventExecutor$4.run(SingleThreadEventExecutor.java:997)
	at io.netty.util.internal.ThreadExecutorMap$2.run(ThreadExecutorMap.java:74)
	at io.netty.util.concurrent.FastThreadLocalRunnable.run(FastThreadLocalRunnable.java:30)
	at java.base/java.lang.Thread.run(Thread.java:833)
2023-10-23 19:14:24.618 INFO  c.example.train.gateway.config.LoginMemberFilter  :28   reactor-http-nio-1 [32m                [0;39m ä¸éœ€è¦ç™»å½•éªŒè¯ï¼š/business/admin/train/query-list
2023-10-23 19:15:00.460 INFO  c.example.train.gateway.config.LoginMemberFilter  :28   reactor-http-nio-1 [32m                [0;39m ä¸éœ€è¦ç™»å½•éªŒè¯ï¼š/business/admin/train/query-list
2023-10-23 19:15:02.699 INFO  c.example.train.gateway.config.LoginMemberFilter  :28   reactor-http-nio-1 [32m                [0;39m ä¸éœ€è¦ç™»å½•éªŒè¯ï¼š/business/admin/station/query-list
2023-10-23 19:15:06.053 INFO  c.example.train.gateway.config.LoginMemberFilter  :28   reactor-http-nio-1 [32m                [0;39m ä¸éœ€è¦ç™»å½•éªŒè¯ï¼š/business/admin/train/query-list
2023-10-23 19:15:10.474 INFO  c.example.train.gateway.config.LoginMemberFilter  :28   reactor-http-nio-1 [32m                [0;39m ä¸éœ€è¦ç™»å½•éªŒè¯ï¼š/business/admin/station/query-all
2023-10-23 19:15:10.508 INFO  c.example.train.gateway.config.LoginMemberFilter  :28   reactor-http-nio-1 [32m                [0;39m ä¸éœ€è¦ç™»å½•éªŒè¯ï¼š/business/admin/station/query-all
2023-10-23 19:18:15.373 INFO  c.example.train.gateway.config.LoginMemberFilter  :28   reactor-http-nio-1 [32m                [0;39m ä¸éœ€è¦ç™»å½•éªŒè¯ï¼š/business/admin/train/query-list
2023-10-23 19:18:17.592 INFO  c.example.train.gateway.config.LoginMemberFilter  :28   reactor-http-nio-1 [32m                [0;39m ä¸éœ€è¦ç™»å½•éªŒè¯ï¼š/business/admin/station/query-list
2023-10-23 19:18:18.295 INFO  c.example.train.gateway.config.LoginMemberFilter  :28   reactor-http-nio-1 [32m                [0;39m ä¸éœ€è¦ç™»å½•éªŒè¯ï¼š/business/admin/train/query-list
2023-10-23 19:18:19.554 INFO  c.example.train.gateway.config.LoginMemberFilter  :28   reactor-http-nio-1 [32m                [0;39m ä¸éœ€è¦ç™»å½•éªŒè¯ï¼š/business/admin/station/query-all
2023-10-23 19:18:19.619 INFO  c.example.train.gateway.config.LoginMemberFilter  :28   reactor-http-nio-1 [32m                [0;39m ä¸éœ€è¦ç™»å½•éªŒè¯ï¼š/business/admin/station/query-all
2023-10-23 19:20:33.834 INFO  c.example.train.gateway.config.LoginMemberFilter  :28   reactor-http-nio-1 [32m                [0;39m ä¸éœ€è¦ç™»å½•éªŒè¯ï¼š/business/admin/train/query-list
2023-10-23 19:20:37.545 INFO  c.example.train.gateway.config.LoginMemberFilter  :28   reactor-http-nio-1 [32m                [0;39m ä¸éœ€è¦ç™»å½•éªŒè¯ï¼š/business/admin/station/query-all
2023-10-23 19:20:37.574 INFO  c.example.train.gateway.config.LoginMemberFilter  :28   reactor-http-nio-1 [32m                [0;39m ä¸éœ€è¦ç™»å½•éªŒè¯ï¼š/business/admin/station/query-all
2023-10-23 19:20:59.077 INFO  c.example.train.gateway.config.LoginMemberFilter  :28   reactor-http-nio-1 [32m                [0;39m ä¸éœ€è¦ç™»å½•éªŒè¯ï¼š/business/admin/train/save
2023-10-23 19:21:03.621 INFO  c.example.train.gateway.config.LoginMemberFilter  :28   reactor-http-nio-1 [32m                [0;39m ä¸éœ€è¦ç™»å½•éªŒè¯ï¼š/business/admin/train/save
2023-10-23 19:21:10.366 INFO  c.example.train.gateway.config.LoginMemberFilter  :28   reactor-http-nio-1 [32m                [0;39m ä¸éœ€è¦ç™»å½•éªŒè¯ï¼š/business/admin/train/save
2023-10-23 19:21:10.437 INFO  c.example.train.gateway.config.LoginMemberFilter  :28   reactor-http-nio-1 [32m                [0;39m ä¸éœ€è¦ç™»å½•éªŒè¯ï¼š/business/admin/train/query-list
2023-10-23 19:21:13.899 INFO  c.example.train.gateway.config.LoginMemberFilter  :28   reactor-http-nio-1 [32m                [0;39m ä¸éœ€è¦ç™»å½•éªŒè¯ï¼š/business/admin/train/query-all
2023-10-23 19:21:13.899 INFO  c.example.train.gateway.config.LoginMemberFilter  :28   reactor-http-nio-2 [32m                [0;39m ä¸éœ€è¦ç™»å½•éªŒè¯ï¼š/business/admin/train-station/query-list
2023-10-23 19:21:14.912 INFO  c.example.train.gateway.config.LoginMemberFilter  :28   reactor-http-nio-1 [32m                [0;39m ä¸éœ€è¦ç™»å½•éªŒè¯ï¼š/business/admin/train-station/query-list
2023-10-23 19:21:15.933 INFO  c.example.train.gateway.config.LoginMemberFilter  :28   reactor-http-nio-2 [32m                [0;39m ä¸éœ€è¦ç™»å½•éªŒè¯ï¼š/business/admin/station/query-all
2023-10-23 19:21:15.933 INFO  c.example.train.gateway.config.LoginMemberFilter  :28   reactor-http-nio-1 [32m                [0;39m ä¸éœ€è¦ç™»å½•éªŒè¯ï¼š/business/admin/train/query-all
2023-10-23 19:22:57.679 INFO  c.example.train.gateway.config.LoginMemberFilter  :28   reactor-http-nio-2 [32m                [0;39m ä¸éœ€è¦ç™»å½•éªŒè¯ï¼š/business/admin/train/query-all
2023-10-23 19:22:57.681 INFO  c.example.train.gateway.config.LoginMemberFilter  :28   reactor-http-nio-1 [32m                [0;39m ä¸éœ€è¦ç™»å½•éªŒè¯ï¼š/business/admin/train-station/query-list
2023-10-23 19:22:58.812 INFO  c.example.train.gateway.config.LoginMemberFilter  :28   reactor-http-nio-2 [32m                [0;39m ä¸éœ€è¦ç™»å½•éªŒè¯ï¼š/business/admin/station/query-all
2023-10-23 19:23:15.506 INFO  c.example.train.gateway.config.LoginMemberFilter  :28   reactor-http-nio-2 [32m                [0;39m ä¸éœ€è¦ç™»å½•éªŒè¯ï¼š/business/admin/train-station/save
2023-10-23 19:23:15.558 INFO  c.example.train.gateway.config.LoginMemberFilter  :28   reactor-http-nio-2 [32m                [0;39m ä¸éœ€è¦ç™»å½•éªŒè¯ï¼š/business/admin/train-station/query-list
2023-10-23 19:23:17.927 INFO  c.example.train.gateway.config.LoginMemberFilter  :28   reactor-http-nio-2 [32m                [0;39m ä¸éœ€è¦ç™»å½•éªŒè¯ï¼š/business/admin/train-carriage/query-list
2023-10-23 19:23:25.124 INFO  c.example.train.gateway.config.LoginMemberFilter  :28   reactor-http-nio-2 [32m                [0;39m ä¸éœ€è¦ç™»å½•éªŒè¯ï¼š/business/admin/train-carriage/save
2023-10-23 19:23:29.748 INFO  c.example.train.gateway.config.LoginMemberFilter  :28   reactor-http-nio-2 [32m                [0;39m ä¸éœ€è¦ç™»å½•éªŒè¯ï¼š/business/admin/train-carriage/save
2023-10-23 19:23:36.573 INFO  c.example.train.gateway.config.LoginMemberFilter  :28   reactor-http-nio-2 [32m                [0;39m ä¸éœ€è¦ç™»å½•éªŒè¯ï¼š/business/admin/train-carriage/save
2023-10-23 19:23:42.940 INFO  c.example.train.gateway.config.LoginMemberFilter  :28   reactor-http-nio-2 [32m                [0;39m ä¸éœ€è¦ç™»å½•éªŒè¯ï¼š/business/admin/train-carriage/save
2023-10-23 19:23:48.571 INFO  c.example.train.gateway.config.LoginMemberFilter  :28   reactor-http-nio-2 [32m                [0;39m ä¸éœ€è¦ç™»å½•éªŒè¯ï¼š/business/admin/train-carriage/query-list
2023-10-23 19:23:58.827 INFO  c.example.train.gateway.config.LoginMemberFilter  :28   reactor-http-nio-2 [32m                [0;39m ä¸éœ€è¦ç™»å½•éªŒè¯ï¼š/business/admin/train-carriage/save
2023-10-23 19:24:04.349 INFO  c.example.train.gateway.config.LoginMemberFilter  :28   reactor-http-nio-2 [32m                [0;39m ä¸éœ€è¦ç™»å½•éªŒè¯ï¼š/business/admin/train-seat/query-list
2023-10-23 19:24:05.950 INFO  c.example.train.gateway.config.LoginMemberFilter  :28   reactor-http-nio-2 [32m                [0;39m ä¸éœ€è¦ç™»å½•éªŒè¯ï¼š/business/admin/train-seat/query-list
2023-10-23 19:24:07.767 INFO  c.example.train.gateway.config.LoginMemberFilter  :28   reactor-http-nio-2 [32m                [0;39m ä¸éœ€è¦ç™»å½•éªŒè¯ï¼š/business/admin/train-station/query-list
2023-10-23 19:24:08.085 INFO  c.example.train.gateway.config.LoginMemberFilter  :28   reactor-http-nio-2 [32m                [0;39m ä¸éœ€è¦ç™»å½•éªŒè¯ï¼š/business/admin/train-carriage/query-list
2023-10-23 19:24:20.484 INFO  c.example.train.gateway.config.LoginMemberFilter  :28   reactor-http-nio-2 [32m                [0;39m ä¸éœ€è¦ç™»å½•éªŒè¯ï¼š/business/admin/train-carriage/save
2023-10-23 19:24:26.772 INFO  c.example.train.gateway.config.LoginMemberFilter  :28   reactor-http-nio-2 [32m                [0;39m ä¸éœ€è¦ç™»å½•éªŒè¯ï¼š/business/admin/train-carriage/save
2023-10-23 19:34:57.563 INFO  c.example.train.gateway.config.LoginMemberFilter  :28   reactor-http-nio-3 [32m                [0;39m ä¸éœ€è¦ç™»å½•éªŒè¯ï¼š/business/admin/train-carriage/query-list
2023-10-23 19:34:59.537 INFO  c.example.train.gateway.config.LoginMemberFilter  :28   reactor-http-nio-3 [32m                [0;39m ä¸éœ€è¦ç™»å½•éªŒè¯ï¼š/business/admin/train-station/query-list
2023-10-23 19:35:03.097 INFO  c.example.train.gateway.config.LoginMemberFilter  :28   reactor-http-nio-3 [32m                [0;39m ä¸éœ€è¦ç™»å½•éªŒè¯ï¼š/business/admin/train-carriage/query-list
2023-10-23 19:35:03.788 INFO  c.example.train.gateway.config.LoginMemberFilter  :28   reactor-http-nio-3 [32m                [0;39m ä¸éœ€è¦ç™»å½•éªŒè¯ï¼š/business/admin/train-station/query-list
2023-10-23 19:35:06.623 INFO  c.example.train.gateway.config.LoginMemberFilter  :28   reactor-http-nio-3 [32m                [0;39m ä¸éœ€è¦ç™»å½•éªŒè¯ï¼š/business/admin/train-carriage/query-list
2023-10-23 19:35:10.600 INFO  c.example.train.gateway.config.LoginMemberFilter  :28   reactor-http-nio-3 [32m                [0;39m ä¸éœ€è¦ç™»å½•éªŒè¯ï¼š/business/admin/train-seat/query-list
2023-10-23 19:35:12.699 INFO  c.example.train.gateway.config.LoginMemberFilter  :28   reactor-http-nio-3 [32m                [0;39m ä¸éœ€è¦ç™»å½•éªŒè¯ï¼š/business/admin/train-carriage/query-list
2023-10-23 19:35:20.891 INFO  c.example.train.gateway.config.LoginMemberFilter  :28   reactor-http-nio-3 [32m                [0;39m ä¸éœ€è¦ç™»å½•éªŒè¯ï¼š/business/admin/train-carriage/save
2023-10-23 19:42:37.361 INFO  c.example.train.gateway.config.LoginMemberFilter  :28   reactor-http-nio-4 [32m                [0;39m ä¸éœ€è¦ç™»å½•éªŒè¯ï¼š/business/admin/train-carriage/query-list
2023-10-23 19:42:46.694 INFO  c.example.train.gateway.config.LoginMemberFilter  :28   reactor-http-nio-4 [32m                [0;39m ä¸éœ€è¦ç™»å½•éªŒè¯ï¼š/business/admin/train-carriage/query-list
2023-10-23 19:43:41.085 INFO  c.example.train.gateway.config.LoginMemberFilter  :28   reactor-http-nio-4 [32m                [0;39m ä¸éœ€è¦ç™»å½•éªŒè¯ï¼š/business/admin/train-carriage/query-list
2023-10-23 19:43:51.390 INFO  c.example.train.gateway.config.LoginMemberFilter  :28   reactor-http-nio-4 [32m                [0;39m ä¸éœ€è¦ç™»å½•éªŒè¯ï¼š/business/admin/train/query-all
2023-10-23 19:43:51.391 INFO  c.example.train.gateway.config.LoginMemberFilter  :28   reactor-http-nio-5 [32m                [0;39m ä¸éœ€è¦ç™»å½•éªŒè¯ï¼š/business/admin/train-carriage/query-list
2023-10-23 19:43:57.005 INFO  c.example.train.gateway.config.LoginMemberFilter  :28   reactor-http-nio-5 [32m                [0;39m ä¸éœ€è¦ç™»å½•éªŒè¯ï¼š/business/admin/train-carriage/save
2023-10-23 19:45:36.171 INFO  c.example.train.gateway.config.LoginMemberFilter  :28   reactor-http-nio-5 [32m                [0;39m ä¸éœ€è¦ç™»å½•éªŒè¯ï¼š/business/admin/train-carriage/query-list
2023-10-23 19:45:42.627 INFO  c.example.train.gateway.config.LoginMemberFilter  :28   reactor-http-nio-5 [32m                [0;39m ä¸éœ€è¦ç™»å½•éªŒè¯ï¼š/business/admin/train-carriage/save
2023-10-23 19:45:42.664 INFO  c.example.train.gateway.config.LoginMemberFilter  :28   reactor-http-nio-5 [32m                [0;39m ä¸éœ€è¦ç™»å½•éªŒè¯ï¼š/business/admin/train-carriage/query-list
2023-10-23 19:45:44.770 INFO  c.example.train.gateway.config.LoginMemberFilter  :28   reactor-http-nio-5 [32m                [0;39m ä¸éœ€è¦ç™»å½•éªŒè¯ï¼š/business/admin/train-carriage/query-list
2023-10-23 19:45:46.618 INFO  c.example.train.gateway.config.LoginMemberFilter  :28   reactor-http-nio-5 [32m                [0;39m ä¸éœ€è¦ç™»å½•éªŒè¯ï¼š/business/admin/train-seat/query-list
2023-10-23 19:45:47.911 INFO  c.example.train.gateway.config.LoginMemberFilter  :28   reactor-http-nio-5 [32m                [0;39m ä¸éœ€è¦ç™»å½•éªŒè¯ï¼š/business/admin/train-seat/query-list
2023-10-23 19:45:49.411 INFO  c.example.train.gateway.config.LoginMemberFilter  :28   reactor-http-nio-5 [32m                [0;39m ä¸éœ€è¦ç™»å½•éªŒè¯ï¼š/business/admin/train-seat/query-list
2023-10-23 19:45:50.276 INFO  c.example.train.gateway.config.LoginMemberFilter  :28   reactor-http-nio-5 [32m                [0;39m ä¸éœ€è¦ç™»å½•éªŒè¯ï¼š/business/admin/train-seat/query-list
2023-10-23 19:45:50.512 INFO  c.example.train.gateway.config.LoginMemberFilter  :28   reactor-http-nio-5 [32m                [0;39m ä¸éœ€è¦ç™»å½•éªŒè¯ï¼š/business/admin/train-seat/query-list
2023-10-23 19:46:03.077 INFO  c.example.train.gateway.config.LoginMemberFilter  :28   reactor-http-nio-5 [32m                [0;39m ä¸éœ€è¦ç™»å½•éªŒè¯ï¼š/business/admin/train-seat/query-list
2023-10-23 19:47:09.453 INFO  c.example.train.gateway.config.LoginMemberFilter  :28   reactor-http-nio-5 [32m                [0;39m ä¸éœ€è¦ç™»å½•éªŒè¯ï¼š/business/admin/train-station/query-list
2023-10-23 19:47:11.279 INFO  c.example.train.gateway.config.LoginMemberFilter  :28   reactor-http-nio-5 [32m                [0;39m ä¸éœ€è¦ç™»å½•éªŒè¯ï¼š/business/admin/station/query-all
2023-10-23 19:47:13.061 INFO  c.example.train.gateway.config.LoginMemberFilter  :28   reactor-http-nio-5 [32m                [0;39m ä¸éœ€è¦ç™»å½•éªŒè¯ï¼š/business/admin/train-station/query-list
2023-10-23 19:54:11.628 INFO  c.example.train.gateway.config.LoginMemberFilter  :28   reactor-http-nio-6 [32m                [0;39m ä¸éœ€è¦ç™»å½•éªŒè¯ï¼š/business/admin/train-station/query-list
2023-10-23 19:54:14.416 INFO  c.example.train.gateway.config.LoginMemberFilter  :28   reactor-http-nio-6 [32m                [0;39m ä¸éœ€è¦ç™»å½•éªŒè¯ï¼š/business/admin/station/query-list
2023-10-23 19:54:16.090 INFO  c.example.train.gateway.config.LoginMemberFilter  :28   reactor-http-nio-6 [32m                [0;39m ä¸éœ€è¦ç™»å½•éªŒè¯ï¼š/business/admin/train/query-list
2023-10-23 19:54:16.805 INFO  c.example.train.gateway.config.LoginMemberFilter  :28   reactor-http-nio-6 [32m                [0;39m ä¸éœ€è¦ç™»å½•éªŒè¯ï¼š/business/admin/train-station/query-list
2023-10-23 19:54:24.748 INFO  c.example.train.gateway.config.LoginMemberFilter  :28   reactor-http-nio-6 [32m                [0;39m ä¸éœ€è¦ç™»å½•éªŒè¯ï¼š/business/admin/train-station/query-list
2023-10-23 19:54:31.848 INFO  c.example.train.gateway.config.LoginMemberFilter  :28   reactor-http-nio-6 [32m                [0;39m ä¸éœ€è¦ç™»å½•éªŒè¯ï¼š/business/admin/train-carriage/query-list
2023-10-23 19:54:36.459 INFO  c.example.train.gateway.config.LoginMemberFilter  :28   reactor-http-nio-6 [32m                [0;39m ä¸éœ€è¦ç™»å½•éªŒè¯ï¼š/business/admin/train-carriage/query-list
2023-10-23 19:54:39.048 INFO  c.example.train.gateway.config.LoginMemberFilter  :28   reactor-http-nio-6 [32m                [0;39m ä¸éœ€è¦ç™»å½•éªŒè¯ï¼š/business/admin/train-seat/query-list
2023-10-23 19:54:39.756 INFO  c.example.train.gateway.config.LoginMemberFilter  :28   reactor-http-nio-6 [32m                [0;39m ä¸éœ€è¦ç™»å½•éªŒè¯ï¼š/business/admin/train-carriage/query-list
2023-10-23 19:54:40.956 INFO  c.example.train.gateway.config.LoginMemberFilter  :28   reactor-http-nio-6 [32m                [0;39m ä¸éœ€è¦ç™»å½•éªŒè¯ï¼š/business/admin/train/query-list
2023-10-23 19:54:42.523 INFO  c.example.train.gateway.config.LoginMemberFilter  :28   reactor-http-nio-6 [32m                [0;39m ä¸éœ€è¦ç™»å½•éªŒè¯ï¼š/business/admin/train-station/query-list
2023-10-23 19:55:29.593 INFO  c.example.train.gateway.config.LoginMemberFilter  :28   reactor-http-nio-6 [32m                [0;39m ä¸éœ€è¦ç™»å½•éªŒè¯ï¼š/business/admin/train-station/query-list
2023-10-23 19:55:33.844 INFO  c.example.train.gateway.config.LoginMemberFilter  :28   reactor-http-nio-6 [32m                [0;39m ä¸éœ€è¦ç™»å½•éªŒè¯ï¼š/business/admin/train/query-list
2023-10-23 19:55:34.470 INFO  c.example.train.gateway.config.LoginMemberFilter  :28   reactor-http-nio-6 [32m                [0;39m ä¸éœ€è¦ç™»å½•éªŒè¯ï¼š/business/admin/train-station/query-list
2023-10-23 19:55:36.916 INFO  c.example.train.gateway.config.LoginMemberFilter  :28   reactor-http-nio-6 [32m                [0;39m ä¸éœ€è¦ç™»å½•éªŒè¯ï¼š/business/admin/train-station/delete/1716414980791865344
2023-10-23 19:55:36.952 INFO  c.example.train.gateway.config.LoginMemberFilter  :28   reactor-http-nio-6 [32m                [0;39m ä¸éœ€è¦ç™»å½•éªŒè¯ï¼š/business/admin/train-station/query-list
2023-10-23 19:55:38.660 INFO  c.example.train.gateway.config.LoginMemberFilter  :28   reactor-http-nio-6 [32m                [0;39m ä¸éœ€è¦ç™»å½•éªŒè¯ï¼š/business/admin/train-carriage/query-list
2023-10-23 19:55:40.991 INFO  c.example.train.gateway.config.LoginMemberFilter  :28   reactor-http-nio-6 [32m                [0;39m ä¸éœ€è¦ç™»å½•éªŒè¯ï¼š/business/admin/train-carriage/delete/1716420630968143872
2023-10-23 19:55:41.021 INFO  c.example.train.gateway.config.LoginMemberFilter  :28   reactor-http-nio-6 [32m                [0;39m ä¸éœ€è¦ç™»å½•éªŒè¯ï¼š/business/admin/train-carriage/query-list
2023-10-23 19:55:42.425 INFO  c.example.train.gateway.config.LoginMemberFilter  :28   reactor-http-nio-6 [32m                [0;39m ä¸éœ€è¦ç™»å½•éªŒè¯ï¼š/business/admin/train/query-list
2023-10-23 19:55:46.907 INFO  c.example.train.gateway.config.LoginMemberFilter  :28   reactor-http-nio-6 [32m                [0;39m ä¸éœ€è¦ç™»å½•éªŒè¯ï¼š/business/admin/train/gen-seat/1
2023-10-23 19:55:50.819 INFO  c.example.train.gateway.config.LoginMemberFilter  :28   reactor-http-nio-6 [32m                [0;39m ä¸éœ€è¦ç™»å½•éªŒè¯ï¼š/business/admin/train/query-list
2023-10-23 19:55:52.989 INFO  c.example.train.gateway.config.LoginMemberFilter  :28   reactor-http-nio-6 [32m                [0;39m ä¸éœ€è¦ç™»å½•éªŒè¯ï¼š/business/admin/train/delete/1716414455899885568
2023-10-23 19:55:53.016 INFO  c.example.train.gateway.config.LoginMemberFilter  :28   reactor-http-nio-6 [32m                [0;39m ä¸éœ€è¦ç™»å½•éªŒè¯ï¼š/business/admin/train/query-list
2023-10-23 19:55:54.199 INFO  c.example.train.gateway.config.LoginMemberFilter  :28   reactor-http-nio-6 [32m                [0;39m ä¸éœ€è¦ç™»å½•éªŒè¯ï¼š/business/admin/station/query-list
2023-10-23 19:56:07.516 INFO  c.example.train.gateway.config.LoginMemberFilter  :28   reactor-http-nio-6 [32m                [0;39m ä¸éœ€è¦ç™»å½•éªŒè¯ï¼š/business/admin/station/save
2023-10-23 19:56:07.553 INFO  c.example.train.gateway.config.LoginMemberFilter  :28   reactor-http-nio-6 [32m                [0;39m ä¸éœ€è¦ç™»å½•éªŒè¯ï¼š/business/admin/station/query-list
2023-10-23 19:56:08.946 INFO  c.example.train.gateway.config.LoginMemberFilter  :28   reactor-http-nio-6 [32m                [0;39m ä¸éœ€è¦ç™»å½•éªŒè¯ï¼š/business/admin/train/query-list
2023-10-23 19:56:10.124 INFO  c.example.train.gateway.config.LoginMemberFilter  :28   reactor-http-nio-6 [32m                [0;39m ä¸éœ€è¦ç™»å½•éªŒè¯ï¼š/business/admin/station/query-all
2023-10-23 19:56:10.134 INFO  c.example.train.gateway.config.LoginMemberFilter  :28   reactor-http-nio-6 [32m                [0;39m ä¸éœ€è¦ç™»å½•éªŒè¯ï¼š/business/admin/station/query-all
2023-10-23 19:56:29.453 INFO  c.example.train.gateway.config.LoginMemberFilter  :28   reactor-http-nio-6 [32m                [0;39m ä¸éœ€è¦ç™»å½•éªŒè¯ï¼š/business/admin/train/save
2023-10-23 19:56:29.488 INFO  c.example.train.gateway.config.LoginMemberFilter  :28   reactor-http-nio-6 [32m                [0;39m ä¸éœ€è¦ç™»å½•éªŒè¯ï¼š/business/admin/train/query-list
2023-10-23 19:56:49.251 INFO  c.example.train.gateway.config.LoginMemberFilter  :28   reactor-http-nio-6 [32m                [0;39m ä¸éœ€è¦ç™»å½•éªŒè¯ï¼š/business/admin/train/save
2023-10-23 19:56:49.282 INFO  c.example.train.gateway.config.LoginMemberFilter  :28   reactor-http-nio-6 [32m                [0;39m ä¸éœ€è¦ç™»å½•éªŒè¯ï¼š/business/admin/train/query-list
2023-10-23 19:56:52.742 INFO  c.example.train.gateway.config.LoginMemberFilter  :28   reactor-http-nio-6 [32m                [0;39m ä¸éœ€è¦ç™»å½•éªŒè¯ï¼š/business/admin/train/query-list
2023-10-23 19:56:55.839 INFO  c.example.train.gateway.config.LoginMemberFilter  :28   reactor-http-nio-6 [32m                [0;39m ä¸éœ€è¦ç™»å½•éªŒè¯ï¼š/business/admin/station/query-list
2023-10-23 19:56:57.225 INFO  c.example.train.gateway.config.LoginMemberFilter  :28   reactor-http-nio-6 [32m                [0;39m ä¸éœ€è¦ç™»å½•éªŒè¯ï¼š/business/admin/train/query-list
2023-10-23 19:56:57.666 INFO  c.example.train.gateway.config.LoginMemberFilter  :28   reactor-http-nio-6 [32m                [0;39m ä¸éœ€è¦ç™»å½•éªŒè¯ï¼š/business/admin/train-station/query-list
2023-10-23 19:56:59.900 INFO  c.example.train.gateway.config.LoginMemberFilter  :28   reactor-http-nio-6 [32m                [0;39m ä¸éœ€è¦ç™»å½•éªŒè¯ï¼š/business/admin/train-station/query-list
2023-10-23 19:57:00.852 INFO  c.example.train.gateway.config.LoginMemberFilter  :28   reactor-http-nio-6 [32m                [0;39m ä¸éœ€è¦ç™»å½•éªŒè¯ï¼š/business/admin/train-station/query-list
2023-10-23 19:57:07.574 INFO  c.example.train.gateway.config.LoginMemberFilter  :28   reactor-http-nio-6 [32m                [0;39m ä¸éœ€è¦ç™»å½•éªŒè¯ï¼š/business/admin/train-station/query-list
2023-10-23 19:57:08.850 INFO  c.example.train.gateway.config.LoginMemberFilter  :28   reactor-http-nio-6 [32m                [0;39m ä¸éœ€è¦ç™»å½•éªŒè¯ï¼š/business/admin/train/query-list
2023-10-23 19:57:19.746 INFO  c.example.train.gateway.config.LoginMemberFilter  :28   reactor-http-nio-6 [32m                [0;39m ä¸éœ€è¦ç™»å½•éªŒè¯ï¼š/business/admin/train-station/query-list
2023-10-23 19:57:25.411 INFO  c.example.train.gateway.config.LoginMemberFilter  :28   reactor-http-nio-6 [32m                [0;39m ä¸éœ€è¦ç™»å½•éªŒè¯ï¼š/business/admin/train-station/query-list
2023-10-23 19:57:27.726 INFO  c.example.train.gateway.config.LoginMemberFilter  :28   reactor-http-nio-6 [32m                [0;39m ä¸éœ€è¦ç™»å½•éªŒè¯ï¼š/business/admin/station/query-list
2023-10-23 19:57:28.409 INFO  c.example.train.gateway.config.LoginMemberFilter  :28   reactor-http-nio-6 [32m                [0;39m ä¸éœ€è¦ç™»å½•éªŒè¯ï¼š/business/admin/train/query-list
2023-10-23 19:57:30.377 INFO  c.example.train.gateway.config.LoginMemberFilter  :28   reactor-http-nio-6 [32m                [0;39m ä¸éœ€è¦ç™»å½•éªŒè¯ï¼š/business/admin/train-station/query-list
2023-10-23 19:57:32.930 INFO  c.example.train.gateway.config.LoginMemberFilter  :28   reactor-http-nio-6 [32m                [0;39m ä¸éœ€è¦ç™»å½•éªŒè¯ï¼š/business/admin/station/query-list
2023-10-23 19:57:33.971 INFO  c.example.train.gateway.config.LoginMemberFilter  :28   reactor-http-nio-6 [32m                [0;39m ä¸éœ€è¦ç™»å½•éªŒè¯ï¼š/business/admin/train-station/query-list
2023-10-23 19:57:34.460 INFO  c.example.train.gateway.config.LoginMemberFilter  :28   reactor-http-nio-6 [32m                [0;39m ä¸éœ€è¦ç™»å½•éªŒè¯ï¼š/business/admin/train/query-list
2023-10-23 19:57:36.829 INFO  c.example.train.gateway.config.LoginMemberFilter  :28   reactor-http-nio-6 [32m                [0;39m ä¸éœ€è¦ç™»å½•éªŒè¯ï¼š/business/admin/train-station/query-list
2023-10-23 19:57:38.055 INFO  c.example.train.gateway.config.LoginMemberFilter  :28   reactor-http-nio-6 [32m                [0;39m ä¸éœ€è¦ç™»å½•éªŒè¯ï¼š/business/admin/station/query-all
2023-10-23 19:57:56.534 INFO  c.example.train.gateway.config.LoginMemberFilter  :28   reactor-http-nio-6 [32m                [0;39m ä¸éœ€è¦ç™»å½•éªŒè¯ï¼š/business/admin/train-station/query-list
2023-10-23 19:57:58.935 INFO  c.example.train.gateway.config.LoginMemberFilter  :28   reactor-http-nio-6 [32m                [0;39m ä¸éœ€è¦ç™»å½•éªŒè¯ï¼š/business/admin/station/query-list
2023-10-23 19:57:59.448 INFO  c.example.train.gateway.config.LoginMemberFilter  :28   reactor-http-nio-6 [32m                [0;39m ä¸éœ€è¦ç™»å½•éªŒè¯ï¼š/business/admin/train/query-list
2023-10-23 19:58:01.339 INFO  c.example.train.gateway.config.LoginMemberFilter  :28   reactor-http-nio-6 [32m                [0;39m ä¸éœ€è¦ç™»å½•éªŒè¯ï¼š/business/admin/train/query-list
2023-10-23 20:00:38.184 INFO  c.example.train.gateway.config.LoginMemberFilter  :28   reactor-http-nio-7 [32m                [0;39m ä¸éœ€è¦ç™»å½•éªŒè¯ï¼š/business/admin/train/query-list
2023-10-23 20:00:39.864 INFO  c.example.train.gateway.config.LoginMemberFilter  :28   reactor-http-nio-7 [32m                [0;39m ä¸éœ€è¦ç™»å½•éªŒè¯ï¼š/business/admin/station/query-list
2023-10-23 20:00:42.530 INFO  c.example.train.gateway.config.LoginMemberFilter  :28   reactor-http-nio-7 [32m                [0;39m ä¸éœ€è¦ç™»å½•éªŒè¯ï¼š/business/admin/train/query-list
2023-10-23 20:00:43.424 INFO  c.example.train.gateway.config.LoginMemberFilter  :28   reactor-http-nio-7 [32m                [0;39m ä¸éœ€è¦ç™»å½•éªŒè¯ï¼š/business/admin/train/query-all
2023-10-23 20:00:43.424 INFO  c.example.train.gateway.config.LoginMemberFilter  :28   reactor-http-nio-8 [32m                [0;39m ä¸éœ€è¦ç™»å½•éªŒè¯ï¼š/business/admin/train-station/query-list
2023-10-23 20:00:46.271 INFO  c.example.train.gateway.config.LoginMemberFilter  :28   reactor-http-nio-8 [32m                [0;39m ä¸éœ€è¦ç™»å½•éªŒè¯ï¼š/business/admin/station/query-all
2023-10-23 20:01:00.629 INFO  c.example.train.gateway.config.LoginMemberFilter  :28   reactor-http-nio-8 [32m                [0;39m ä¸éœ€è¦ç™»å½•éªŒè¯ï¼š/business/admin/train-station/query-list
2023-10-23 20:01:02.323 INFO  c.example.train.gateway.config.LoginMemberFilter  :28   reactor-http-nio-8 [32m                [0;39m ä¸éœ€è¦ç™»å½•éªŒè¯ï¼š/business/admin/train-station/query-list
2023-10-23 20:01:27.079 INFO  c.example.train.gateway.config.LoginMemberFilter  :28   reactor-http-nio-8 [32m                [0;39m ä¸éœ€è¦ç™»å½•éªŒè¯ï¼š/business/admin/train/query-list
2023-10-23 20:01:29.189 INFO  c.example.train.gateway.config.LoginMemberFilter  :28   reactor-http-nio-8 [32m                [0;39m ä¸éœ€è¦ç™»å½•éªŒè¯ï¼š/business/admin/train-station/query-list
2023-10-23 20:01:56.065 INFO  c.example.train.gateway.config.LoginMemberFilter  :28   reactor-http-nio-8 [32m                [0;39m ä¸éœ€è¦ç™»å½•éªŒè¯ï¼š/business/admin/station/query-all
2023-10-23 20:02:14.217 INFO  c.example.train.gateway.config.LoginMemberFilter  :28   reactor-http-nio-8 [32m                [0;39m ä¸éœ€è¦ç™»å½•éªŒè¯ï¼š/business/admin/train-station/save
2023-10-23 20:02:14.264 INFO  c.example.train.gateway.config.LoginMemberFilter  :28   reactor-http-nio-8 [32m                [0;39m ä¸éœ€è¦ç™»å½•éªŒè¯ï¼š/business/admin/train-station/query-list
2023-10-23 20:02:30.875 INFO  c.example.train.gateway.config.LoginMemberFilter  :28   reactor-http-nio-8 [32m                [0;39m ä¸éœ€è¦ç™»å½•éªŒè¯ï¼š/business/admin/train-station/save
2023-10-23 20:02:30.901 INFO  c.example.train.gateway.config.LoginMemberFilter  :28   reactor-http-nio-8 [32m                [0;39m ä¸éœ€è¦ç™»å½•éªŒè¯ï¼š/business/admin/train-station/query-list
2023-10-23 20:02:33.394 INFO  c.example.train.gateway.config.LoginMemberFilter  :28   reactor-http-nio-8 [32m                [0;39m ä¸éœ€è¦ç™»å½•éªŒè¯ï¼š/business/admin/train-station/query-list
2023-10-23 20:02:35.479 INFO  c.example.train.gateway.config.LoginMemberFilter  :28   reactor-http-nio-8 [32m                [0;39m ä¸éœ€è¦ç™»å½•éªŒè¯ï¼š/business/admin/train-station/query-list
2023-10-23 20:02:37.052 INFO  c.example.train.gateway.config.LoginMemberFilter  :28   reactor-http-nio-8 [32m                [0;39m ä¸éœ€è¦ç™»å½•éªŒè¯ï¼š/business/admin/train-station/query-list
2023-10-23 20:02:40.722 INFO  c.example.train.gateway.config.LoginMemberFilter  :28   reactor-http-nio-8 [32m                [0;39m ä¸éœ€è¦ç™»å½•éªŒè¯ï¼š/business/admin/station/query-all
2023-10-23 20:02:54.852 INFO  c.example.train.gateway.config.LoginMemberFilter  :28   reactor-http-nio-8 [32m                [0;39m ä¸éœ€è¦ç™»å½•éªŒè¯ï¼š/business/admin/train-station/save
2023-10-23 20:02:54.882 INFO  c.example.train.gateway.config.LoginMemberFilter  :28   reactor-http-nio-8 [32m                [0;39m ä¸éœ€è¦ç™»å½•éªŒè¯ï¼š/business/admin/train-station/query-list
2023-10-23 20:02:56.888 INFO  c.example.train.gateway.config.LoginMemberFilter  :28   reactor-http-nio-8 [32m                [0;39m ä¸éœ€è¦ç™»å½•éªŒè¯ï¼š/business/admin/train-station/query-list
2023-10-23 20:02:59.094 INFO  c.example.train.gateway.config.LoginMemberFilter  :28   reactor-http-nio-8 [32m                [0;39m ä¸éœ€è¦ç™»å½•éªŒè¯ï¼š/business/admin/train-station/query-list
2023-10-23 20:03:00.652 INFO  c.example.train.gateway.config.LoginMemberFilter  :28   reactor-http-nio-8 [32m                [0;39m ä¸éœ€è¦ç™»å½•éªŒè¯ï¼š/business/admin/train-station/query-list
2023-10-23 20:06:19.634 INFO  c.example.train.gateway.config.LoginMemberFilter  :28   reactor-http-nio-8 [32m                [0;39m ä¸éœ€è¦ç™»å½•éªŒè¯ï¼š/business/admin/train-carriage/query-list
2023-10-23 20:07:49.113 INFO  c.example.train.gateway.config.LoginMemberFilter  :28   reactor-http-nio-8 [32m                [0;39m ä¸éœ€è¦ç™»å½•éªŒè¯ï¼š/business/admin/train-station/query-list
2023-10-23 20:07:50.263 INFO  c.example.train.gateway.config.LoginMemberFilter  :28   reactor-http-nio-8 [32m                [0;39m ä¸éœ€è¦ç™»å½•éªŒè¯ï¼š/business/admin/train-station/query-list
2023-10-23 20:07:56.589 INFO  c.example.train.gateway.config.LoginMemberFilter  :28   reactor-http-nio-8 [32m                [0;39m ä¸éœ€è¦ç™»å½•éªŒè¯ï¼š/business/admin/train/query-list
2023-10-23 20:07:58.226 INFO  c.example.train.gateway.config.LoginMemberFilter  :28   reactor-http-nio-8 [32m                [0;39m ä¸éœ€è¦ç™»å½•éªŒè¯ï¼š/business/admin/train-station/query-list
2023-10-23 20:07:58.880 INFO  c.example.train.gateway.config.LoginMemberFilter  :28   reactor-http-nio-8 [32m                [0;39m ä¸éœ€è¦ç™»å½•éªŒè¯ï¼š/business/admin/train-carriage/query-list
2023-10-23 20:17:22.121 INFO  c.example.train.gateway.config.LoginMemberFilter  :28   reactor-http-nio-1 [32m                [0;39m ä¸éœ€è¦ç™»å½•éªŒè¯ï¼š/business/admin/train-station/query-list
2023-10-23 20:17:24.874 INFO  c.example.train.gateway.config.LoginMemberFilter  :28   reactor-http-nio-1 [32m                [0;39m ä¸éœ€è¦ç™»å½•éªŒè¯ï¼š/business/admin/train/query-list
2023-10-23 20:17:35.536 INFO  c.example.train.gateway.config.LoginMemberFilter  :28   reactor-http-nio-1 [32m                [0;39m ä¸éœ€è¦ç™»å½•éªŒè¯ï¼š/business/admin/train/gen-seat/G2
2023-10-23 20:17:46.445 INFO  c.example.train.gateway.config.LoginMemberFilter  :28   reactor-http-nio-1 [32m                [0;39m ä¸éœ€è¦ç™»å½•éªŒè¯ï¼š/business/admin/train/query-list
2023-10-23 20:18:31.542 INFO  c.example.train.gateway.config.LoginMemberFilter  :28   reactor-http-nio-1 [32m                [0;39m ä¸éœ€è¦ç™»å½•éªŒè¯ï¼š/business/admin/train/gen-seat/G2
2023-10-23 20:26:14.283 INFO  c.example.train.gateway.config.LoginMemberFilter  :28   reactor-http-nio-2 [32m                [0;39m ä¸éœ€è¦ç™»å½•éªŒè¯ï¼š/business/admin/train/query-list
2023-10-23 20:26:34.289 INFO  c.example.train.gateway.config.LoginMemberFilter  :28   reactor-http-nio-2 [32m                [0;39m ä¸éœ€è¦ç™»å½•éªŒè¯ï¼š/business/admin/train/query-list
2023-10-23 20:27:04.842 INFO  c.example.train.gateway.config.LoginMemberFilter  :28   reactor-http-nio-2 [32m                [0;39m ä¸éœ€è¦ç™»å½•éªŒè¯ï¼š/business/admin/train/query-list
2023-10-23 20:27:08.278 INFO  c.example.train.gateway.config.LoginMemberFilter  :28   reactor-http-nio-2 [32m                [0;39m ä¸éœ€è¦ç™»å½•éªŒè¯ï¼š/business/admin/train-station/query-list
2023-10-23 20:27:10.419 INFO  c.example.train.gateway.config.LoginMemberFilter  :28   reactor-http-nio-2 [32m                [0;39m ä¸éœ€è¦ç™»å½•éªŒè¯ï¼š/business/admin/train-carriage/query-list
2023-10-23 20:27:40.549 INFO  c.example.train.gateway.config.LoginMemberFilter  :28   reactor-http-nio-2 [32m                [0;39m ä¸éœ€è¦ç™»å½•éªŒè¯ï¼š/business/admin/train-seat/query-list
2023-10-23 20:27:48.674 INFO  c.example.train.gateway.config.LoginMemberFilter  :28   reactor-http-nio-2 [32m                [0;39m ä¸éœ€è¦ç™»å½•éªŒè¯ï¼š/business/admin/train-seat/query-list
2023-10-23 20:28:43.006 INFO  c.example.train.gateway.config.LoginMemberFilter  :28   reactor-http-nio-2 [32m                [0;39m ä¸éœ€è¦ç™»å½•éªŒè¯ï¼š/business/admin/train-seat/query-list
2023-10-23 20:28:43.779 INFO  c.example.train.gateway.config.LoginMemberFilter  :28   reactor-http-nio-2 [32m                [0;39m ä¸éœ€è¦ç™»å½•éªŒè¯ï¼š/business/admin/train-carriage/query-list
2023-10-23 20:29:10.690 INFO  c.example.train.gateway.config.LoginMemberFilter  :28   reactor-http-nio-2 [32m                [0;39m ä¸éœ€è¦ç™»å½•éªŒè¯ï¼š/business/admin/train-carriage/query-list
2023-10-23 20:29:30.599 INFO  c.example.train.gateway.config.LoginMemberFilter  :28   reactor-http-nio-2 [32m                [0;39m ä¸éœ€è¦ç™»å½•éªŒè¯ï¼š/business/admin/train-carriage/query-list
2023-10-23 20:30:44.942 INFO  c.example.train.gateway.config.LoginMemberFilter  :28   reactor-http-nio-2 [32m                [0;39m ä¸éœ€è¦ç™»å½•éªŒè¯ï¼š/business/admin/train-seat/query-list
2023-10-23 20:30:45.098 INFO  c.example.train.gateway.config.LoginMemberFilter  :28   reactor-http-nio-2 [32m                [0;39m ä¸éœ€è¦ç™»å½•éªŒè¯ï¼š/business/admin/train-carriage/query-list
2023-10-23 20:30:47.607 INFO  c.example.train.gateway.config.LoginMemberFilter  :28   reactor-http-nio-2 [32m                [0;39m ä¸éœ€è¦ç™»å½•éªŒè¯ï¼š/business/admin/train-carriage/query-list
2023-10-23 20:30:53.372 INFO  c.example.train.gateway.config.LoginMemberFilter  :28   reactor-http-nio-2 [32m                [0;39m ä¸éœ€è¦ç™»å½•éªŒè¯ï¼š/business/admin/train-station/query-list
2023-10-23 20:30:54.143 INFO  c.example.train.gateway.config.LoginMemberFilter  :28   reactor-http-nio-2 [32m                [0;39m ä¸éœ€è¦ç™»å½•éªŒè¯ï¼š/business/admin/station/query-all
2023-10-23 20:30:56.664 INFO  c.example.train.gateway.config.LoginMemberFilter  :28   reactor-http-nio-2 [32m                [0;39m ä¸éœ€è¦ç™»å½•éªŒè¯ï¼š/business/admin/train-carriage/query-list
2023-10-23 20:31:47.676 INFO  c.example.train.gateway.config.LoginMemberFilter  :28   reactor-http-nio-2 [32m                [0;39m ä¸éœ€è¦ç™»å½•éªŒè¯ï¼š/business/admin/train-carriage/query-list
2023-10-23 20:32:03.771 INFO  c.example.train.gateway.config.LoginMemberFilter  :28   reactor-http-nio-2 [32m                [0;39m ä¸éœ€è¦ç™»å½•éªŒè¯ï¼š/business/admin/train-carriage/query-list
2023-10-23 20:32:11.306 INFO  c.example.train.gateway.config.LoginMemberFilter  :28   reactor-http-nio-2 [32m                [0;39m ä¸éœ€è¦ç™»å½•éªŒè¯ï¼š/business/admin/train-carriage/save
2023-10-23 20:32:14.570 INFO  c.example.train.gateway.config.LoginMemberFilter  :28   reactor-http-nio-2 [32m                [0;39m ä¸éœ€è¦ç™»å½•éªŒè¯ï¼š/business/admin/train-carriage/save
2023-10-23 20:32:17.072 INFO  c.example.train.gateway.config.LoginMemberFilter  :28   reactor-http-nio-2 [32m                [0;39m ä¸éœ€è¦ç™»å½•éªŒè¯ï¼š/business/admin/train-carriage/save
2023-10-23 20:53:13.997 INFO  c.example.train.gateway.config.LoginMemberFilter  :28   reactor-http-nio-3 [32m                [0;39m ä¸éœ€è¦ç™»å½•éªŒè¯ï¼š/business/admin/train-carriage/query-list
2023-10-23 20:53:16.529 INFO  c.example.train.gateway.config.LoginMemberFilter  :28   reactor-http-nio-3 [32m                [0;39m ä¸éœ€è¦ç™»å½•éªŒè¯ï¼š/business/admin/train-station/query-list
2023-10-23 20:53:18.714 INFO  c.example.train.gateway.config.LoginMemberFilter  :28   reactor-http-nio-3 [32m                [0;39m ä¸éœ€è¦ç™»å½•éªŒè¯ï¼š/business/admin/train/query-list
2023-10-23 20:53:22.390 INFO  c.example.train.gateway.config.LoginMemberFilter  :28   reactor-http-nio-3 [32m                [0;39m ä¸éœ€è¦ç™»å½•éªŒè¯ï¼š/business/admin/train/gen-seat/G2
2023-10-23 20:53:32.345 INFO  c.example.train.gateway.config.LoginMemberFilter  :28   reactor-http-nio-4 [32m                [0;39m ä¸éœ€è¦ç™»å½•éªŒè¯ï¼š/business/admin/train/gen-seat/G2
2023-10-23 20:55:34.834 INFO  c.example.train.gateway.config.LoginMemberFilter  :28   reactor-http-nio-3 [32m                [0;39m ä¸éœ€è¦ç™»å½•éªŒè¯ï¼š/business/admin/train/query-list
2023-10-23 20:55:37.657 INFO  c.example.train.gateway.config.LoginMemberFilter  :28   reactor-http-nio-3 [32m                [0;39m ä¸éœ€è¦ç™»å½•éªŒè¯ï¼š/business/admin/train/gen-seat/G2
2023-10-23 20:55:40.272 INFO  c.example.train.gateway.config.LoginMemberFilter  :28   reactor-http-nio-3 [32m                [0;39m ä¸éœ€è¦ç™»å½•éªŒè¯ï¼š/business/admin/train-station/query-list
2023-10-23 20:55:41.555 INFO  c.example.train.gateway.config.LoginMemberFilter  :28   reactor-http-nio-3 [32m                [0;39m ä¸éœ€è¦ç™»å½•éªŒè¯ï¼š/business/admin/train-carriage/query-list
2023-10-23 20:55:44.693 INFO  c.example.train.gateway.config.LoginMemberFilter  :28   reactor-http-nio-3 [32m                [0;39m ä¸éœ€è¦ç™»å½•éªŒè¯ï¼š/business/admin/train-carriage/query-list
2023-10-23 20:55:47.636 INFO  c.example.train.gateway.config.LoginMemberFilter  :28   reactor-http-nio-3 [32m                [0;39m ä¸éœ€è¦ç™»å½•éªŒè¯ï¼š/business/admin/train-carriage/query-list
2023-10-23 20:55:49.082 INFO  c.example.train.gateway.config.LoginMemberFilter  :28   reactor-http-nio-3 [32m                [0;39m ä¸éœ€è¦ç™»å½•éªŒè¯ï¼š/business/admin/train-carriage/query-list
2023-10-23 20:55:50.455 INFO  c.example.train.gateway.config.LoginMemberFilter  :28   reactor-http-nio-3 [32m                [0;39m ä¸éœ€è¦ç™»å½•éªŒè¯ï¼š/business/admin/train-seat/query-list
2023-10-23 20:55:52.463 INFO  c.example.train.gateway.config.LoginMemberFilter  :28   reactor-http-nio-3 [32m                [0;39m ä¸éœ€è¦ç™»å½•éªŒè¯ï¼š/business/admin/train-seat/query-list
2023-10-23 20:56:02.938 INFO  c.example.train.gateway.config.LoginMemberFilter  :28   reactor-http-nio-3 [32m                [0;39m ä¸éœ€è¦ç™»å½•éªŒè¯ï¼š/business/admin/train-carriage/query-list
2023-10-23 20:56:03.370 INFO  c.example.train.gateway.config.LoginMemberFilter  :28   reactor-http-nio-3 [32m                [0;39m ä¸éœ€è¦ç™»å½•éªŒè¯ï¼š/business/admin/train-station/query-list
2023-10-23 20:56:06.192 INFO  c.example.train.gateway.config.LoginMemberFilter  :28   reactor-http-nio-3 [32m                [0;39m ä¸éœ€è¦ç™»å½•éªŒè¯ï¼š/business/admin/train/query-list
2023-10-23 20:56:09.737 INFO  c.example.train.gateway.config.LoginMemberFilter  :28   reactor-http-nio-3 [32m                [0;39m ä¸éœ€è¦ç™»å½•éªŒè¯ï¼š/business/admin/train-station/query-list
2023-10-23 20:56:12.480 INFO  c.example.train.gateway.config.LoginMemberFilter  :28   reactor-http-nio-3 [32m                [0;39m ä¸éœ€è¦ç™»å½•éªŒè¯ï¼š/business/admin/train-carriage/query-list
2023-10-23 20:56:13.421 INFO  c.example.train.gateway.config.LoginMemberFilter  :28   reactor-http-nio-3 [32m                [0;39m ä¸éœ€è¦ç™»å½•éªŒè¯ï¼š/business/admin/train-station/query-list
2023-10-23 20:56:17.850 INFO  c.example.train.gateway.config.LoginMemberFilter  :28   reactor-http-nio-3 [32m                [0;39m ä¸éœ€è¦ç™»å½•éªŒè¯ï¼š/business/admin/train-carriage/query-list
2023-10-23 20:56:26.617 INFO  c.example.train.gateway.config.LoginMemberFilter  :28   reactor-http-nio-3 [32m                [0;39m ä¸éœ€è¦ç™»å½•éªŒè¯ï¼š/business/admin/train-carriage/save
2023-10-23 20:56:31.511 INFO  c.example.train.gateway.config.LoginMemberFilter  :28   reactor-http-nio-3 [32m                [0;39m ä¸éœ€è¦ç™»å½•éªŒè¯ï¼š/business/admin/train-carriage/save
2023-10-23 20:56:47.150 INFO  c.example.train.gateway.config.LoginMemberFilter  :28   reactor-http-nio-3 [32m                [0;39m ä¸éœ€è¦ç™»å½•éªŒè¯ï¼š/business/admin/train-carriage/query-list
2023-10-23 20:56:54.280 INFO  c.example.train.gateway.config.LoginMemberFilter  :28   reactor-http-nio-3 [32m                [0;39m ä¸éœ€è¦ç™»å½•éªŒè¯ï¼š/business/admin/train-carriage/save
2023-10-23 21:45:52.155 INFO  c.example.train.gateway.config.LoginMemberFilter  :28   reactor-http-nio-6 [32m                [0;39m ä¸éœ€è¦ç™»å½•éªŒè¯ï¼š/business/admin/train-carriage/query-list
2023-10-23 21:45:53.968 INFO  c.example.train.gateway.config.LoginMemberFilter  :28   reactor-http-nio-6 [32m                [0;39m ä¸éœ€è¦ç™»å½•éªŒè¯ï¼š/business/admin/train/query-list
2023-10-23 21:45:56.803 INFO  c.example.train.gateway.config.LoginMemberFilter  :28   reactor-http-nio-6 [32m                [0;39m ä¸éœ€è¦ç™»å½•éªŒè¯ï¼š/business/admin/train/gen-seat/G1
2023-10-23 21:46:34.847 INFO  c.example.train.gateway.config.LoginMemberFilter  :28   reactor-http-nio-6 [32m                [0;39m ä¸éœ€è¦ç™»å½•éªŒè¯ï¼š/business/admin/train-station/query-list
2023-10-23 21:46:37.059 INFO  c.example.train.gateway.config.LoginMemberFilter  :28   reactor-http-nio-6 [32m                [0;39m ä¸éœ€è¦ç™»å½•éªŒè¯ï¼š/business/admin/train-carriage/query-list
2023-10-23 21:46:38.527 INFO  c.example.train.gateway.config.LoginMemberFilter  :28   reactor-http-nio-6 [32m                [0;39m ä¸éœ€è¦ç™»å½•éªŒè¯ï¼š/business/admin/train-seat/query-list
2023-10-23 21:46:40.013 INFO  c.example.train.gateway.config.LoginMemberFilter  :28   reactor-http-nio-6 [32m                [0;39m ä¸éœ€è¦ç™»å½•éªŒè¯ï¼š/business/admin/train-station/query-list
2023-10-23 21:51:28.093 INFO  c.example.train.gateway.config.LoginMemberFilter  :28   reactor-http-nio-6 [32m                [0;39m ä¸éœ€è¦ç™»å½•éªŒè¯ï¼š/business/admin/train-station/query-list
2023-10-23 21:51:31.035 INFO  c.example.train.gateway.config.LoginMemberFilter  :28   reactor-http-nio-6 [32m                [0;39m ä¸éœ€è¦ç™»å½•éªŒè¯ï¼š/business/admin/station/query-list
2023-10-23 21:51:31.448 INFO  c.example.train.gateway.config.LoginMemberFilter  :28   reactor-http-nio-6 [32m                [0;39m ä¸éœ€è¦ç™»å½•éªŒè¯ï¼š/business/admin/train/query-list
2023-10-23 21:51:33.903 INFO  c.example.train.gateway.config.LoginMemberFilter  :28   reactor-http-nio-6 [32m                [0;39m ä¸éœ€è¦ç™»å½•éªŒè¯ï¼š/business/admin/train/gen-seat/G2
2023-10-23 21:51:50.649 INFO  c.example.train.gateway.config.LoginMemberFilter  :28   reactor-http-nio-7 [32m                [0;39m ä¸éœ€è¦ç™»å½•éªŒè¯ï¼š/business/admin/train-station/query-list
2023-10-23 21:51:53.124 INFO  c.example.train.gateway.config.LoginMemberFilter  :28   reactor-http-nio-8 [32m                [0;39m ä¸éœ€è¦ç™»å½•éªŒè¯ï¼š/business/admin/train-carriage/query-list
2023-10-23 21:52:00.731 INFO  c.example.train.gateway.config.LoginMemberFilter  :28   reactor-http-nio-8 [32m                [0;39m ä¸éœ€è¦ç™»å½•éªŒè¯ï¼š/business/admin/train-carriage/query-list
2023-10-23 21:52:00.745 INFO  c.example.train.gateway.config.LoginMemberFilter  :28   reactor-http-nio-7 [32m                [0;39m ä¸éœ€è¦ç™»å½•éªŒè¯ï¼š/business/admin/train-station/query-list
2023-10-23 21:52:11.286 INFO  c.example.train.gateway.config.LoginMemberFilter  :28   reactor-http-nio-7 [32m                [0;39m ä¸éœ€è¦ç™»å½•éªŒè¯ï¼š/business/admin/train-carriage/query-list
2023-10-23 21:52:18.075 INFO  c.example.train.gateway.config.LoginMemberFilter  :28   reactor-http-nio-7 [32m                [0;39m ä¸éœ€è¦ç™»å½•éªŒè¯ï¼š/business/admin/train-carriage/query-list
2023-10-23 21:57:40.924 INFO  c.example.train.gateway.config.LoginMemberFilter  :28   reactor-http-nio-1 [32m                [0;39m ä¸éœ€è¦ç™»å½•éªŒè¯ï¼š/business/admin/train-carriage/query-list
2023-10-23 21:57:55.601 INFO  c.example.train.gateway.config.LoginMemberFilter  :28   reactor-http-nio-1 [32m                [0;39m ä¸éœ€è¦ç™»å½•éªŒè¯ï¼š/business/admin/train-carriage/save
2023-10-23 21:58:31.550 INFO  c.example.train.gateway.config.LoginMemberFilter  :28   reactor-http-nio-1 [32m                [0;39m ä¸éœ€è¦ç™»å½•éªŒè¯ï¼š/business/admin/train-carriage/save
2023-10-23 21:59:32.877 INFO  c.example.train.gateway.config.LoginMemberFilter  :28   reactor-http-nio-1 [32m                [0;39m ä¸éœ€è¦ç™»å½•éªŒè¯ï¼š/business/admin/train-carriage/query-list
2023-10-23 21:59:35.584 INFO  c.example.train.gateway.config.LoginMemberFilter  :28   reactor-http-nio-1 [32m                [0;39m ä¸éœ€è¦ç™»å½•éªŒè¯ï¼š/business/admin/train-carriage/query-list
2023-10-23 21:59:43.159 INFO  c.example.train.gateway.config.LoginMemberFilter  :28   reactor-http-nio-1 [32m                [0;39m ä¸éœ€è¦ç™»å½•éªŒè¯ï¼š/business/admin/train-carriage/save
2023-10-23 21:59:43.264 INFO  c.example.train.gateway.config.LoginMemberFilter  :28   reactor-http-nio-1 [32m                [0;39m ä¸éœ€è¦ç™»å½•éªŒè¯ï¼š/business/admin/train-carriage/query-list
2023-10-23 21:59:47.231 INFO  c.example.train.gateway.config.LoginMemberFilter  :28   reactor-http-nio-1 [32m                [0;39m ä¸éœ€è¦ç™»å½•éªŒè¯ï¼š/business/admin/train/query-list
2023-10-23 21:59:50.921 INFO  c.example.train.gateway.config.LoginMemberFilter  :28   reactor-http-nio-1 [32m                [0;39m ä¸éœ€è¦ç™»å½•éªŒè¯ï¼š/business/admin/train/gen-seat/G1
2023-10-23 21:59:52.989 INFO  c.example.train.gateway.config.LoginMemberFilter  :28   reactor-http-nio-1 [32m                [0;39m ä¸éœ€è¦ç™»å½•éªŒè¯ï¼š/business/admin/train-seat/query-list
2023-10-23 22:00:00.781 INFO  c.example.train.gateway.config.LoginMemberFilter  :28   reactor-http-nio-1 [32m                [0;39m ä¸éœ€è¦ç™»å½•éªŒè¯ï¼š/business/admin/train-carriage/query-list
2023-10-23 22:00:03.909 INFO  c.example.train.gateway.config.LoginMemberFilter  :28   reactor-http-nio-1 [32m                [0;39m ä¸éœ€è¦ç™»å½•éªŒè¯ï¼š/business/admin/train-carriage/delete/1716454355646943232
2023-10-23 22:00:03.941 INFO  c.example.train.gateway.config.LoginMemberFilter  :28   reactor-http-nio-1 [32m                [0;39m ä¸éœ€è¦ç™»å½•éªŒè¯ï¼š/business/admin/train-carriage/query-list
2023-10-23 22:00:05.496 INFO  c.example.train.gateway.config.LoginMemberFilter  :28   reactor-http-nio-1 [32m                [0;39m ä¸éœ€è¦ç™»å½•éªŒè¯ï¼š/business/admin/train-seat/query-list
2023-10-23 22:00:07.477 INFO  c.example.train.gateway.config.LoginMemberFilter  :28   reactor-http-nio-1 [32m                [0;39m ä¸éœ€è¦ç™»å½•éªŒè¯ï¼š/business/admin/train-seat/query-list
2023-10-23 22:00:10.580 INFO  c.example.train.gateway.config.LoginMemberFilter  :28   reactor-http-nio-1 [32m                [0;39m ä¸éœ€è¦ç™»å½•éªŒè¯ï¼š/business/admin/train-seat/query-list
2023-10-23 22:00:12.762 INFO  c.example.train.gateway.config.LoginMemberFilter  :28   reactor-http-nio-1 [32m                [0;39m ä¸éœ€è¦ç™»å½•éªŒè¯ï¼š/business/admin/train-carriage/query-list
2023-10-23 22:00:13.234 INFO  c.example.train.gateway.config.LoginMemberFilter  :28   reactor-http-nio-1 [32m                [0;39m ä¸éœ€è¦ç™»å½•éªŒè¯ï¼š/business/admin/train-station/query-list
2023-10-23 22:00:16.065 INFO  c.example.train.gateway.config.LoginMemberFilter  :28   reactor-http-nio-1 [32m                [0;39m ä¸éœ€è¦ç™»å½•éªŒè¯ï¼š/business/admin/train/query-list
2023-10-23 22:00:19.964 INFO  c.example.train.gateway.config.LoginMemberFilter  :28   reactor-http-nio-1 [32m                [0;39m ä¸éœ€è¦ç™»å½•éªŒè¯ï¼š/business/admin/train/gen-seat/G1
2023-10-23 22:00:21.997 INFO  c.example.train.gateway.config.LoginMemberFilter  :28   reactor-http-nio-1 [32m                [0;39m ä¸éœ€è¦ç™»å½•éªŒè¯ï¼š/business/admin/train-seat/query-list
2023-10-23 22:00:24.064 INFO  c.example.train.gateway.config.LoginMemberFilter  :28   reactor-http-nio-1 [32m                [0;39m ä¸éœ€è¦ç™»å½•éªŒè¯ï¼š/business/admin/train-seat/query-list
2023-10-23 22:00:25.975 INFO  c.example.train.gateway.config.LoginMemberFilter  :28   reactor-http-nio-1 [32m                [0;39m ä¸éœ€è¦ç™»å½•éªŒè¯ï¼š/business/admin/train-station/query-list
2023-10-23 22:00:26.531 INFO  c.example.train.gateway.config.LoginMemberFilter  :28   reactor-http-nio-1 [32m                [0;39m ä¸éœ€è¦ç™»å½•éªŒè¯ï¼š/business/admin/train/query-list
