2023-11-06 21:20:18.002 ERROR o.s.b.diagnostics.LoggingFailureAnalysisReporter  :40   restartedMain [32m                [0;39m 

***************************
APPLICATION FAILED TO START
***************************

Description:

No spring.config.import property has been defined

Action:

Add a spring.config.import=nacos: property to your configuration.
	If configuration is not required add spring.config.import=optional:nacos: instead.
	To disable this check, set spring.cloud.nacos.config.import-check.enabled=false.

2023-11-06 21:20:51.511 ERROR o.s.b.diagnostics.LoggingFailureAnalysisReporter  :40   restartedMain [32m                [0;39m 

***************************
APPLICATION FAILED TO START
***************************

Description:

No spring.config.import property has been defined

Action:

Add a spring.config.import=nacos: property to your configuration.
	If configuration is not required add spring.config.import=optional:nacos: instead.
	To disable this check, set spring.cloud.nacos.config.import-check.enabled=false.

2023-11-06 21:22:30.877 ERROR o.s.b.diagnostics.LoggingFailureAnalysisReporter  :40   restartedMain [32m                [0;39m 

***************************
APPLICATION FAILED TO START
***************************

Description:

No spring.config.import property has been defined

Action:

Add a spring.config.import=nacos: property to your configuration.
	If configuration is not required add spring.config.import=optional:nacos: instead.
	To disable this check, set spring.cloud.nacos.config.import-check.enabled=false.

2023-11-06 21:22:49.127 INFO  com.alibaba.nacos.client.env.SearchableProperties :197  restartedMain [32m                [0;39m properties search order:PROPERTIES->JVM->ENV->DEFAULT_SETTING
2023-11-06 21:22:49.129 WARN  com.alibaba.nacos.client.logging.NacosLogging     :64   restartedMain [32m                [0;39m Load Logback Configuration of Nacos fail, message: org/slf4j/impl/StaticLoggerBinder
2023-11-06 21:22:49.130 WARN  com.alibaba.nacos.client.logging.NacosLogging     :64   restartedMain [32m                [0;39m Load Logback Configuration of Nacos fail, message: org/slf4j/impl/StaticLoggerBinder
2023-11-06 21:22:49.133 INFO  org.hibernate.validator.internal.util.Version     :21   background-preinit [32m                [0;39m HV000001: Hibernate Validator 8.0.1.Final
2023-11-06 21:22:49.191 INFO  o.s.b.d.env.DevToolsPropertyDefaultsPostProcessor :250  restartedMain [32m                [0;39m Devtools property defaults active! Set 'spring.devtools.add-properties' to 'false' to disable
2023-11-06 21:22:49.342 WARN  com.alibaba.nacos.client.logging.NacosLogging     :64   restartedMain [32m                [0;39m Load Logback Configuration of Nacos fail, message: org/slf4j/impl/StaticLoggerBinder
2023-11-06 21:22:49.343 INFO  com.alibaba.nacos.client.env.SearchableProperties :197  restartedMain [32m                [0;39m properties search order:PROPERTIES->JVM->ENV->DEFAULT_SETTING
2023-11-06 21:22:49.345 INFO  com.alibaba.nacos.client.utils.ParamUtil          :87   restartedMain [32m                [0;39m [settings] [req-serv] nacos-server port:8848
2023-11-06 21:22:49.345 INFO  com.alibaba.nacos.client.utils.ParamUtil          :98   restartedMain [32m                [0;39m [settings] [http-client] connect timeout:1000
2023-11-06 21:22:49.346 INFO  com.alibaba.nacos.client.utils.ParamUtil          :105  restartedMain [32m                [0;39m PER_TASK_CONFIG_SIZE: 3000.0
2023-11-06 21:22:49.362 INFO  c.a.n.p.auth.spi.client.ClientAuthPluginManager   :56   restartedMain [32m                [0;39m [ClientAuthPluginManager] Load ClientAuthService com.alibaba.nacos.client.auth.impl.NacosClientAuthServiceImpl success.
2023-11-06 21:22:49.362 INFO  c.a.n.p.auth.spi.client.ClientAuthPluginManager   :56   restartedMain [32m                [0;39m [ClientAuthPluginManager] Load ClientAuthService com.alibaba.nacos.client.auth.ram.RamClientAuthServiceImpl success.
2023-11-06 21:22:49.364 INFO  c.a.n.client.auth.ram.identify.CredentialWatcher  :165  restartedMain [32m                [0;39m null No credential found
2023-11-06 21:22:50.568 WARN  com.alibaba.nacos.client.logging.NacosLogging     :64   restartedMain [32m                [0;39m Load Logback Configuration of Nacos fail, message: org/slf4j/impl/StaticLoggerBinder
2023-11-06 21:22:50.569 WARN  com.alibaba.nacos.client.logging.NacosLogging     :64   restartedMain [32m                [0;39m Load Logback Configuration of Nacos fail, message: org/slf4j/impl/StaticLoggerBinder
2023-11-06 21:22:50.586 INFO  c.a.n.client.config.impl.LocalConfigInfoProcessor :68   restartedMain [32m                [0;39m LOCAL_SNAPSHOT_PATH:C:\Users\17926\nacos\config
2023-11-06 21:22:50.591 INFO  com.alibaba.nacos.common.remote.client            :94   restartedMain [32m                [0;39m [RpcClientFactory] create a new rpc client of dc2035b7-765e-44eb-ad6c-e9118ca318ec_config-0
2023-11-06 21:22:50.607 INFO  com.alibaba.nacos.common.remote.client            :60   restartedMain [32m                [0;39m [dc2035b7-765e-44eb-ad6c-e9118ca318ec_config-0] Register server push request handler:com.alibaba.nacos.client.config.impl.ClientWorker$ConfigRpcTransportClient$$Lambda$591/0x0000000800f13460
2023-11-06 21:22:50.608 INFO  com.alibaba.nacos.common.remote.client            :60   restartedMain [32m                [0;39m [dc2035b7-765e-44eb-ad6c-e9118ca318ec_config-0] Register server push request handler:com.alibaba.nacos.client.config.impl.ClientWorker$ConfigRpcTransportClient$$Lambda$592/0x0000000800f13880
2023-11-06 21:22:50.609 INFO  com.alibaba.nacos.common.remote.client            :60   restartedMain [32m                [0;39m [dc2035b7-765e-44eb-ad6c-e9118ca318ec_config-0] Registry connection listener to current client:com.alibaba.nacos.client.config.impl.ClientWorker$ConfigRpcTransportClient$1
2023-11-06 21:22:50.610 INFO  com.alibaba.nacos.common.remote.client            :60   restartedMain [32m                [0;39m [dc2035b7-765e-44eb-ad6c-e9118ca318ec_config-0] RpcClient init, ServerListFactory = com.alibaba.nacos.client.config.impl.ClientWorker$ConfigRpcTransportClient$2
2023-11-06 21:22:50.618 INFO  com.alibaba.nacos.common.remote.client            :60   restartedMain [32m                [0;39m [dc2035b7-765e-44eb-ad6c-e9118ca318ec_config-0] Try to connect to server on start up, server: {serverIp = '127.0.0.1', server main port = 8848}
2023-11-06 21:22:51.460 INFO  com.alibaba.nacos.common.remote.client            :60   restartedMain [32m                [0;39m [dc2035b7-765e-44eb-ad6c-e9118ca318ec_config-0] Success to connect to server [127.0.0.1:8848] on start up, connectionId = 1699276971291_127.0.0.1_51041
2023-11-06 21:22:51.461 INFO  com.alibaba.nacos.common.remote.client            :60   com.alibaba.nacos.client.remote.worker [32m                [0;39m [dc2035b7-765e-44eb-ad6c-e9118ca318ec_config-0] Notify connected event to listeners.
2023-11-06 21:22:51.461 INFO  com.alibaba.nacos.common.remote.client            :60   restartedMain [32m                [0;39m [dc2035b7-765e-44eb-ad6c-e9118ca318ec_config-0] Register server push request handler:com.alibaba.nacos.common.remote.client.RpcClient$ConnectResetRequestHandler
2023-11-06 21:22:51.461 INFO  com.alibaba.nacos.client.config.impl.ClientWorker :638  com.alibaba.nacos.client.remote.worker [32m                [0;39m [dc2035b7-765e-44eb-ad6c-e9118ca318ec_config-0] Connected,notify listen context...
2023-11-06 21:22:51.461 INFO  com.alibaba.nacos.common.remote.client            :60   restartedMain [32m                [0;39m [dc2035b7-765e-44eb-ad6c-e9118ca318ec_config-0] Register server push request handler:com.alibaba.nacos.common.remote.client.RpcClient$$Lambda$607/0x000000080104f090
2023-11-06 21:22:51.488 INFO  com.alibaba.nacos.client.config.impl.Limiter      :62   restartedMain [32m                [0;39m limitTime:5.0
2023-11-06 21:22:51.501 WARN  c.a.cloud.nacos.client.NacosPropertySourceBuilder :87   restartedMain [32m                [0;39m Ignore the empty nacos configuration and get it based on dataId[gateway] & group[DEFAULT_GROUP]
2023-11-06 21:22:51.507 WARN  c.a.cloud.nacos.client.NacosPropertySourceBuilder :87   restartedMain [32m                [0;39m Ignore the empty nacos configuration and get it based on dataId[gateway.properties] & group[DEFAULT_GROUP]
2023-11-06 21:22:51.508 INFO  o.s.c.b.c.PropertySourceBootstrapConfiguration    :134  restartedMain [32m                [0;39m Located property source: [BootstrapPropertySource {name='bootstrapProperties-gateway.properties,DEFAULT_GROUP'}, BootstrapPropertySource {name='bootstrapProperties-gateway,DEFAULT_GROUP'}]
2023-11-06 21:22:51.513 INFO  c.example.train.gateway.config.GateWayApplication :637  restartedMain [32m                [0;39m No active profile set, falling back to 1 default profile: "default"
2023-11-06 21:22:52.055 INFO  o.springframework.cloud.context.scope.GenericScope:282  restartedMain [32m                [0;39m BeanFactory id=8459d1dc-330e-388b-ae8b-055f8b853a60
2023-11-06 21:22:53.499 INFO  org.springframework.cloud.commons.util.InetUtils  :170  restartedMain [32m                [0;39m Cannot determine local hostname
2023-11-06 21:22:54.608 INFO  org.springframework.cloud.commons.util.InetUtils  :170  restartedMain [32m                [0;39m Cannot determine local hostname
2023-11-06 21:22:54.848 INFO  o.s.c.gateway.route.RouteDefinitionRouteLocator   :89   restartedMain [32m                [0;39m Loaded RoutePredicateFactory [After]
2023-11-06 21:22:54.848 INFO  o.s.c.gateway.route.RouteDefinitionRouteLocator   :89   restartedMain [32m                [0;39m Loaded RoutePredicateFactory [Before]
2023-11-06 21:22:54.849 INFO  o.s.c.gateway.route.RouteDefinitionRouteLocator   :89   restartedMain [32m                [0;39m Loaded RoutePredicateFactory [Between]
2023-11-06 21:22:54.849 INFO  o.s.c.gateway.route.RouteDefinitionRouteLocator   :89   restartedMain [32m                [0;39m Loaded RoutePredicateFactory [Cookie]
2023-11-06 21:22:54.849 INFO  o.s.c.gateway.route.RouteDefinitionRouteLocator   :89   restartedMain [32m                [0;39m Loaded RoutePredicateFactory [Header]
2023-11-06 21:22:54.849 INFO  o.s.c.gateway.route.RouteDefinitionRouteLocator   :89   restartedMain [32m                [0;39m Loaded RoutePredicateFactory [Host]
2023-11-06 21:22:54.849 INFO  o.s.c.gateway.route.RouteDefinitionRouteLocator   :89   restartedMain [32m                [0;39m Loaded RoutePredicateFactory [Method]
2023-11-06 21:22:54.849 INFO  o.s.c.gateway.route.RouteDefinitionRouteLocator   :89   restartedMain [32m                [0;39m Loaded RoutePredicateFactory [Path]
2023-11-06 21:22:54.849 INFO  o.s.c.gateway.route.RouteDefinitionRouteLocator   :89   restartedMain [32m                [0;39m Loaded RoutePredicateFactory [Query]
2023-11-06 21:22:54.849 INFO  o.s.c.gateway.route.RouteDefinitionRouteLocator   :89   restartedMain [32m                [0;39m Loaded RoutePredicateFactory [ReadBody]
2023-11-06 21:22:54.849 INFO  o.s.c.gateway.route.RouteDefinitionRouteLocator   :89   restartedMain [32m                [0;39m Loaded RoutePredicateFactory [RemoteAddr]
2023-11-06 21:22:54.849 INFO  o.s.c.gateway.route.RouteDefinitionRouteLocator   :89   restartedMain [32m                [0;39m Loaded RoutePredicateFactory [XForwardedRemoteAddr]
2023-11-06 21:22:54.849 INFO  o.s.c.gateway.route.RouteDefinitionRouteLocator   :89   restartedMain [32m                [0;39m Loaded RoutePredicateFactory [Weight]
2023-11-06 21:22:54.849 INFO  o.s.c.gateway.route.RouteDefinitionRouteLocator   :89   restartedMain [32m                [0;39m Loaded RoutePredicateFactory [CloudFoundryRouteService]
2023-11-06 21:22:56.095 INFO  org.springframework.cloud.commons.util.InetUtils  :170  restartedMain [32m                [0;39m Cannot determine local hostname
2023-11-06 21:22:56.152 WARN  o.s.b.d.autoconfigure.OptionalLiveReloadServer    :62   restartedMain [32m                [0;39m Unable to start LiveReload server
2023-11-06 21:22:56.326 INFO  o.s.boot.web.embedded.netty.NettyWebServer        :111  restartedMain [32m                [0;39m Netty started on port 8000
2023-11-06 21:22:57.462 INFO  org.springframework.cloud.commons.util.InetUtils  :170  restartedMain [32m                [0;39m Cannot determine local hostname
2023-11-06 21:22:58.564 INFO  org.springframework.cloud.commons.util.InetUtils  :170  restartedMain [32m                [0;39m Cannot determine local hostname
2023-11-06 21:22:58.568 INFO  com.alibaba.nacos.client.env.SearchableProperties :197  restartedMain [32m                [0;39m properties search order:PROPERTIES->JVM->ENV->DEFAULT_SETTING
2023-11-06 21:22:58.568 INFO  com.alibaba.nacos.client.naming                   :61   restartedMain [32m                [0;39m initializer namespace from System Property : null
2023-11-06 21:22:58.569 INFO  com.alibaba.nacos.client.naming                   :65   restartedMain [32m                [0;39m initializer namespace from System Environment :null
2023-11-06 21:22:58.569 INFO  com.alibaba.nacos.client.naming                   :72   restartedMain [32m                [0;39m initializer namespace from System Property :train
2023-11-06 21:22:58.574 INFO  c.a.n.p.auth.spi.client.ClientAuthPluginManager   :56   restartedMain [32m                [0;39m [ClientAuthPluginManager] Load ClientAuthService com.alibaba.nacos.client.auth.impl.NacosClientAuthServiceImpl success.
2023-11-06 21:22:58.574 INFO  c.a.n.p.auth.spi.client.ClientAuthPluginManager   :56   restartedMain [32m                [0;39m [ClientAuthPluginManager] Load ClientAuthService com.alibaba.nacos.client.auth.ram.RamClientAuthServiceImpl success.
2023-11-06 21:22:58.576 INFO  com.alibaba.nacos.common.remote.client            :94   restartedMain [32m                [0;39m [RpcClientFactory] create a new rpc client of bd32b058-f8ee-471d-bcb0-039d5f886504
2023-11-06 21:22:58.577 INFO  com.alibaba.nacos.common.remote.client            :60   restartedMain [32m                [0;39m [bd32b058-f8ee-471d-bcb0-039d5f886504] RpcClient init, ServerListFactory = com.alibaba.nacos.client.naming.core.ServerListManager
2023-11-06 21:22:58.577 INFO  com.alibaba.nacos.common.remote.client            :60   restartedMain [32m                [0;39m [bd32b058-f8ee-471d-bcb0-039d5f886504] Registry connection listener to current client:com.alibaba.nacos.client.naming.remote.gprc.redo.NamingGrpcRedoService
2023-11-06 21:22:58.578 INFO  com.alibaba.nacos.common.remote.client            :60   restartedMain [32m                [0;39m [bd32b058-f8ee-471d-bcb0-039d5f886504] Register server push request handler:com.alibaba.nacos.client.naming.remote.gprc.NamingPushRequestHandler
2023-11-06 21:22:58.578 INFO  com.alibaba.nacos.common.remote.client            :60   restartedMain [32m                [0;39m [bd32b058-f8ee-471d-bcb0-039d5f886504] Try to connect to server on start up, server: {serverIp = '127.0.0.1', server main port = 8848}
2023-11-06 21:22:58.689 INFO  com.alibaba.nacos.common.remote.client            :60   restartedMain [32m                [0;39m [bd32b058-f8ee-471d-bcb0-039d5f886504] Success to connect to server [127.0.0.1:8848] on start up, connectionId = 1699276978583_127.0.0.1_51050
2023-11-06 21:22:58.689 INFO  com.alibaba.nacos.common.remote.client            :60   restartedMain [32m                [0;39m [bd32b058-f8ee-471d-bcb0-039d5f886504] Register server push request handler:com.alibaba.nacos.common.remote.client.RpcClient$ConnectResetRequestHandler
2023-11-06 21:22:58.690 INFO  com.alibaba.nacos.common.remote.client            :60   restartedMain [32m                [0;39m [bd32b058-f8ee-471d-bcb0-039d5f886504] Register server push request handler:com.alibaba.nacos.common.remote.client.RpcClient$$Lambda$607/0x000000080104f090
2023-11-06 21:22:58.690 INFO  com.alibaba.nacos.common.remote.client            :60   com.alibaba.nacos.client.remote.worker [32m                [0;39m [bd32b058-f8ee-471d-bcb0-039d5f886504] Notify connected event to listeners.
2023-11-06 21:22:58.690 INFO  com.alibaba.nacos.client.naming                   :78   com.alibaba.nacos.client.remote.worker [32m                [0;39m Grpc connection connect
2023-11-06 21:22:58.690 INFO  com.alibaba.nacos.client.naming                   :120  restartedMain [32m                [0;39m [REGISTER-SERVICE] train registering service gateway with instance Instance{instanceId='null', ip='192.168.188.1', port=8000, weight=1.0, healthy=true, enabled=true, ephemeral=true, clusterName='DEFAULT', serviceName='null', metadata={preserved.register.source=SPRING_CLOUD}}
2023-11-06 21:22:58.700 INFO  c.a.cloud.nacos.registry.NacosServiceRegistry     :76   restartedMain [32m                [0;39m nacos registry, DEFAULT_GROUP gateway 192.168.188.1:8000 register finished
2023-11-06 21:22:58.751 INFO  c.example.train.gateway.config.GateWayApplication :57   restartedMain [32m                [0;39m Started GateWayApplication in 11.085 seconds (process running for 11.892)
2023-11-06 21:22:58.755 INFO  com.alibaba.nacos.client.config.impl.CacheData    :67   restartedMain [32m                [0;39m nacos.cache.data.init.snapshot = true 
2023-11-06 21:22:58.755 INFO  com.alibaba.nacos.client.config.impl.ClientWorker :379  restartedMain [32m                [0;39m [fixed-127.0.0.1_8848] [subscribe] gateway.properties+DEFAULT_GROUP
2023-11-06 21:22:58.758 INFO  com.alibaba.nacos.client.config.impl.CacheData    :197  restartedMain [32m                [0;39m [fixed-127.0.0.1_8848] [add-listener] ok, tenant=, dataId=gateway.properties, group=DEFAULT_GROUP, cnt=1
2023-11-06 21:22:58.759 INFO  c.a.cloud.nacos.refresh.NacosContextRefresher     :129  restartedMain [32m                [0;39m [Nacos Config] Listening config: dataId=gateway.properties, group=DEFAULT_GROUP
2023-11-06 21:22:58.759 INFO  com.alibaba.nacos.client.config.impl.ClientWorker :379  restartedMain [32m                [0;39m [fixed-127.0.0.1_8848] [subscribe] gateway+DEFAULT_GROUP
2023-11-06 21:22:58.759 INFO  com.alibaba.nacos.client.config.impl.CacheData    :197  restartedMain [32m                [0;39m [fixed-127.0.0.1_8848] [add-listener] ok, tenant=, dataId=gateway, group=DEFAULT_GROUP, cnt=1
2023-11-06 21:22:58.759 INFO  c.a.cloud.nacos.refresh.NacosContextRefresher     :129  restartedMain [32m                [0;39m [Nacos Config] Listening config: dataId=gateway, group=DEFAULT_GROUP
2023-11-06 21:22:58.760 INFO  c.example.train.gateway.config.GateWayApplication :19   restartedMain [32m                [0;39m å¯åŠ¨æˆåŠŸ!!!
2023-11-06 21:22:58.760 INFO  c.example.train.gateway.config.GateWayApplication :20   restartedMain [32m                [0;39m ç½‘å…³åœ°å€:	http://127.0.0.1:8000
2023-11-06 21:23:30.612 INFO  c.example.train.gateway.config.LoginMemberFilter  :28   reactor-http-nio-2 [32m                [0;39m ä¸éœ€è¦ç™»å½•éªŒè¯ï¼š/member/hello
2023-11-06 21:24:41.273 INFO  c.example.train.gateway.config.LoginMemberFilter  :28   reactor-http-nio-2 [32m                [0;39m ä¸éœ€è¦ç™»å½•éªŒè¯ï¼š/member/hello
2023-11-06 21:25:56.666 INFO  o.s.b.d.a.LocalDevToolsAutoConfiguration$RestartingClassPathChangeChangedEventListener:211  File Watcher [32m                [0;39m Restarting due to 4 class path changes (0 additions, 4 deletions, 0 modifications)
2023-11-06 21:25:56.673 INFO  c.a.cloud.nacos.registry.NacosServiceRegistry     :95   Thread-1 [32m                [0;39m De-registering from Nacos Server now...
2023-11-06 21:25:56.673 INFO  com.alibaba.nacos.client.naming                   :216  Thread-1 [32m                [0;39m [DEREGISTER-SERVICE] train deregistering service gateway with instance: Instance{instanceId='null', ip='192.168.188.1', port=8000, weight=1.0, healthy=true, enabled=true, ephemeral=true, clusterName='DEFAULT', serviceName='null', metadata={}}
2023-11-06 21:25:56.678 INFO  c.a.cloud.nacos.registry.NacosServiceRegistry     :115  Thread-1 [32m                [0;39m De-registration finished.
2023-11-06 21:25:56.679 INFO  com.alibaba.nacos.client.naming                   :256  Thread-1 [32m                [0;39m com.alibaba.nacos.client.naming.cache.ServiceInfoHolder do shutdown begin
2023-11-06 21:25:56.679 INFO  com.alibaba.nacos.client.naming                   :133  Thread-1 [32m                [0;39m com.alibaba.nacos.client.naming.backups.FailoverReactor do shutdown begin
2023-11-06 21:25:56.679 INFO  com.alibaba.nacos.client.naming                   :135  Thread-1 [32m                [0;39m com.alibaba.nacos.client.naming.backups.FailoverReactor do shutdown stop
2023-11-06 21:25:56.679 INFO  com.alibaba.nacos.client.naming                   :258  Thread-1 [32m                [0;39m com.alibaba.nacos.client.naming.cache.ServiceInfoHolder do shutdown stop
2023-11-06 21:25:56.679 INFO  com.alibaba.nacos.client.naming                   :204  Thread-1 [32m                [0;39m com.alibaba.nacos.client.naming.remote.NamingClientProxyDelegate do shutdown begin
2023-11-06 21:25:56.679 INFO  com.alibaba.nacos.client.naming                   :143  Thread-1 [32m                [0;39m com.alibaba.nacos.client.naming.core.ServiceInfoUpdateService do shutdown begin
2023-11-06 21:25:56.679 INFO  com.alibaba.nacos.client.naming                   :145  Thread-1 [32m                [0;39m com.alibaba.nacos.client.naming.core.ServiceInfoUpdateService do shutdown stop
2023-11-06 21:25:56.679 INFO  com.alibaba.nacos.client.naming                   :194  Thread-1 [32m                [0;39m com.alibaba.nacos.client.naming.core.ServerListManager do shutdown begin
2023-11-06 21:25:56.680 WARN  com.alibaba.nacos.client.naming                   :74   Thread-1 [32m                [0;39m [NamingHttpClientManager] Start destroying NacosRestTemplate
2023-11-06 21:25:56.680 WARN  com.alibaba.nacos.client.naming                   :81   Thread-1 [32m                [0;39m [NamingHttpClientManager] Destruction of the end
2023-11-06 21:25:56.680 INFO  com.alibaba.nacos.client.naming                   :199  Thread-1 [32m                [0;39m com.alibaba.nacos.client.naming.core.ServerListManager do shutdown stop
2023-11-06 21:25:56.680 INFO  com.alibaba.nacos.client.naming                   :484  Thread-1 [32m                [0;39m com.alibaba.nacos.client.naming.remote.http.NamingHttpClientProxy do shutdown begin
2023-11-06 21:25:56.681 WARN  com.alibaba.nacos.client.naming                   :74   Thread-1 [32m                [0;39m [NamingHttpClientManager] Start destroying NacosRestTemplate
2023-11-06 21:25:56.681 WARN  com.alibaba.nacos.client.naming                   :81   Thread-1 [32m                [0;39m [NamingHttpClientManager] Destruction of the end
2023-11-06 21:25:56.681 INFO  com.alibaba.nacos.client.naming                   :486  Thread-1 [32m                [0;39m com.alibaba.nacos.client.naming.remote.http.NamingHttpClientProxy do shutdown stop
2023-11-06 21:25:56.681 INFO  com.alibaba.nacos.common.remote.client            :425  Thread-1 [32m                [0;39m Shutdown rpc client, set status to shutdown
2023-11-06 21:25:56.681 INFO  com.alibaba.nacos.common.remote.client            :427  Thread-1 [32m                [0;39m Shutdown client event executor java.util.concurrent.ScheduledThreadPoolExecutor@329aac13[Running, pool size = 2, active threads = 2, queued tasks = 0, completed tasks = 0]
2023-11-06 21:25:56.681 INFO  com.alibaba.nacos.common.remote.client            :580  Thread-1 [32m                [0;39m Close current connection 1699276978583_127.0.0.1_51050
2023-11-06 21:25:56.683 INFO  c.a.nacos.common.remote.client.grpc.GrpcClient    :60   nacos-grpc-client-executor-127.0.0.1-47 [32m                [0;39m [1699276978583_127.0.0.1_51050]Ignore complete event,isRunning:false,isAbandon=false
2023-11-06 21:25:56.686 INFO  c.a.nacos.common.remote.client.grpc.GrpcClient    :140  Thread-1 [32m                [0;39m Shutdown grpc executor java.util.concurrent.ThreadPoolExecutor@4f335de0[Running, pool size = 5, active threads = 0, queued tasks = 0, completed tasks = 48]
2023-11-06 21:25:56.686 INFO  com.alibaba.nacos.client.naming                   :292  Thread-1 [32m                [0;39m Shutdown grpc redo service executor java.util.concurrent.ScheduledThreadPoolExecutor@4ea64ebe[Running, pool size = 1, active threads = 0, queued tasks = 1, completed tasks = 59]
2023-11-06 21:25:56.687 INFO  c.a.n.client.auth.ram.identify.CredentialWatcher  :106  Thread-1 [32m                [0;39m [null] CredentialWatcher is stopped
2023-11-06 21:25:56.687 INFO  c.a.n.client.auth.ram.identify.CredentialService  :100  Thread-1 [32m                [0;39m [null] CredentialService is freed
2023-11-06 21:25:56.687 INFO  com.alibaba.nacos.client.naming                   :211  Thread-1 [32m                [0;39m com.alibaba.nacos.client.naming.remote.NamingClientProxyDelegate do shutdown stop
2023-11-06 21:25:58.022 WARN  com.alibaba.nacos.client.logging.NacosLogging     :64   restartedMain [32m                [0;39m Load Logback Configuration of Nacos fail, message: org/slf4j/impl/StaticLoggerBinder
2023-11-06 21:25:58.023 WARN  com.alibaba.nacos.client.logging.NacosLogging     :64   restartedMain [32m                [0;39m Load Logback Configuration of Nacos fail, message: org/slf4j/impl/StaticLoggerBinder
2023-11-06 21:25:59.436 WARN  com.alibaba.nacos.client.logging.NacosLogging     :64   restartedMain [32m                [0;39m Load Logback Configuration of Nacos fail, message: org/slf4j/impl/StaticLoggerBinder
2023-11-06 21:25:59.437 WARN  com.alibaba.nacos.client.logging.NacosLogging     :64   restartedMain [32m                [0;39m Load Logback Configuration of Nacos fail, message: org/slf4j/impl/StaticLoggerBinder
2023-11-06 21:25:59.446 WARN  c.a.cloud.nacos.client.NacosPropertySourceBuilder :87   restartedMain [32m                [0;39m Ignore the empty nacos configuration and get it based on dataId[gateway] & group[DEFAULT_GROUP]
2023-11-06 21:25:59.451 WARN  c.a.cloud.nacos.client.NacosPropertySourceBuilder :87   restartedMain [32m                [0;39m Ignore the empty nacos configuration and get it based on dataId[gateway.properties] & group[DEFAULT_GROUP]
2023-11-06 21:25:59.451 INFO  o.s.c.b.c.PropertySourceBootstrapConfiguration    :134  restartedMain [32m                [0;39m Located property source: [BootstrapPropertySource {name='bootstrapProperties-gateway.properties,DEFAULT_GROUP'}, BootstrapPropertySource {name='bootstrapProperties-gateway,DEFAULT_GROUP'}]
2023-11-06 21:25:59.454 INFO  c.example.train.gateway.config.GateWayApplication :637  restartedMain [32m                [0;39m No active profile set, falling back to 1 default profile: "default"
2023-11-06 21:25:59.661 INFO  c.a.n.client.auth.ram.identify.CredentialWatcher  :165  com.alibaba.nacos.client.Worker [32m                [0;39m null No credential found
2023-11-06 21:25:59.708 INFO  o.springframework.cloud.context.scope.GenericScope:282  restartedMain [32m                [0;39m BeanFactory id=0e029f88-1bb4-397a-abb6-88a8125ff0df
2023-11-06 21:26:00.963 INFO  org.springframework.cloud.commons.util.InetUtils  :170  restartedMain [32m                [0;39m Cannot determine local hostname
2023-11-06 21:26:02.188 INFO  org.springframework.cloud.commons.util.InetUtils  :170  restartedMain [32m                [0;39m Cannot determine local hostname
2023-11-06 21:26:02.308 INFO  o.s.c.gateway.route.RouteDefinitionRouteLocator   :89   restartedMain [32m                [0;39m Loaded RoutePredicateFactory [After]
2023-11-06 21:26:02.308 INFO  o.s.c.gateway.route.RouteDefinitionRouteLocator   :89   restartedMain [32m                [0;39m Loaded RoutePredicateFactory [Before]
2023-11-06 21:26:02.308 INFO  o.s.c.gateway.route.RouteDefinitionRouteLocator   :89   restartedMain [32m                [0;39m Loaded RoutePredicateFactory [Between]
2023-11-06 21:26:02.308 INFO  o.s.c.gateway.route.RouteDefinitionRouteLocator   :89   restartedMain [32m                [0;39m Loaded RoutePredicateFactory [Cookie]
2023-11-06 21:26:02.309 INFO  o.s.c.gateway.route.RouteDefinitionRouteLocator   :89   restartedMain [32m                [0;39m Loaded RoutePredicateFactory [Header]
2023-11-06 21:26:02.309 INFO  o.s.c.gateway.route.RouteDefinitionRouteLocator   :89   restartedMain [32m                [0;39m Loaded RoutePredicateFactory [Host]
2023-11-06 21:26:02.309 INFO  o.s.c.gateway.route.RouteDefinitionRouteLocator   :89   restartedMain [32m                [0;39m Loaded RoutePredicateFactory [Method]
2023-11-06 21:26:02.309 INFO  o.s.c.gateway.route.RouteDefinitionRouteLocator   :89   restartedMain [32m                [0;39m Loaded RoutePredicateFactory [Path]
2023-11-06 21:26:02.309 INFO  o.s.c.gateway.route.RouteDefinitionRouteLocator   :89   restartedMain [32m                [0;39m Loaded RoutePredicateFactory [Query]
2023-11-06 21:26:02.310 INFO  o.s.c.gateway.route.RouteDefinitionRouteLocator   :89   restartedMain [32m                [0;39m Loaded RoutePredicateFactory [ReadBody]
2023-11-06 21:26:02.310 INFO  o.s.c.gateway.route.RouteDefinitionRouteLocator   :89   restartedMain [32m                [0;39m Loaded RoutePredicateFactory [RemoteAddr]
2023-11-06 21:26:02.310 INFO  o.s.c.gateway.route.RouteDefinitionRouteLocator   :89   restartedMain [32m                [0;39m Loaded RoutePredicateFactory [XForwardedRemoteAddr]
2023-11-06 21:26:02.310 INFO  o.s.c.gateway.route.RouteDefinitionRouteLocator   :89   restartedMain [32m                [0;39m Loaded RoutePredicateFactory [Weight]
2023-11-06 21:26:02.310 INFO  o.s.c.gateway.route.RouteDefinitionRouteLocator   :89   restartedMain [32m                [0;39m Loaded RoutePredicateFactory [CloudFoundryRouteService]
2023-11-06 21:26:03.630 INFO  org.springframework.cloud.commons.util.InetUtils  :170  restartedMain [32m                [0;39m Cannot determine local hostname
2023-11-06 21:26:03.663 WARN  o.s.b.d.autoconfigure.OptionalLiveReloadServer    :62   restartedMain [32m                [0;39m Unable to start LiveReload server
2023-11-06 21:26:03.703 INFO  o.s.boot.web.embedded.netty.NettyWebServer        :111  restartedMain [32m                [0;39m Netty started on port 8000
2023-11-06 21:26:04.880 INFO  org.springframework.cloud.commons.util.InetUtils  :170  restartedMain [32m                [0;39m Cannot determine local hostname
2023-11-06 21:26:06.148 INFO  org.springframework.cloud.commons.util.InetUtils  :170  restartedMain [32m                [0;39m Cannot determine local hostname
2023-11-06 21:26:06.149 INFO  com.alibaba.nacos.client.env.SearchableProperties :197  restartedMain [32m                [0;39m properties search order:PROPERTIES->JVM->ENV->DEFAULT_SETTING
2023-11-06 21:26:06.151 INFO  com.alibaba.nacos.client.naming                   :61   restartedMain [32m                [0;39m initializer namespace from System Property : null
2023-11-06 21:26:06.153 INFO  com.alibaba.nacos.client.naming                   :65   restartedMain [32m                [0;39m initializer namespace from System Environment :null
2023-11-06 21:26:06.155 INFO  com.alibaba.nacos.client.naming                   :72   restartedMain [32m                [0;39m initializer namespace from System Property :train
2023-11-06 21:26:06.157 INFO  c.a.n.p.auth.spi.client.ClientAuthPluginManager   :56   restartedMain [32m                [0;39m [ClientAuthPluginManager] Load ClientAuthService com.alibaba.nacos.client.auth.impl.NacosClientAuthServiceImpl success.
2023-11-06 21:26:06.157 INFO  c.a.n.p.auth.spi.client.ClientAuthPluginManager   :56   restartedMain [32m                [0;39m [ClientAuthPluginManager] Load ClientAuthService com.alibaba.nacos.client.auth.ram.RamClientAuthServiceImpl success.
2023-11-06 21:26:06.158 INFO  com.alibaba.nacos.common.remote.client            :94   restartedMain [32m                [0;39m [RpcClientFactory] create a new rpc client of 82f120e0-0e8e-4280-b51b-6ba77bc0fa80
2023-11-06 21:26:06.160 INFO  com.alibaba.nacos.common.remote.client            :60   restartedMain [32m                [0;39m [82f120e0-0e8e-4280-b51b-6ba77bc0fa80] RpcClient init, ServerListFactory = com.alibaba.nacos.client.naming.core.ServerListManager
2023-11-06 21:26:06.160 INFO  com.alibaba.nacos.common.remote.client            :60   restartedMain [32m                [0;39m [82f120e0-0e8e-4280-b51b-6ba77bc0fa80] Registry connection listener to current client:com.alibaba.nacos.client.naming.remote.gprc.redo.NamingGrpcRedoService
2023-11-06 21:26:06.161 INFO  com.alibaba.nacos.common.remote.client            :60   restartedMain [32m                [0;39m [82f120e0-0e8e-4280-b51b-6ba77bc0fa80] Register server push request handler:com.alibaba.nacos.client.naming.remote.gprc.NamingPushRequestHandler
2023-11-06 21:26:06.165 INFO  com.alibaba.nacos.common.remote.client            :60   restartedMain [32m                [0;39m [82f120e0-0e8e-4280-b51b-6ba77bc0fa80] Try to connect to server on start up, server: {serverIp = '127.0.0.1', server main port = 8848}
2023-11-06 21:26:06.301 INFO  com.alibaba.nacos.common.remote.client            :60   restartedMain [32m                [0;39m [82f120e0-0e8e-4280-b51b-6ba77bc0fa80] Success to connect to server [127.0.0.1:8848] on start up, connectionId = 1699277166177_127.0.0.1_51890
2023-11-06 21:26:06.302 INFO  com.alibaba.nacos.common.remote.client            :60   restartedMain [32m                [0;39m [82f120e0-0e8e-4280-b51b-6ba77bc0fa80] Register server push request handler:com.alibaba.nacos.common.remote.client.RpcClient$ConnectResetRequestHandler
2023-11-06 21:26:06.302 INFO  com.alibaba.nacos.common.remote.client            :60   com.alibaba.nacos.client.remote.worker [32m                [0;39m [82f120e0-0e8e-4280-b51b-6ba77bc0fa80] Notify connected event to listeners.
2023-11-06 21:26:06.302 INFO  com.alibaba.nacos.client.naming                   :78   com.alibaba.nacos.client.remote.worker [32m                [0;39m Grpc connection connect
2023-11-06 21:26:06.302 INFO  com.alibaba.nacos.common.remote.client            :60   restartedMain [32m                [0;39m [82f120e0-0e8e-4280-b51b-6ba77bc0fa80] Register server push request handler:com.alibaba.nacos.common.remote.client.RpcClient$$Lambda$607/0x000000080104f090
2023-11-06 21:26:06.302 INFO  com.alibaba.nacos.client.naming                   :120  restartedMain [32m                [0;39m [REGISTER-SERVICE] train registering service gateway with instance Instance{instanceId='null', ip='192.168.188.1', port=8000, weight=1.0, healthy=true, enabled=true, ephemeral=true, clusterName='DEFAULT', serviceName='null', metadata={preserved.register.source=SPRING_CLOUD}}
2023-11-06 21:26:06.318 INFO  c.a.cloud.nacos.registry.NacosServiceRegistry     :76   restartedMain [32m                [0;39m nacos registry, DEFAULT_GROUP gateway 192.168.188.1:8000 register finished
2023-11-06 21:26:06.349 INFO  c.example.train.gateway.config.GateWayApplication :57   restartedMain [32m                [0;39m Started GateWayApplication in 9.599 seconds (process running for 199.489)
2023-11-06 21:26:06.358 INFO  com.alibaba.nacos.client.config.impl.CacheData    :197  restartedMain [32m                [0;39m [fixed-127.0.0.1_8848] [add-listener] ok, tenant=, dataId=gateway.properties, group=DEFAULT_GROUP, cnt=2
2023-11-06 21:26:06.359 INFO  c.a.cloud.nacos.refresh.NacosContextRefresher     :129  restartedMain [32m                [0;39m [Nacos Config] Listening config: dataId=gateway.properties, group=DEFAULT_GROUP
2023-11-06 21:26:06.363 INFO  com.alibaba.nacos.client.config.impl.CacheData    :197  restartedMain [32m                [0;39m [fixed-127.0.0.1_8848] [add-listener] ok, tenant=, dataId=gateway, group=DEFAULT_GROUP, cnt=2
2023-11-06 21:26:06.364 INFO  c.a.cloud.nacos.refresh.NacosContextRefresher     :129  restartedMain [32m                [0;39m [Nacos Config] Listening config: dataId=gateway, group=DEFAULT_GROUP
2023-11-06 21:26:06.366 INFO  o.s.b.d.a.ConditionEvaluationDeltaLoggingListener :63   restartedMain [32m                [0;39m Condition evaluation unchanged
2023-11-06 21:26:06.367 INFO  c.example.train.gateway.config.GateWayApplication :19   restartedMain [32m                [0;39m å¯åŠ¨æˆåŠŸ!!!
2023-11-06 21:26:06.368 INFO  c.example.train.gateway.config.GateWayApplication :20   restartedMain [32m                [0;39m ç½‘å…³åœ°å€:	http://127.0.0.1:8000
2023-11-06 21:26:15.690 INFO  o.s.b.d.a.LocalDevToolsAutoConfiguration$RestartingClassPathChangeChangedEventListener:211  File Watcher [32m                [0;39m Restarting due to 4 class path changes (4 additions, 0 deletions, 0 modifications)
2023-11-06 21:26:15.692 INFO  c.a.cloud.nacos.registry.NacosServiceRegistry     :95   Thread-30 [32m                [0;39m De-registering from Nacos Server now...
2023-11-06 21:26:15.692 INFO  com.alibaba.nacos.client.naming                   :216  Thread-30 [32m                [0;39m [DEREGISTER-SERVICE] train deregistering service gateway with instance: Instance{instanceId='null', ip='192.168.188.1', port=8000, weight=1.0, healthy=true, enabled=true, ephemeral=true, clusterName='DEFAULT', serviceName='null', metadata={}}
2023-11-06 21:26:15.696 INFO  c.a.cloud.nacos.registry.NacosServiceRegistry     :115  Thread-30 [32m                [0;39m De-registration finished.
2023-11-06 21:26:15.696 INFO  com.alibaba.nacos.client.naming                   :256  Thread-30 [32m                [0;39m com.alibaba.nacos.client.naming.cache.ServiceInfoHolder do shutdown begin
2023-11-06 21:26:15.696 INFO  com.alibaba.nacos.client.naming                   :133  Thread-30 [32m                [0;39m com.alibaba.nacos.client.naming.backups.FailoverReactor do shutdown begin
2023-11-06 21:26:16.015 INFO  com.alibaba.nacos.client.naming                   :135  Thread-30 [32m                [0;39m com.alibaba.nacos.client.naming.backups.FailoverReactor do shutdown stop
2023-11-06 21:26:16.016 INFO  com.alibaba.nacos.client.naming                   :258  Thread-30 [32m                [0;39m com.alibaba.nacos.client.naming.cache.ServiceInfoHolder do shutdown stop
2023-11-06 21:26:16.016 INFO  com.alibaba.nacos.client.naming                   :204  Thread-30 [32m                [0;39m com.alibaba.nacos.client.naming.remote.NamingClientProxyDelegate do shutdown begin
2023-11-06 21:26:16.016 INFO  com.alibaba.nacos.client.naming                   :143  Thread-30 [32m                [0;39m com.alibaba.nacos.client.naming.core.ServiceInfoUpdateService do shutdown begin
2023-11-06 21:26:16.016 INFO  com.alibaba.nacos.client.naming                   :145  Thread-30 [32m                [0;39m com.alibaba.nacos.client.naming.core.ServiceInfoUpdateService do shutdown stop
2023-11-06 21:26:16.016 INFO  com.alibaba.nacos.client.naming                   :194  Thread-30 [32m                [0;39m com.alibaba.nacos.client.naming.core.ServerListManager do shutdown begin
2023-11-06 21:26:16.017 WARN  com.alibaba.nacos.client.naming                   :74   Thread-30 [32m                [0;39m [NamingHttpClientManager] Start destroying NacosRestTemplate
2023-11-06 21:26:16.017 WARN  com.alibaba.nacos.client.naming                   :81   Thread-30 [32m                [0;39m [NamingHttpClientManager] Destruction of the end
2023-11-06 21:26:16.017 INFO  com.alibaba.nacos.client.naming                   :199  Thread-30 [32m                [0;39m com.alibaba.nacos.client.naming.core.ServerListManager do shutdown stop
2023-11-06 21:26:16.017 INFO  com.alibaba.nacos.client.naming                   :484  Thread-30 [32m                [0;39m com.alibaba.nacos.client.naming.remote.http.NamingHttpClientProxy do shutdown begin
2023-11-06 21:26:16.017 WARN  com.alibaba.nacos.client.naming                   :74   Thread-30 [32m                [0;39m [NamingHttpClientManager] Start destroying NacosRestTemplate
2023-11-06 21:26:16.017 WARN  com.alibaba.nacos.client.naming                   :81   Thread-30 [32m                [0;39m [NamingHttpClientManager] Destruction of the end
2023-11-06 21:26:16.017 INFO  com.alibaba.nacos.client.naming                   :486  Thread-30 [32m                [0;39m com.alibaba.nacos.client.naming.remote.http.NamingHttpClientProxy do shutdown stop
2023-11-06 21:26:16.017 INFO  com.alibaba.nacos.common.remote.client            :425  Thread-30 [32m                [0;39m Shutdown rpc client, set status to shutdown
2023-11-06 21:26:16.018 INFO  com.alibaba.nacos.common.remote.client            :427  Thread-30 [32m                [0;39m Shutdown client event executor java.util.concurrent.ScheduledThreadPoolExecutor@65250419[Running, pool size = 2, active threads = 2, queued tasks = 0, completed tasks = 0]
2023-11-06 21:26:16.018 INFO  com.alibaba.nacos.common.remote.client            :580  Thread-30 [32m                [0;39m Close current connection 1699277166177_127.0.0.1_51890
2023-11-06 21:26:16.018 INFO  c.a.nacos.common.remote.client.grpc.GrpcClient    :140  Thread-30 [32m                [0;39m Shutdown grpc executor java.util.concurrent.ThreadPoolExecutor@611a9c65[Running, pool size = 5, active threads = 0, queued tasks = 0, completed tasks = 5]
2023-11-06 21:26:16.019 INFO  com.alibaba.nacos.client.naming                   :292  Thread-30 [32m                [0;39m Shutdown grpc redo service executor java.util.concurrent.ScheduledThreadPoolExecutor@24180e22[Running, pool size = 1, active threads = 0, queued tasks = 1, completed tasks = 3]
2023-11-06 21:26:16.019 INFO  c.a.n.client.auth.ram.identify.CredentialWatcher  :106  Thread-30 [32m                [0;39m [null] CredentialWatcher is stopped
2023-11-06 21:26:16.019 INFO  c.a.n.client.auth.ram.identify.CredentialService  :100  Thread-30 [32m                [0;39m [null] CredentialService is freed
2023-11-06 21:26:16.021 INFO  c.a.n.shaded.io.grpc.internal.AbstractClientStream:391  grpc-nio-worker-ELG-1-6 [32m                [0;39m Received trailers on closed stream:
 Metadata(content-type=application/grpc)
 {2}
2023-11-06 21:26:16.021 INFO  com.alibaba.nacos.client.naming                   :211  Thread-30 [32m                [0;39m com.alibaba.nacos.client.naming.remote.NamingClientProxyDelegate do shutdown stop
2023-11-06 21:26:17.280 WARN  com.alibaba.nacos.client.logging.NacosLogging     :64   restartedMain [32m                [0;39m Load Logback Configuration of Nacos fail, message: org/slf4j/impl/StaticLoggerBinder
2023-11-06 21:26:17.281 WARN  com.alibaba.nacos.client.logging.NacosLogging     :64   restartedMain [32m                [0;39m Load Logback Configuration of Nacos fail, message: org/slf4j/impl/StaticLoggerBinder
2023-11-06 21:26:18.445 WARN  com.alibaba.nacos.client.logging.NacosLogging     :64   restartedMain [32m                [0;39m Load Logback Configuration of Nacos fail, message: org/slf4j/impl/StaticLoggerBinder
2023-11-06 21:26:18.445 WARN  com.alibaba.nacos.client.logging.NacosLogging     :64   restartedMain [32m                [0;39m Load Logback Configuration of Nacos fail, message: org/slf4j/impl/StaticLoggerBinder
2023-11-06 21:26:18.450 WARN  c.a.cloud.nacos.client.NacosPropertySourceBuilder :87   restartedMain [32m                [0;39m Ignore the empty nacos configuration and get it based on dataId[gateway] & group[DEFAULT_GROUP]
2023-11-06 21:26:18.456 WARN  c.a.cloud.nacos.client.NacosPropertySourceBuilder :87   restartedMain [32m                [0;39m Ignore the empty nacos configuration and get it based on dataId[gateway.properties] & group[DEFAULT_GROUP]
2023-11-06 21:26:18.457 INFO  o.s.c.b.c.PropertySourceBootstrapConfiguration    :134  restartedMain [32m                [0;39m Located property source: [BootstrapPropertySource {name='bootstrapProperties-gateway.properties,DEFAULT_GROUP'}, BootstrapPropertySource {name='bootstrapProperties-gateway,DEFAULT_GROUP'}]
2023-11-06 21:26:18.459 INFO  c.example.train.gateway.config.GateWayApplication :637  restartedMain [32m                [0;39m No active profile set, falling back to 1 default profile: "default"
2023-11-06 21:26:18.603 INFO  o.springframework.cloud.context.scope.GenericScope:282  restartedMain [32m                [0;39m BeanFactory id=8459d1dc-330e-388b-ae8b-055f8b853a60
2023-11-06 21:26:19.725 INFO  c.a.n.client.auth.ram.identify.CredentialWatcher  :165  com.alibaba.nacos.client.Worker [32m                [0;39m null No credential found
2023-11-06 21:26:19.754 INFO  org.springframework.cloud.commons.util.InetUtils  :170  restartedMain [32m                [0;39m Cannot determine local hostname
2023-11-06 21:26:20.976 INFO  org.springframework.cloud.commons.util.InetUtils  :170  restartedMain [32m                [0;39m Cannot determine local hostname
2023-11-06 21:26:21.078 INFO  o.s.c.gateway.route.RouteDefinitionRouteLocator   :89   restartedMain [32m                [0;39m Loaded RoutePredicateFactory [After]
2023-11-06 21:26:21.078 INFO  o.s.c.gateway.route.RouteDefinitionRouteLocator   :89   restartedMain [32m                [0;39m Loaded RoutePredicateFactory [Before]
2023-11-06 21:26:21.078 INFO  o.s.c.gateway.route.RouteDefinitionRouteLocator   :89   restartedMain [32m                [0;39m Loaded RoutePredicateFactory [Between]
2023-11-06 21:26:21.078 INFO  o.s.c.gateway.route.RouteDefinitionRouteLocator   :89   restartedMain [32m                [0;39m Loaded RoutePredicateFactory [Cookie]
2023-11-06 21:26:21.078 INFO  o.s.c.gateway.route.RouteDefinitionRouteLocator   :89   restartedMain [32m                [0;39m Loaded RoutePredicateFactory [Header]
2023-11-06 21:26:21.079 INFO  o.s.c.gateway.route.RouteDefinitionRouteLocator   :89   restartedMain [32m                [0;39m Loaded RoutePredicateFactory [Host]
2023-11-06 21:26:21.079 INFO  o.s.c.gateway.route.RouteDefinitionRouteLocator   :89   restartedMain [32m                [0;39m Loaded RoutePredicateFactory [Method]
2023-11-06 21:26:21.079 INFO  o.s.c.gateway.route.RouteDefinitionRouteLocator   :89   restartedMain [32m                [0;39m Loaded RoutePredicateFactory [Path]
2023-11-06 21:26:21.079 INFO  o.s.c.gateway.route.RouteDefinitionRouteLocator   :89   restartedMain [32m                [0;39m Loaded RoutePredicateFactory [Query]
2023-11-06 21:26:21.079 INFO  o.s.c.gateway.route.RouteDefinitionRouteLocator   :89   restartedMain [32m                [0;39m Loaded RoutePredicateFactory [ReadBody]
2023-11-06 21:26:21.079 INFO  o.s.c.gateway.route.RouteDefinitionRouteLocator   :89   restartedMain [32m                [0;39m Loaded RoutePredicateFactory [RemoteAddr]
2023-11-06 21:26:21.079 INFO  o.s.c.gateway.route.RouteDefinitionRouteLocator   :89   restartedMain [32m                [0;39m Loaded RoutePredicateFactory [XForwardedRemoteAddr]
2023-11-06 21:26:21.079 INFO  o.s.c.gateway.route.RouteDefinitionRouteLocator   :89   restartedMain [32m                [0;39m Loaded RoutePredicateFactory [Weight]
2023-11-06 21:26:21.079 INFO  o.s.c.gateway.route.RouteDefinitionRouteLocator   :89   restartedMain [32m                [0;39m Loaded RoutePredicateFactory [CloudFoundryRouteService]
2023-11-06 21:26:22.355 INFO  org.springframework.cloud.commons.util.InetUtils  :170  restartedMain [32m                [0;39m Cannot determine local hostname
2023-11-06 21:26:22.371 WARN  o.s.b.d.autoconfigure.OptionalLiveReloadServer    :62   restartedMain [32m                [0;39m Unable to start LiveReload server
2023-11-06 21:26:22.406 INFO  o.s.boot.web.embedded.netty.NettyWebServer        :111  restartedMain [32m                [0;39m Netty started on port 8000
2023-11-06 21:26:23.510 INFO  c.example.train.gateway.config.LoginMemberFilter  :28   reactor-http-nio-2 [32m                [0;39m ä¸éœ€è¦ç™»å½•éªŒè¯ï¼š/member/hello
2023-11-06 21:26:23.556 INFO  org.springframework.cloud.commons.util.InetUtils  :170  restartedMain [32m                [0;39m Cannot determine local hostname
2023-11-06 21:26:24.707 INFO  org.springframework.cloud.commons.util.InetUtils  :170  restartedMain [32m                [0;39m Cannot determine local hostname
2023-11-06 21:26:24.708 INFO  com.alibaba.nacos.client.env.SearchableProperties :197  restartedMain [32m                [0;39m properties search order:PROPERTIES->JVM->ENV->DEFAULT_SETTING
2023-11-06 21:26:24.708 INFO  com.alibaba.nacos.client.naming                   :61   restartedMain [32m                [0;39m initializer namespace from System Property : null
2023-11-06 21:26:24.708 INFO  com.alibaba.nacos.client.naming                   :65   restartedMain [32m                [0;39m initializer namespace from System Environment :null
2023-11-06 21:26:24.708 INFO  com.alibaba.nacos.client.naming                   :72   restartedMain [32m                [0;39m initializer namespace from System Property :train
2023-11-06 21:26:24.708 INFO  c.a.n.p.auth.spi.client.ClientAuthPluginManager   :56   restartedMain [32m                [0;39m [ClientAuthPluginManager] Load ClientAuthService com.alibaba.nacos.client.auth.impl.NacosClientAuthServiceImpl success.
2023-11-06 21:26:24.708 INFO  c.a.n.p.auth.spi.client.ClientAuthPluginManager   :56   restartedMain [32m                [0;39m [ClientAuthPluginManager] Load ClientAuthService com.alibaba.nacos.client.auth.ram.RamClientAuthServiceImpl success.
2023-11-06 21:26:24.709 INFO  com.alibaba.nacos.common.remote.client            :94   restartedMain [32m                [0;39m [RpcClientFactory] create a new rpc client of e94425aa-ad1b-4f20-8d3c-9e6968afa6df
2023-11-06 21:26:24.709 INFO  com.alibaba.nacos.common.remote.client            :60   restartedMain [32m                [0;39m [e94425aa-ad1b-4f20-8d3c-9e6968afa6df] RpcClient init, ServerListFactory = com.alibaba.nacos.client.naming.core.ServerListManager
2023-11-06 21:26:24.710 INFO  com.alibaba.nacos.common.remote.client            :60   restartedMain [32m                [0;39m [e94425aa-ad1b-4f20-8d3c-9e6968afa6df] Registry connection listener to current client:com.alibaba.nacos.client.naming.remote.gprc.redo.NamingGrpcRedoService
2023-11-06 21:26:24.710 INFO  com.alibaba.nacos.common.remote.client            :60   restartedMain [32m                [0;39m [e94425aa-ad1b-4f20-8d3c-9e6968afa6df] Register server push request handler:com.alibaba.nacos.client.naming.remote.gprc.NamingPushRequestHandler
2023-11-06 21:26:24.712 INFO  com.alibaba.nacos.common.remote.client            :60   restartedMain [32m                [0;39m [e94425aa-ad1b-4f20-8d3c-9e6968afa6df] Try to connect to server on start up, server: {serverIp = '127.0.0.1', server main port = 8848}
2023-11-06 21:26:24.831 INFO  com.alibaba.nacos.common.remote.client            :60   restartedMain [32m                [0;39m [e94425aa-ad1b-4f20-8d3c-9e6968afa6df] Success to connect to server [127.0.0.1:8848] on start up, connectionId = 1699277184725_127.0.0.1_51914
2023-11-06 21:26:24.831 INFO  com.alibaba.nacos.common.remote.client            :60   restartedMain [32m                [0;39m [e94425aa-ad1b-4f20-8d3c-9e6968afa6df] Register server push request handler:com.alibaba.nacos.common.remote.client.RpcClient$ConnectResetRequestHandler
2023-11-06 21:26:24.832 INFO  com.alibaba.nacos.common.remote.client            :60   com.alibaba.nacos.client.remote.worker [32m                [0;39m [e94425aa-ad1b-4f20-8d3c-9e6968afa6df] Notify connected event to listeners.
2023-11-06 21:26:24.832 INFO  com.alibaba.nacos.common.remote.client            :60   restartedMain [32m                [0;39m [e94425aa-ad1b-4f20-8d3c-9e6968afa6df] Register server push request handler:com.alibaba.nacos.common.remote.client.RpcClient$$Lambda$607/0x000000080104f090
2023-11-06 21:26:24.832 INFO  com.alibaba.nacos.client.naming                   :78   com.alibaba.nacos.client.remote.worker [32m                [0;39m Grpc connection connect
2023-11-06 21:26:24.832 INFO  com.alibaba.nacos.client.naming                   :120  restartedMain [32m                [0;39m [REGISTER-SERVICE] train registering service gateway with instance Instance{instanceId='null', ip='192.168.188.1', port=8000, weight=1.0, healthy=true, enabled=true, ephemeral=true, clusterName='DEFAULT', serviceName='null', metadata={preserved.register.source=SPRING_CLOUD}}
2023-11-06 21:26:24.840 INFO  c.a.cloud.nacos.registry.NacosServiceRegistry     :76   restartedMain [32m                [0;39m nacos registry, DEFAULT_GROUP gateway 192.168.188.1:8000 register finished
2023-11-06 21:26:24.857 INFO  c.example.train.gateway.config.GateWayApplication :57   restartedMain [32m                [0;39m Started GateWayApplication in 8.762 seconds (process running for 217.997)
2023-11-06 21:26:24.859 INFO  com.alibaba.nacos.client.config.impl.CacheData    :197  restartedMain [32m                [0;39m [fixed-127.0.0.1_8848] [add-listener] ok, tenant=, dataId=gateway.properties, group=DEFAULT_GROUP, cnt=3
2023-11-06 21:26:24.859 INFO  c.a.cloud.nacos.refresh.NacosContextRefresher     :129  restartedMain [32m                [0;39m [Nacos Config] Listening config: dataId=gateway.properties, group=DEFAULT_GROUP
2023-11-06 21:26:24.859 INFO  com.alibaba.nacos.client.config.impl.CacheData    :197  restartedMain [32m                [0;39m [fixed-127.0.0.1_8848] [add-listener] ok, tenant=, dataId=gateway, group=DEFAULT_GROUP, cnt=3
2023-11-06 21:26:24.859 INFO  c.a.cloud.nacos.refresh.NacosContextRefresher     :129  restartedMain [32m                [0;39m [Nacos Config] Listening config: dataId=gateway, group=DEFAULT_GROUP
2023-11-06 21:26:24.860 INFO  o.s.b.d.a.ConditionEvaluationDeltaLoggingListener :63   restartedMain [32m                [0;39m Condition evaluation unchanged
2023-11-06 21:26:24.864 INFO  c.example.train.gateway.config.GateWayApplication :19   restartedMain [32m                [0;39m å¯åŠ¨æˆåŠŸ!!!
2023-11-06 21:26:24.865 INFO  c.example.train.gateway.config.GateWayApplication :20   restartedMain [32m                [0;39m ç½‘å…³åœ°å€:	http://127.0.0.1:8000
2023-11-06 21:26:35.679 INFO  com.alibaba.nacos.client.env.SearchableProperties :197  restartedMain [32m                [0;39m properties search order:PROPERTIES->JVM->ENV->DEFAULT_SETTING
2023-11-06 21:26:35.682 WARN  com.alibaba.nacos.client.logging.NacosLogging     :64   restartedMain [32m                [0;39m Load Logback Configuration of Nacos fail, message: org/slf4j/impl/StaticLoggerBinder
2023-11-06 21:26:35.683 WARN  com.alibaba.nacos.client.logging.NacosLogging     :64   restartedMain [32m                [0;39m Load Logback Configuration of Nacos fail, message: org/slf4j/impl/StaticLoggerBinder
2023-11-06 21:26:35.688 INFO  org.hibernate.validator.internal.util.Version     :21   background-preinit [32m                [0;39m HV000001: Hibernate Validator 8.0.1.Final
2023-11-06 21:26:35.743 INFO  o.s.b.d.env.DevToolsPropertyDefaultsPostProcessor :250  restartedMain [32m                [0;39m Devtools property defaults active! Set 'spring.devtools.add-properties' to 'false' to disable
2023-11-06 21:26:35.892 WARN  com.alibaba.nacos.client.logging.NacosLogging     :64   restartedMain [32m                [0;39m Load Logback Configuration of Nacos fail, message: org/slf4j/impl/StaticLoggerBinder
2023-11-06 21:26:35.892 INFO  com.alibaba.nacos.client.env.SearchableProperties :197  restartedMain [32m                [0;39m properties search order:PROPERTIES->JVM->ENV->DEFAULT_SETTING
2023-11-06 21:26:35.893 INFO  com.alibaba.nacos.client.utils.ParamUtil          :87   restartedMain [32m                [0;39m [settings] [req-serv] nacos-server port:8848
2023-11-06 21:26:35.894 INFO  com.alibaba.nacos.client.utils.ParamUtil          :98   restartedMain [32m                [0;39m [settings] [http-client] connect timeout:1000
2023-11-06 21:26:35.894 INFO  com.alibaba.nacos.client.utils.ParamUtil          :105  restartedMain [32m                [0;39m PER_TASK_CONFIG_SIZE: 3000.0
2023-11-06 21:26:35.910 INFO  c.a.n.p.auth.spi.client.ClientAuthPluginManager   :56   restartedMain [32m                [0;39m [ClientAuthPluginManager] Load ClientAuthService com.alibaba.nacos.client.auth.impl.NacosClientAuthServiceImpl success.
2023-11-06 21:26:35.910 INFO  c.a.n.p.auth.spi.client.ClientAuthPluginManager   :56   restartedMain [32m                [0;39m [ClientAuthPluginManager] Load ClientAuthService com.alibaba.nacos.client.auth.ram.RamClientAuthServiceImpl success.
2023-11-06 21:26:35.913 INFO  c.a.n.client.auth.ram.identify.CredentialWatcher  :165  restartedMain [32m                [0;39m null No credential found
2023-11-06 21:26:37.131 WARN  com.alibaba.nacos.client.logging.NacosLogging     :64   restartedMain [32m                [0;39m Load Logback Configuration of Nacos fail, message: org/slf4j/impl/StaticLoggerBinder
2023-11-06 21:26:37.131 WARN  com.alibaba.nacos.client.logging.NacosLogging     :64   restartedMain [32m                [0;39m Load Logback Configuration of Nacos fail, message: org/slf4j/impl/StaticLoggerBinder
2023-11-06 21:26:37.145 INFO  c.a.n.client.config.impl.LocalConfigInfoProcessor :68   restartedMain [32m                [0;39m LOCAL_SNAPSHOT_PATH:C:\Users\17926\nacos\config
2023-11-06 21:26:37.148 INFO  com.alibaba.nacos.common.remote.client            :94   restartedMain [32m                [0;39m [RpcClientFactory] create a new rpc client of 02f7acea-8c62-4f51-90cf-6b9681e1111a_config-0
2023-11-06 21:26:37.163 INFO  com.alibaba.nacos.common.remote.client            :60   restartedMain [32m                [0;39m [02f7acea-8c62-4f51-90cf-6b9681e1111a_config-0] Register server push request handler:com.alibaba.nacos.client.config.impl.ClientWorker$ConfigRpcTransportClient$$Lambda$591/0x0000000800f13658
2023-11-06 21:26:37.164 INFO  com.alibaba.nacos.common.remote.client            :60   restartedMain [32m                [0;39m [02f7acea-8c62-4f51-90cf-6b9681e1111a_config-0] Register server push request handler:com.alibaba.nacos.client.config.impl.ClientWorker$ConfigRpcTransportClient$$Lambda$592/0x0000000800f13a78
2023-11-06 21:26:37.165 INFO  com.alibaba.nacos.common.remote.client            :60   restartedMain [32m                [0;39m [02f7acea-8c62-4f51-90cf-6b9681e1111a_config-0] Registry connection listener to current client:com.alibaba.nacos.client.config.impl.ClientWorker$ConfigRpcTransportClient$1
2023-11-06 21:26:37.165 INFO  com.alibaba.nacos.common.remote.client            :60   restartedMain [32m                [0;39m [02f7acea-8c62-4f51-90cf-6b9681e1111a_config-0] RpcClient init, ServerListFactory = com.alibaba.nacos.client.config.impl.ClientWorker$ConfigRpcTransportClient$2
2023-11-06 21:26:37.176 INFO  com.alibaba.nacos.common.remote.client            :60   restartedMain [32m                [0;39m [02f7acea-8c62-4f51-90cf-6b9681e1111a_config-0] Try to connect to server on start up, server: {serverIp = '127.0.0.1', server main port = 8848}
2023-11-06 21:26:38.033 INFO  com.alibaba.nacos.common.remote.client            :60   restartedMain [32m                [0;39m [02f7acea-8c62-4f51-90cf-6b9681e1111a_config-0] Success to connect to server [127.0.0.1:8848] on start up, connectionId = 1699277197856_127.0.0.1_51948
2023-11-06 21:26:38.033 INFO  com.alibaba.nacos.common.remote.client            :60   com.alibaba.nacos.client.remote.worker [32m                [0;39m [02f7acea-8c62-4f51-90cf-6b9681e1111a_config-0] Notify connected event to listeners.
2023-11-06 21:26:38.033 INFO  com.alibaba.nacos.common.remote.client            :60   restartedMain [32m                [0;39m [02f7acea-8c62-4f51-90cf-6b9681e1111a_config-0] Register server push request handler:com.alibaba.nacos.common.remote.client.RpcClient$ConnectResetRequestHandler
2023-11-06 21:26:38.034 INFO  com.alibaba.nacos.client.config.impl.ClientWorker :638  com.alibaba.nacos.client.remote.worker [32m                [0;39m [02f7acea-8c62-4f51-90cf-6b9681e1111a_config-0] Connected,notify listen context...
2023-11-06 21:26:38.034 INFO  com.alibaba.nacos.common.remote.client            :60   restartedMain [32m                [0;39m [02f7acea-8c62-4f51-90cf-6b9681e1111a_config-0] Register server push request handler:com.alibaba.nacos.common.remote.client.RpcClient$$Lambda$607/0x000000080104e148
2023-11-06 21:26:38.070 INFO  com.alibaba.nacos.client.config.impl.Limiter      :62   restartedMain [32m                [0;39m limitTime:5.0
2023-11-06 21:26:38.088 WARN  c.a.cloud.nacos.client.NacosPropertySourceBuilder :87   restartedMain [32m                [0;39m Ignore the empty nacos configuration and get it based on dataId[gateway] & group[DEFAULT_GROUP]
2023-11-06 21:26:38.095 WARN  c.a.cloud.nacos.client.NacosPropertySourceBuilder :87   restartedMain [32m                [0;39m Ignore the empty nacos configuration and get it based on dataId[gateway.properties] & group[DEFAULT_GROUP]
2023-11-06 21:26:38.095 INFO  o.s.c.b.c.PropertySourceBootstrapConfiguration    :134  restartedMain [32m                [0;39m Located property source: [BootstrapPropertySource {name='bootstrapProperties-gateway.properties,DEFAULT_GROUP'}, BootstrapPropertySource {name='bootstrapProperties-gateway,DEFAULT_GROUP'}]
2023-11-06 21:26:38.103 INFO  c.example.train.gateway.config.GateWayApplication :637  restartedMain [32m                [0;39m No active profile set, falling back to 1 default profile: "default"
2023-11-06 21:26:38.622 INFO  o.springframework.cloud.context.scope.GenericScope:282  restartedMain [32m                [0;39m BeanFactory id=921c3988-6070-3ad5-bcfd-5fed98e074d1
2023-11-06 21:26:38.651 INFO  o.s.c.s.PostProcessorRegistrationDelegate$BeanPostProcessorChecker:409  restartedMain [32m                [0;39m Bean 'org.springframework.cloud.client.loadbalancer.reactive.LoadBalancerBeanPostProcessorAutoConfiguration' of type [org.springframework.cloud.client.loadbalancer.reactive.LoadBalancerBeanPostProcessorAutoConfiguration] is not eligible for getting processed by all BeanPostProcessors (for example: not eligible for auto-proxying)
2023-11-06 21:26:38.655 INFO  o.s.c.s.PostProcessorRegistrationDelegate$BeanPostProcessorChecker:409  restartedMain [32m                [0;39m Bean 'org.springframework.cloud.client.loadbalancer.reactive.LoadBalancerBeanPostProcessorAutoConfiguration$ReactorDeferringLoadBalancerFilterConfig' of type [org.springframework.cloud.client.loadbalancer.reactive.LoadBalancerBeanPostProcessorAutoConfiguration$ReactorDeferringLoadBalancerFilterConfig] is not eligible for getting processed by all BeanPostProcessors (for example: not eligible for auto-proxying)
2023-11-06 21:26:38.659 INFO  o.s.c.s.PostProcessorRegistrationDelegate$BeanPostProcessorChecker:409  restartedMain [32m                [0;39m Bean 'reactorDeferringLoadBalancerExchangeFilterFunction' of type [org.springframework.cloud.client.loadbalancer.reactive.DeferringLoadBalancerExchangeFilterFunction] is not eligible for getting processed by all BeanPostProcessors (for example: not eligible for auto-proxying)
2023-11-06 21:26:39.971 INFO  org.springframework.cloud.commons.util.InetUtils  :170  restartedMain [32m                [0;39m Cannot determine local hostname
2023-11-06 21:26:41.088 INFO  org.springframework.cloud.commons.util.InetUtils  :170  restartedMain [32m                [0;39m Cannot determine local hostname
2023-11-06 21:26:41.313 INFO  o.s.c.gateway.route.RouteDefinitionRouteLocator   :89   restartedMain [32m                [0;39m Loaded RoutePredicateFactory [After]
2023-11-06 21:26:41.314 INFO  o.s.c.gateway.route.RouteDefinitionRouteLocator   :89   restartedMain [32m                [0;39m Loaded RoutePredicateFactory [Before]
2023-11-06 21:26:41.314 INFO  o.s.c.gateway.route.RouteDefinitionRouteLocator   :89   restartedMain [32m                [0;39m Loaded RoutePredicateFactory [Between]
2023-11-06 21:26:41.314 INFO  o.s.c.gateway.route.RouteDefinitionRouteLocator   :89   restartedMain [32m                [0;39m Loaded RoutePredicateFactory [Cookie]
2023-11-06 21:26:41.314 INFO  o.s.c.gateway.route.RouteDefinitionRouteLocator   :89   restartedMain [32m                [0;39m Loaded RoutePredicateFactory [Header]
2023-11-06 21:26:41.314 INFO  o.s.c.gateway.route.RouteDefinitionRouteLocator   :89   restartedMain [32m                [0;39m Loaded RoutePredicateFactory [Host]
2023-11-06 21:26:41.315 INFO  o.s.c.gateway.route.RouteDefinitionRouteLocator   :89   restartedMain [32m                [0;39m Loaded RoutePredicateFactory [Method]
2023-11-06 21:26:41.315 INFO  o.s.c.gateway.route.RouteDefinitionRouteLocator   :89   restartedMain [32m                [0;39m Loaded RoutePredicateFactory [Path]
2023-11-06 21:26:41.315 INFO  o.s.c.gateway.route.RouteDefinitionRouteLocator   :89   restartedMain [32m                [0;39m Loaded RoutePredicateFactory [Query]
2023-11-06 21:26:41.315 INFO  o.s.c.gateway.route.RouteDefinitionRouteLocator   :89   restartedMain [32m                [0;39m Loaded RoutePredicateFactory [ReadBody]
2023-11-06 21:26:41.315 INFO  o.s.c.gateway.route.RouteDefinitionRouteLocator   :89   restartedMain [32m                [0;39m Loaded RoutePredicateFactory [RemoteAddr]
2023-11-06 21:26:41.315 INFO  o.s.c.gateway.route.RouteDefinitionRouteLocator   :89   restartedMain [32m                [0;39m Loaded RoutePredicateFactory [XForwardedRemoteAddr]
2023-11-06 21:26:41.315 INFO  o.s.c.gateway.route.RouteDefinitionRouteLocator   :89   restartedMain [32m                [0;39m Loaded RoutePredicateFactory [Weight]
2023-11-06 21:26:41.315 INFO  o.s.c.gateway.route.RouteDefinitionRouteLocator   :89   restartedMain [32m                [0;39m Loaded RoutePredicateFactory [CloudFoundryRouteService]
2023-11-06 21:26:42.534 INFO  org.springframework.cloud.commons.util.InetUtils  :170  restartedMain [32m                [0;39m Cannot determine local hostname
2023-11-06 21:26:42.616 WARN  o.s.b.d.autoconfigure.OptionalLiveReloadServer    :62   restartedMain [32m                [0;39m Unable to start LiveReload server
2023-11-06 21:26:42.644 WARN  o.s.c.l.c.LoadBalancerCacheAutoConfiguration$LoadBalancerCaffeineWarnLogger:94   restartedMain [32m                [0;39m Spring Cloud LoadBalancer is currently working with the default cache. While this cache implementation is useful for development and tests, it's recommended to use Caffeine cache in production.You can switch to using Caffeine cache, by adding it and org.springframework.cache.caffeine.CaffeineCacheManager to the classpath.
2023-11-06 21:26:42.901 INFO  o.s.boot.web.embedded.netty.NettyWebServer        :111  restartedMain [32m                [0;39m Netty started on port 8000
2023-11-06 21:26:44.093 INFO  org.springframework.cloud.commons.util.InetUtils  :170  restartedMain [32m                [0;39m Cannot determine local hostname
2023-11-06 21:26:45.250 INFO  org.springframework.cloud.commons.util.InetUtils  :170  restartedMain [32m                [0;39m Cannot determine local hostname
2023-11-06 21:26:45.252 INFO  com.alibaba.nacos.client.env.SearchableProperties :197  restartedMain [32m                [0;39m properties search order:PROPERTIES->JVM->ENV->DEFAULT_SETTING
2023-11-06 21:26:45.253 INFO  com.alibaba.nacos.client.naming                   :61   restartedMain [32m                [0;39m initializer namespace from System Property : null
2023-11-06 21:26:45.253 INFO  com.alibaba.nacos.client.naming                   :65   restartedMain [32m                [0;39m initializer namespace from System Environment :null
2023-11-06 21:26:45.254 INFO  com.alibaba.nacos.client.naming                   :72   restartedMain [32m                [0;39m initializer namespace from System Property :train
2023-11-06 21:26:45.259 INFO  c.a.n.p.auth.spi.client.ClientAuthPluginManager   :56   restartedMain [32m                [0;39m [ClientAuthPluginManager] Load ClientAuthService com.alibaba.nacos.client.auth.impl.NacosClientAuthServiceImpl success.
2023-11-06 21:26:45.259 INFO  c.a.n.p.auth.spi.client.ClientAuthPluginManager   :56   restartedMain [32m                [0;39m [ClientAuthPluginManager] Load ClientAuthService com.alibaba.nacos.client.auth.ram.RamClientAuthServiceImpl success.
2023-11-06 21:26:45.264 INFO  com.alibaba.nacos.common.remote.client            :94   restartedMain [32m                [0;39m [RpcClientFactory] create a new rpc client of fa290ce1-fc84-47e5-ab09-fadd7c57e072
2023-11-06 21:26:45.266 INFO  com.alibaba.nacos.common.remote.client            :60   restartedMain [32m                [0;39m [fa290ce1-fc84-47e5-ab09-fadd7c57e072] RpcClient init, ServerListFactory = com.alibaba.nacos.client.naming.core.ServerListManager
2023-11-06 21:26:45.266 INFO  com.alibaba.nacos.common.remote.client            :60   restartedMain [32m                [0;39m [fa290ce1-fc84-47e5-ab09-fadd7c57e072] Registry connection listener to current client:com.alibaba.nacos.client.naming.remote.gprc.redo.NamingGrpcRedoService
2023-11-06 21:26:45.267 INFO  com.alibaba.nacos.common.remote.client            :60   restartedMain [32m                [0;39m [fa290ce1-fc84-47e5-ab09-fadd7c57e072] Register server push request handler:com.alibaba.nacos.client.naming.remote.gprc.NamingPushRequestHandler
2023-11-06 21:26:45.267 INFO  com.alibaba.nacos.common.remote.client            :60   restartedMain [32m                [0;39m [fa290ce1-fc84-47e5-ab09-fadd7c57e072] Try to connect to server on start up, server: {serverIp = '127.0.0.1', server main port = 8848}
2023-11-06 21:26:45.389 INFO  com.alibaba.nacos.common.remote.client            :60   restartedMain [32m                [0;39m [fa290ce1-fc84-47e5-ab09-fadd7c57e072] Success to connect to server [127.0.0.1:8848] on start up, connectionId = 1699277205271_127.0.0.1_51972
2023-11-06 21:26:45.395 INFO  com.alibaba.nacos.common.remote.client            :60   com.alibaba.nacos.client.remote.worker [32m                [0;39m [fa290ce1-fc84-47e5-ab09-fadd7c57e072] Notify connected event to listeners.
2023-11-06 21:26:45.395 INFO  com.alibaba.nacos.common.remote.client            :60   restartedMain [32m                [0;39m [fa290ce1-fc84-47e5-ab09-fadd7c57e072] Register server push request handler:com.alibaba.nacos.common.remote.client.RpcClient$ConnectResetRequestHandler
2023-11-06 21:26:45.396 INFO  com.alibaba.nacos.client.naming                   :78   com.alibaba.nacos.client.remote.worker [32m                [0;39m Grpc connection connect
2023-11-06 21:26:45.396 INFO  com.alibaba.nacos.common.remote.client            :60   restartedMain [32m                [0;39m [fa290ce1-fc84-47e5-ab09-fadd7c57e072] Register server push request handler:com.alibaba.nacos.common.remote.client.RpcClient$$Lambda$607/0x000000080104e148
2023-11-06 21:26:45.403 INFO  com.alibaba.nacos.client.naming                   :120  restartedMain [32m                [0;39m [REGISTER-SERVICE] train registering service gateway with instance Instance{instanceId='null', ip='192.168.188.1', port=8000, weight=1.0, healthy=true, enabled=true, ephemeral=true, clusterName='DEFAULT', serviceName='null', metadata={preserved.register.source=SPRING_CLOUD}}
2023-11-06 21:26:45.439 INFO  c.a.cloud.nacos.registry.NacosServiceRegistry     :76   restartedMain [32m                [0;39m nacos registry, DEFAULT_GROUP gateway 192.168.188.1:8000 register finished
2023-11-06 21:26:45.488 INFO  c.example.train.gateway.config.GateWayApplication :57   restartedMain [32m                [0;39m Started GateWayApplication in 11.377 seconds (process running for 12.291)
2023-11-06 21:26:45.491 INFO  com.alibaba.nacos.client.config.impl.CacheData    :67   restartedMain [32m                [0;39m nacos.cache.data.init.snapshot = true 
2023-11-06 21:26:45.492 INFO  com.alibaba.nacos.client.config.impl.ClientWorker :379  restartedMain [32m                [0;39m [fixed-127.0.0.1_8848] [subscribe] gateway.properties+DEFAULT_GROUP
2023-11-06 21:26:45.499 INFO  com.alibaba.nacos.client.config.impl.CacheData    :197  restartedMain [32m                [0;39m [fixed-127.0.0.1_8848] [add-listener] ok, tenant=, dataId=gateway.properties, group=DEFAULT_GROUP, cnt=1
2023-11-06 21:26:45.499 INFO  c.a.cloud.nacos.refresh.NacosContextRefresher     :129  restartedMain [32m                [0;39m [Nacos Config] Listening config: dataId=gateway.properties, group=DEFAULT_GROUP
2023-11-06 21:26:45.499 INFO  com.alibaba.nacos.client.config.impl.ClientWorker :379  restartedMain [32m                [0;39m [fixed-127.0.0.1_8848] [subscribe] gateway+DEFAULT_GROUP
2023-11-06 21:26:45.500 INFO  com.alibaba.nacos.client.config.impl.CacheData    :197  restartedMain [32m                [0;39m [fixed-127.0.0.1_8848] [add-listener] ok, tenant=, dataId=gateway, group=DEFAULT_GROUP, cnt=1
2023-11-06 21:26:45.500 INFO  c.a.cloud.nacos.refresh.NacosContextRefresher     :129  restartedMain [32m                [0;39m [Nacos Config] Listening config: dataId=gateway, group=DEFAULT_GROUP
2023-11-06 21:26:45.501 INFO  c.example.train.gateway.config.GateWayApplication :19   restartedMain [32m                [0;39m å¯åŠ¨æˆåŠŸ!!!
2023-11-06 21:26:45.502 INFO  c.example.train.gateway.config.GateWayApplication :20   restartedMain [32m                [0;39m ç½‘å…³åœ°å€:	http://127.0.0.1:8000
